{
  "stats": {
    "suites": 7,
    "tests": 232,
    "passes": 229,
    "pending": 0,
    "failures": 3,
    "start": "2026-06-11T16:46:21.820Z",
    "end": "2026-06-11T17:16:11.665Z",
    "duration": 1789845,
    "testsRegistered": 232,
    "passPercent": 98.70689655172413,
    "pendingPercent": 0,
    "other": 0,
    "hasOther": false,
    "skipped": 0,
    "hasSkipped": false
  },
  "results": [
    {
      "uuid": "9a7d1f61-5c83-4471-a077-7e9388997d1f",
      "title": "",
      "fullFile": "",
      "file": "",
      "beforeHooks": [
        {
          "title": "\"before all\" hook in \"{root}\"",
          "fullTitle": "\"before all\" hook in \"{root}\"",
          "timedOut": false,
          "duration": 2134,
          "state": null,
          "speed": null,
          "pass": false,
          "fail": false,
          "pending": false,
          "context": null,
          "code": "this.timeout(120000);\nsharedNegAppId = await freshFkApp(null);\nconsole.log(`[OS-2251] sharedNegAppId: ${sharedNegAppId}`);",
          "err": {},
          "uuid": "65bc83ae-dd8a-4317-9452-5fd21c4e3812",
          "parentUUID": "9a7d1f61-5c83-4471-a077-7e9388997d1f",
          "isHook": true,
          "skipped": false
        }
      ],
      "afterHooks": [],
      "tests": [],
      "suites": [
        {
          "uuid": "3c7022ab-ae27-4822-90bc-f34fc7c22663",
          "title": "[OS-2251] Additional Details — Section A: Happy Path",
          "fullFile": "/Users/anirudhpenumaka/pl-api-automation/Embedded/test/Flipkart_OS-2251.spec.js",
          "file": "/test/Flipkart_OS-2251.spec.js",
          "beforeHooks": [],
          "afterHooks": [],
          "tests": [
            {
              "title": "P-01: Full baseline — all 10 fields verified in OMNI_1 + OMNI_HC",
              "fullTitle": "[OS-2251] Additional Details — Section A: Happy Path P-01: Full baseline — all 10 fields verified in OMNI_1 + OMNI_HC",
              "timedOut": false,
              "duration": 75592,
              "state": "passed",
              "speed": "slow",
              "pass": true,
              "fail": false,
              "pending": false,
              "context": "[\n  {\n    \"title\": \"App Creation Response\",\n    \"value\": {\n      \"status\": \"success\",\n      \"statusCode\": 200,\n      \"response\": {\n        \"application_id\": \"4865836911871071A\"\n      }\n    }\n  },\n  {\n    \"title\": \"Additional Details Request\",\n    \"value\": {\n      \"company_name\": \"Flipkart\",\n      \"is_pre_qualified\": true,\n      \"partner_score\": \"wew\",\n      \"additional_partner_data\": {\n        \"affluence_score\": \"H\",\n        \"cremo_bucket\": \"5\",\n        \"emi_bucket\": \"3\",\n        \"account_age\": \"250\",\n        \"add_age\": \"12\",\n        \"add_numericals\": \"10\",\n        \"add_char\": \"120\",\n        \"freq_delivered_pincode\": \"560001\",\n        \"recent_pincode\": \"560034\",\n        \"fk_bnpl_emi\": \"1\",\n        \"add_type_home\": \"1\",\n        \"add_type_work\": \"0\",\n        \"add_type_others\": \"0\",\n        \"add_is_default_shipping_contact_flag\": \"true\",\n        \"add_lat\": \"12.9716\",\n        \"add_long\": \"77.5946\",\n        \"add_order_share_24m\": \"80.5\",\n        \"add_gmv_share_24m\": \"75.2\",\n        \"pcd_order_share_24m\": \"82.4\",\n        \"pcd_gmv_share_24m\": \"88.1\",\n        \"add_month_since_last_delivery_date\": \"1\",\n        \"add_month_since_first_delivery_date\": \"24\",\n        \"add_orders_count_24m\": \"50\",\n        \"add_uniq_addresses_cnt_24m\": \"3\",\n        \"add_gmv_value_24m\": \"45000\",\n        \"pcd_age\": \"18\",\n        \"pcd_month_since_last_delivery_date\": \"2\",\n        \"pcd_month_since_first_delivery_date\": \"36\",\n        \"pcd_orders_count_24m\": \"60\",\n        \"pcd_uniq_pincode_address_cnt_24m\": \"4\",\n        \"pcd_uniq_addresses_pincode_cnt_ever\": \"7\",\n        \"pcd_gmv_value_24m\": \"60000\",\n        \"max_cart_value\": \"15000\"\n      }\n    }\n  },\n  {\n    \"title\": \"Additional Details Response\",\n    \"value\": {\n      \"response\": {\n        \"status\": \"success\",\n        \"statusCode\": 200,\n        \"message\": \"Additional Details Added\"\n      },\n      \"validation\": {\n        \"expected_status\": 200,\n        \"actual_status\": 200,\n        \"result\": \"✓ PASS\"\n      }\n    }\n  },\n  {\n    \"title\": \"underwriting_vendor_transaction_log — OMNI_HC (PowerCurve response)\",\n    \"value\": {\n      \"raw_input\": {\n        \"DV-Product\": {\n          \"Product\": [\n            {\n              \"ProductID\": \"PL\",\n              \"ProductType\": \"PL\",\n              \"TenureMonths\": 0,\n              \"AppliedAmount\": 0\n            }\n          ]\n        },\n        \"DV-Applicant\": {\n          \"Applicant\": [\n            {\n              \"Spare\": {\n                \"Flag01\": \"N\",\n                \"Flag04\": \"Y\",\n                \"String05\": \"0.02\",\n                \"String06\": \"FT:Y;AZ:Y;WA:Y;\",\n                \"Decimal01\": 28923.13,\n                \"Decimal02\": 0,\n                \"Decimal03\": 14,\n                \"Decimal04\": 1,\n                \"Integer10\": 1\n              },\n              \"Gender\": \"1\",\n              \"Address\": [\n                {\n                  \"City\": \"Dummy\",\n                  \"State\": \"29\",\n                  \"Pincode\": \"560066\",\n                  \"AddressType\": \"R\",\n                  \"AddressLine1\": \"Dummy\",\n                  \"AddressCategory\": \"C\"\n                }\n              ],\n              \"LastName\": \"Dummy\",\n              \"FirstName\": \"Dummy\",\n              \"Employment\": [\n                {\n                  \"GrossIncome\": 40000,\n                  \"TakeHomeSalary\": 40000,\n                  \"EmploymentStatus\": \"S\"\n                }\n              ],\n              \"DateOfBirth\": \"19960709\",\n              \"ApplicantType\": \"Primary\",\n              \"Identification\": [\n                {\n                  \"IdentificationType\": \"PAN\",\n                  \"IdentificationNumber\": \"ABCDE1234F\"\n                }\n              ],\n              \"ApplicantCategory\": \"Individual\"\n            }\n          ]\n        },\n        \"DV-Application\": {\n          \"Spare\": {\n            \"Flag04\": \"AR_2\",\n            \"Flag05\": \"PREBANK\",\n            \"String01\": \"OMNI_PRE\",\n            \"String02\": \"PLDSA_May25_V1\",\n            \"String03\": \"6047827079771068P\",\n            \"String04\": \"PL_EMBEDDED\",\n            \"String05\": \"CIBIL\",\n            \"String07\": \"AR_2\",\n            \"String08\": \"KTB\",\n            \"String11\": \"PL_EMBEDDED_PARTNER\",\n            \"Decimal05\": 0,\n            \"Integer02\": 0,\n            \"Integer10\": 1\n          },\n          \"ServiceID\": \"NewApp\",\n          \"ClientReferenceID\": \"4865836911871071A\"\n        },\n        \"WorkingStorageSpare\": {\n          \"Applicant\": [\n            {\n              \"Flag03\": \"1\",\n              \"Flag04\": 0,\n              \"Flag05\": \"false\",\n              \"String08\": \";;;;;;\",\n              \"String09\": \";;;;;;;;;\",\n              \"String11\": \"NA\"\n            }\n          ],\n          \"Application\": {\n            \"Flag03\": \"0\",\n            \"Flag04\": \"1\",\n            \"String03\": \";;\",\n            \"String05\": \"\",\n            \"String06\": \"0.0896\",\n            \"String07\": \"0.0957\",\n            \"String08\": \"0.0023\",\n            \"String12\": \"3\",\n            \"String13\": \"5\",\n            \"String14\": \"H\",\n            \"String16\": \"\",\n            \"String19\": \"560034\",\n            \"Integer01\": 0,\n            \"Integer05\": 250,\n            \"Integer06\": 12,\n            \"Integer07\": 10,\n            \"Integer08\": 120,\n            \"Integer09\": 560001\n          }\n        },\n        \"WorkingStorage-CIBILBureau\": {\n          \"Applicant\": [\n            {\n              \"IQ\": [\n                {\n                  \"SegmentTag\": \"I001\",\n                  \"DateEnquiry\": \"20240408\",\n                  \"EnquiryAmount\": 50000,\n                  \"EnquiryPurpose\": 5\n                },\n                {\n                  \"SegmentTag\": \"I002\",\n                  \"DateEnquiry\": \"20240312\",\n                  \"EnquiryAmount\": 102000,\n                  \"EnquiryPurpose\": 1\n                },\n                {\n                  \"SegmentTag\": \"I003\",\n                  \"DateEnquiry\": \"20230705\",\n                  \"EnquiryAmount\": 10000,\n                  \"EnquiryPurpose\": 10\n                }\n              ],\n              \"SC\": [\n                {\n                  \"Score\": 747\n                }\n              ],\n              \"TL\": [\n                {\n                  \"DateOpened\": \"20240316\",\n                  \"SegmentTag\": \"T001\",\n                  \"AccountType\": 13,\n                  \"CurrentBalance\": 34780,\n                  \"DateLastPayment\": \"20250915\",\n                  \"MemberShortName\": \"NOT DISCLOSED\",\n                  \"PaymentHistory1\": \"000000000000000000000XXX014XXX000000000000000000000000\",\n                  \"PaymentHistory2\": \"000\",\n                  \"OwnershipIndicator\": 1,\n                  \"HighCreditSanctioned\": 102000,\n                  \"DateReportedCertified\": \"20250915\",\n                  \"PaymentHistoryEndDate\": \"20240301\",\n                  \"PaymentHistoryStartDate\": \"20250901\"\n                },\n                {\n                  \"DateClosed\": \"20250224\",\n                  \"DateOpened\": \"20230706\",\n                  \"SegmentTag\": \"T002\",\n                  \"AccountType\": 10,\n                  \"CreditLimit\": 10000,\n                  \"CurrentBalance\": 0,\n                  \"MemberShortName\": \"NOT DISCLOSED\",\n                  \"PaymentHistory1\": \"000000000000000000000000000000000000000000000000000000\",\n                  \"PaymentHistory2\": \"000000\",\n                  \"OwnershipIndicator\": 1,\n                  \"DateReportedCertified\": \"20250228\",\n                  \"PaymentHistoryEndDate\": \"20230701\",\n                  \"PaymentHistoryStartDate\": \"20250201\"\n                }\n              ],\n              \"TUEF\": {\n                \"DateProcessed\": \"20260605\"\n              }\n            }\n          ]\n        }\n      },\n      \"raw_output\": {\n        \"data\": {\n          \"DV-Product\": {\n            \"Product\": [\n              {\n                \"ProductID\": \"PL\",\n                \"ProductType\": \"PL\",\n                \"TenureMonths\": 0,\n                \"AppliedAmount\": 0,\n                \"ProductCategory\": \"U\"\n              }\n            ]\n          },\n          \"DV-Applicant\": {\n            \"Applicant\": [\n              {\n                \"Spare\": {\n                  \"Flag01\": \"N\",\n                  \"Flag02\": \"N\",\n                  \"Flag04\": \"Y\",\n                  \"Flag05\": \"N\",\n                  \"String02\": \"-99\",\n                  \"String05\": \"0.02\",\n                  \"String06\": \"FT:Y;AZ:Y;WA:Y;\",\n                  \"String13\": \"\",\n                  \"String14\": \"0\",\n                  \"Decimal01\": 28923.13,\n                  \"Decimal02\": 0,\n                  \"Decimal03\": 14,\n                  \"Decimal04\": 1,\n                  \"Decimal07\": 0,\n                  \"Decimal08\": 0,\n                  \"Decimal09\": 0,\n                  \"Decimal10\": 0,\n                  \"Integer08\": 950000,\n                  \"Integer10\": 1\n                },\n                \"Gender\": \"1\",\n                \"Address\": [\n                  {\n                    \"City\": \"Dummy\",\n                    \"State\": \"29\",\n                    \"Pincode\": \"560066\",\n                    \"AddressType\": \"R\",\n                    \"AddressLine1\": \"Dummy\",\n                    \"AddressCategory\": \"C\"\n                  },\n                  {}\n                ],\n                \"LastName\": \"Dummy\",\n                \"FirstName\": \"Dummy\",\n                \"DateOfBirth\": \"19960709\",\n                \"ApplicantType\": \"Primary\",\n                \"Identification\": [\n                  {\n                    \"IdentificationType\": \"PAN\",\n                    \"IdentificationNumber\": \"ABCDE1234F\"\n                  },\n                  {},\n                  {},\n                  {},\n                  {}\n                ],\n                \"ApplicantCategory\": \"Individual\",\n                \"NumberOfAddresses\": 1,\n                \"ApplicantIdentifier\": \"1\",\n                \"NumberOfIdentificationDetails\": 0\n              },\n              {\n                \"Spare\": {},\n                \"Address\": [\n                  {},\n                  {}\n                ],\n                \"Identification\": [\n                  {},\n                  {},\n                  {},\n                  {},\n                  {}\n                ]\n              },\n              {\n                \"Spare\": {},\n                \"Address\": [\n                  {},\n                  {}\n                ],\n                \"Identification\": [\n                  {},\n                  {},\n                  {},\n                  {},\n                  {}\n                ]\n              },\n              {\n                \"Spare\": {},\n                \"Address\": [\n                  {},\n                  {}\n                ],\n                \"Identification\": [\n                  {},\n                  {},\n                  {},\n                  {},\n                  {}\n                ]\n              }\n            ]\n          },\n          \"DV-Application\": {\n            \"Spare\": {\n              \"Flag02\": \"N\",\n              \"Flag04\": \"AR_2\",\n              \"Flag05\": \"PREBANK\",\n              \"String01\": \"OMNI_PRE\",\n              \"String02\": \"PLDSA_May25_V1\",\n              \"String03\": \"6047827079771068P\",\n              \"String04\": \"PL_EMBEDDED\",\n              \"String05\": \"CIBIL\",\n              \"String07\": \"AR_2\",\n              \"String08\": \"KTB\",\n              \"String10\": \"L0;L1;L2\",\n              \"String11\": \"PL_EMBEDDED_PARTNER\",\n              \"String13\": \"70\",\n              \"String15\": \"UNDER RESULT OF P1 RESULT TRANSFER\",\n              \"Decimal05\": 0,\n              \"Decimal06\": 0,\n              \"Decimal08\": 0,\n              \"Integer02\": 0,\n              \"Integer05\": 747,\n              \"Integer10\": 1\n            },\n            \"ErrorCount\": 0,\n            \"ApplicationID\": \"000000136048651\",\n            \"ErrorMessages\": [\n              {},\n              {},\n              {},\n              {},\n              {},\n              {},\n              {},\n              {},\n              {},\n              {},\n              {},\n              {},\n              {},\n              {},\n              {},\n              {},\n              {},\n              {},\n              {},\n              {}\n            ],\n            \"IncompleteFlag\": \"N\",\n            \"SystemDecision\": \"Approve\",\n            \"IncompleteCount\": 0,\n            \"ApplicationStatus\": \"APPROVED\",\n            \"IncompleteMessages\": [\n              {},\n              {},\n              {},\n              {},\n              {},\n              {},\n              {},\n              {},\n              {},\n              {}\n            ]\n          },\n          \"DV-CreditReport\": {\n            \"Applicant\": [\n              {\n                \"CreditReport\": [\n                  {\n                    \"Spare\": {\n                      \"Flag02\": \"S6\",\n                      \"Flag03\": \"Y\",\n                      \"String01\": \"AR_2\",\n                      \"String02\": \"AR_2\",\n                      \"String03\": \"KTB\",\n                      \"String06\": \"12;18;24;36;48;\",\n                      \"String09\": \"OMNI_PRE\",\n                      \"String10\": \"CONGRATULATION, YOU HAVE CLEARED ALL THE POLICY CHECKS \",\n                      \"String11\": \"CUSTOMER IS APPROVED AND CLEAR ALL THE POLICY CHECKS \",\n                      \"String12\": \"SUCCESS\",\n                      \"String15\": \"48;\",\n                      \"Integer02\": 747\n                    },\n                    \"Max_Sanc_Amt\": \"800000.00\",\n                    \"Worst_Prod_Holding\": \"N\",\n                    \"Best_Product_Holding\": \"21\"\n                  }\n                ]\n              }\n            ]\n          },\n          \"WorkingStorageSpare\": {\n            \"Applicant\": [\n              {\n                \"Decimal01\": 2,\n                \"Integer02\": 99\n              },\n              {},\n              {},\n              {}\n            ],\n            \"Application\": {\n              \"Flag01\": \"0\",\n              \"Flag04\": \"1\",\n              \"String01\": \"0.01\",\n              \"Integer02\": 0\n            }\n          },\n          \"DV-DecisioningResults\": {\n            \"Applicant\": [\n              {\n                \"Result\": {\n                  \"Merged\": {\n                    \"DecisionCategory\": \"Approve\",\n                    \"ReasonCodeDescription\": [\n                      \"Fallback Approve\",\n                      \"\",\n                      \"\",\n                      \"\",\n                      \"\",\n                      \"\",\n                      \"\",\n                      \"\",\n                      \"\",\n                      \"\",\n                      \"\",\n                      \"\",\n                      \"\",\n                      \"\",\n                      \"\",\n                      \"\",\n                      \"\",\n                      \"\",\n                      \"\",\n                      \"\"\n                    ],\n                    \"SortedReasonCodeTable\": [\n                      \"FBA999\",\n                      \"\",\n                      \"\",\n                      \"\",\n                      \"\",\n                      \"\",\n                      \"\",\n                      \"\",\n                      \"\",\n                      \"\",\n                      \"\",\n                      \"\",\n                      \"\",\n                      \"\",\n                      \"\",\n                      \"\",\n                      \"\",\n                      \"\",\n                      \"\",\n                      \"\"\n                    ]\n                  },\n                  \"Derivations\": {\n                    \"Age\": 29,\n                    \"Spare\": {}\n                  }\n                }\n              }\n            ],\n            \"Application\": {\n              \"Merged\": {\n                \"Policy Rules - Decision Setter Typical Results\": {\n                  \"DecisionCategory\": \"Approve\",\n                  \"ReasonCodeDescription\": [\n                    \"\",\n                    null,\n                    null,\n                    null,\n                    null,\n                    null,\n                    null,\n                    null,\n                    null,\n                    null,\n                    null,\n                    null,\n                    null,\n                    null,\n                    null,\n                    null,\n                    null,\n                    null,\n                    null,\n                    null\n                  ],\n                  \"SortedReasonCodeTable\": [\n                    \"\",\n                    \"\",\n                    \"\",\n                    \"\",\n                    \"\",\n                    \"\",\n                    \"\",\n                    \"\",\n                    \"\",\n                    \"\",\n                    \"\",\n                    \"\",\n                    \"\",\n                    \"\",\n                    \"\",\n                    \"\",\n                    \"\",\n                    \"\",\n                    \"\",\n                    \"\"\n                  ]\n                }\n              },\n              \"Overall\": {\n                \"Policy Rules - Decision Setter Typical Results\": {\n                  \"DecisionCategory\": \"Approve\",\n                  \"ReasonCodeDescription\": [\n                    \"Fallback Approve\",\n                    \"\",\n                    \"\",\n                    \"\",\n                    \"\",\n                    \"\",\n                    \"\",\n                    \"\",\n                    \"\",\n                    \"\",\n                    \"\",\n                    \"\",\n                    \"\",\n                    \"\",\n                    \"\",\n                    \"\",\n                    \"\",\n                    \"\",\n                    \"\",\n                    \"\"\n                  ],\n                  \"SortedReasonCodeTable\": [\n                    \"FBA999    \",\n                    \"\",\n                    \"\",\n                    \"\",\n                    \"\",\n                    \"\",\n                    \"\",\n                    \"\",\n                    \"\",\n                    \"\",\n                    \"\",\n                    \"\",\n                    \"\",\n                    \"\",\n                    \"\",\n                    \"\",\n                    \"\",\n                    \"\",\n                    \"\",\n                    \"\"\n                  ]\n                }\n              },\n              \"Derivations\": {\n                \"Spare\": {\n                  \"Flag01\": \"N\",\n                  \"String01\": \"NA\",\n                  \"String02\": \"AR_2\",\n                  \"String03\": \"FALSE\",\n                  \"String13\": \"3;6;9;12;18;\",\n                  \"Decimal01\": 70,\n                  \"Decimal03\": 48,\n                  \"Integer01\": 5\n                }\n              },\n              \"Eligibility\": {\n                \"CappingLTV\": \"0.00\",\n                \"Eligibility\": [\n                  {\n                    \"FinalEMI\": 17353.88,\n                    \"FinalROI\": 30,\n                    \"FinalFOIR\": 60,\n                    \"ApprovedEMI\": 0,\n                    \"ApprovedROI\": 32,\n                    \"FinalIncome\": 28923.13,\n                    \"ApprovedFOIR\": 0,\n                    \"ApprovedTenure\": 18,\n                    \"RTRObligations\": 3,\n                    \"FinalLoanAmount\": 75000,\n                    \"FinalObligations\": 4,\n                    \"BureauObligations\": 1,\n                    \"ApprovedLoanAmount\": 75000,\n                    \"DeclaredObligations\": 20000,\n                    \"IncomeProgramMethod\": \"L0\"\n                  },\n                  {},\n                  {\n                    \"FinalEMI\": 28000,\n                    \"FinalROI\": 18,\n                    \"FinalFOIR\": 70,\n                    \"ApprovedEMI\": 23500,\n                    \"ApprovedROI\": 18,\n                    \"FinalIncome\": 40000,\n                    \"ApprovedFOIR\": 0,\n                    \"ApprovedTenure\": 48,\n                    \"RTRObligations\": 12,\n                    \"FinalLoanAmount\": 800000,\n                    \"FinalObligations\": 3,\n                    \"BureauObligations\": 1,\n                    \"ApprovedLoanAmount\": 800000,\n                    \"DeclaredObligations\": 25000,\n                    \"IncomeProgramMethod\": \"L1\"\n                  }\n                ],\n                \"CumulativeLTV\": \"3.00\",\n                \"ProcessingFee\": 3\n              }\n            }\n          }\n        },\n        \"success\": true,\n        \"serviceContextId\": \"a43b8d7a-e90e-426d-8a6f-260947a42c2d\"\n      },\n      \"WorkingStorageSpare\": {\n        \"Applicant\": [\n          {\n            \"Flag03\": \"1\",\n            \"Flag04\": 0,\n            \"Flag05\": \"false\",\n            \"String08\": \";;;;;;\",\n            \"String09\": \";;;;;;;;;\",\n            \"String11\": \"NA\"\n          }\n        ],\n        \"Application\": {\n          \"Flag03\": \"0\",\n          \"Flag04\": \"1\",\n          \"String03\": \";;\",\n          \"String05\": \"\",\n          \"String06\": \"0.0896\",\n          \"String07\": \"0.0957\",\n          \"String08\": \"0.0023\",\n          \"String12\": \"3\",\n          \"String13\": \"5\",\n          \"String14\": \"H\",\n          \"String16\": \"\",\n          \"String19\": \"560034\",\n          \"Integer01\": 0,\n          \"Integer05\": 250,\n          \"Integer06\": 12,\n          \"Integer07\": 10,\n          \"Integer08\": 120,\n          \"Integer09\": 560001\n        }\n      },\n      \"validations\": [\n        {\n          \"field\": \"affluence_score\",\n          \"slot\": \"String14\",\n          \"path\": \"WorkingStorageSpare.Application.String14\",\n          \"expected\": \"H\",\n          \"actual\": \"H\",\n          \"result\": \"✓ PASS\"\n        },\n        {\n          \"field\": \"cremo_bucket\",\n          \"slot\": \"String13\",\n          \"path\": \"WorkingStorageSpare.Application.String13\",\n          \"expected\": \"5\",\n          \"actual\": \"5\",\n          \"result\": \"✓ PASS\"\n        },\n        {\n          \"field\": \"emi_bucket\",\n          \"slot\": \"String12\",\n          \"path\": \"WorkingStorageSpare.Application.String12\",\n          \"expected\": \"3\",\n          \"actual\": \"3\",\n          \"result\": \"✓ PASS\"\n        },\n        {\n          \"field\": \"account_age\",\n          \"slot\": \"Integer05\",\n          \"path\": \"WorkingStorageSpare.Application.Integer05\",\n          \"expected\": 250,\n          \"actual\": 250,\n          \"result\": \"✓ PASS\"\n        },\n        {\n          \"field\": \"add_age\",\n          \"slot\": \"Integer06\",\n          \"path\": \"WorkingStorageSpare.Application.Integer06\",\n          \"expected\": 12,\n          \"actual\": 12,\n          \"result\": \"✓ PASS\"\n        },\n        {\n          \"field\": \"add_numericals\",\n          \"slot\": \"Integer07\",\n          \"path\": \"WorkingStorageSpare.Application.Integer07\",\n          \"expected\": 10,\n          \"actual\": 10,\n          \"result\": \"✓ PASS\"\n        },\n        {\n          \"field\": \"add_char\",\n          \"slot\": \"Integer08\",\n          \"path\": \"WorkingStorageSpare.Application.Integer08\",\n          \"expected\": 120,\n          \"actual\": 120,\n          \"result\": \"✓ PASS\"\n        },\n        {\n          \"field\": \"freq_delivered_pincode\",\n          \"slot\": \"Integer09\",\n          \"path\": \"WorkingStorageSpare.Application.Integer09\",\n          \"expected\": 560001,\n          \"actual\": 560001,\n          \"result\": \"✓ PASS\"\n        },\n        {\n          \"field\": \"recent_pincode\",\n          \"slot\": \"String19\",\n          \"path\": \"WorkingStorageSpare.Application.String19\",\n          \"expected\": \"560034\",\n          \"actual\": \"560034\",\n          \"result\": \"✓ PASS\"\n        },\n        {\n          \"field\": \"fk_bnpl_emi\",\n          \"slot\": \"Flag04\",\n          \"path\": \"WorkingStorageSpare.Application.Flag04\",\n          \"expected\": \"1\",\n          \"actual\": \"1\",\n          \"result\": \"✓ PASS\"\n        }\n      ]\n    }\n  }\n]",
              "code": "const payload = JsonUtils.readJsonFromFile1('AdditionalBasicDetails_Flipkart');\nconst { appId, txnId } = await freshFkAppWithOffer(this, payload);\nawait verifySqlAfterAdditionalDetails(this, appId, txnId, {\n    affluence_score:        'H',       // String14 → \"H\"\n    cremo_bucket:           '5',       // String13 → \"5\" (string)\n    emi_bucket:             '3',       // String12 → \"3\" (string)\n    account_age:            250,       // Integer05 → 250 (integer)\n    add_age:                12,        // Integer06 → 12 (integer)\n    add_numericals:         10,        // Integer07 → 10 (integer)\n    add_char:               120,       // Integer08 → 120 (integer)\n    freq_delivered_pincode: 560001,    // Integer09 → 560001 (integer)\n    recent_pincode:         '560034',  // String19 → \"560034\" (string)\n    fk_bnpl_emi:            '1',       // Flag04 → \"1\" (string)\n});",
              "err": {},
              "uuid": "a8bab0b0-5084-4a93-b554-b607c4751062",
              "parentUUID": "3c7022ab-ae27-4822-90bc-f34fc7c22663",
              "isHook": false,
              "skipped": false
            },
            {
              "title": "P-08: fk_bnpl_emi=\"1\" → Flag04=1 (integer) in OMNI_HC",
              "fullTitle": "[OS-2251] Additional Details — Section A: Happy Path P-08: fk_bnpl_emi=\"1\" → Flag04=1 (integer) in OMNI_HC",
              "timedOut": false,
              "duration": 75574,
              "state": "passed",
              "speed": "slow",
              "pass": true,
              "fail": false,
              "pending": false,
              "context": "[\n  {\n    \"title\": \"App Creation Response\",\n    \"value\": {\n      \"status\": \"success\",\n      \"statusCode\": 200,\n      \"response\": {\n        \"application_id\": \"1231646911871071A\"\n      }\n    }\n  },\n  {\n    \"title\": \"Additional Details Request\",\n    \"value\": {\n      \"company_name\": \"Flipkart\",\n      \"is_pre_qualified\": true,\n      \"partner_score\": \"wew\",\n      \"additional_partner_data\": {\n        \"affluence_score\": \"H\",\n        \"cremo_bucket\": \"5\",\n        \"emi_bucket\": \"3\",\n        \"account_age\": \"250\",\n        \"add_age\": \"12\",\n        \"add_numericals\": \"10\",\n        \"add_char\": \"120\",\n        \"freq_delivered_pincode\": \"560001\",\n        \"recent_pincode\": \"560034\",\n        \"fk_bnpl_emi\": \"1\",\n        \"add_type_home\": \"1\",\n        \"add_type_work\": \"0\",\n        \"add_type_others\": \"0\",\n        \"add_is_default_shipping_contact_flag\": \"true\",\n        \"add_lat\": \"12.9716\",\n        \"add_long\": \"77.5946\",\n        \"add_order_share_24m\": \"80.5\",\n        \"add_gmv_share_24m\": \"75.2\",\n        \"pcd_order_share_24m\": \"82.4\",\n        \"pcd_gmv_share_24m\": \"88.1\",\n        \"add_month_since_last_delivery_date\": \"1\",\n        \"add_month_since_first_delivery_date\": \"24\",\n        \"add_orders_count_24m\": \"50\",\n        \"add_uniq_addresses_cnt_24m\": \"3\",\n        \"add_gmv_value_24m\": \"45000\",\n        \"pcd_age\": \"18\",\n        \"pcd_month_since_last_delivery_date\": \"2\",\n        \"pcd_month_since_first_delivery_date\": \"36\",\n        \"pcd_orders_count_24m\": \"60\",\n        \"pcd_uniq_pincode_address_cnt_24m\": \"4\",\n        \"pcd_uniq_addresses_pincode_cnt_ever\": \"7\",\n        \"pcd_gmv_value_24m\": \"60000\",\n        \"max_cart_value\": \"15000\"\n      }\n    }\n  },\n  {\n    \"title\": \"Additional Details Response\",\n    \"value\": {\n      \"response\": {\n        \"status\": \"success\",\n        \"statusCode\": 200,\n        \"message\": \"Additional Details Added\"\n      },\n      \"validation\": {\n        \"expected_status\": 200,\n        \"actual_status\": 200,\n        \"result\": \"✓ PASS\"\n      }\n    }\n  },\n  {\n    \"title\": \"underwriting_vendor_transaction_log — OMNI_HC (PowerCurve response)\",\n    \"value\": {\n      \"raw_input\": {\n        \"DV-Product\": {\n          \"Product\": [\n            {\n              \"ProductID\": \"PL\",\n              \"ProductType\": \"PL\",\n              \"TenureMonths\": 0,\n              \"AppliedAmount\": 0\n            }\n          ]\n        },\n        \"DV-Applicant\": {\n          \"Applicant\": [\n            {\n              \"Spare\": {\n                \"Flag01\": \"N\",\n                \"Flag04\": \"Y\",\n                \"String05\": \"0.02\",\n                \"String06\": \"FT:Y;AZ:Y;WA:Y;\",\n                \"Decimal01\": 28923.13,\n                \"Decimal02\": 0,\n                \"Decimal03\": 14,\n                \"Decimal04\": 1,\n                \"Integer10\": 1\n              },\n              \"Gender\": \"1\",\n              \"Address\": [\n                {\n                  \"City\": \"Dummy\",\n                  \"State\": \"29\",\n                  \"Pincode\": \"560066\",\n                  \"AddressType\": \"R\",\n                  \"AddressLine1\": \"Dummy\",\n                  \"AddressCategory\": \"C\"\n                }\n              ],\n              \"LastName\": \"Dummy\",\n              \"FirstName\": \"Dummy\",\n              \"Employment\": [\n                {\n                  \"GrossIncome\": 40000,\n                  \"TakeHomeSalary\": 40000,\n                  \"EmploymentStatus\": \"S\"\n                }\n              ],\n              \"DateOfBirth\": \"19960709\",\n              \"ApplicantType\": \"Primary\",\n              \"Identification\": [\n                {\n                  \"IdentificationType\": \"PAN\",\n                  \"IdentificationNumber\": \"ABCDE1234F\"\n                }\n              ],\n              \"ApplicantCategory\": \"Individual\"\n            }\n          ]\n        },\n        \"DV-Application\": {\n          \"Spare\": {\n            \"Flag02\": \"D\",\n            \"Flag04\": \"AR_2\",\n            \"Flag05\": \"PREBANK\",\n            \"String01\": \"OMNI_PRE\",\n            \"String02\": \"PLDSA_May25_V1\",\n            \"String03\": \"6047827079771068P\",\n            \"String04\": \"PL_EMBEDDED\",\n            \"String05\": \"CIBIL\",\n            \"String07\": \"AR_2\",\n            \"String08\": \"KTB\",\n            \"String11\": \"PL_EMBEDDED_PARTNER\",\n            \"Decimal05\": 0,\n            \"Integer02\": 0,\n            \"Integer10\": 1\n          },\n          \"ServiceID\": \"NewApp\",\n          \"ClientReferenceID\": \"1231646911871071A\"\n        },\n        \"WorkingStorageSpare\": {\n          \"Applicant\": [\n            {\n              \"Flag03\": \"1\",\n              \"Flag04\": 0,\n              \"Flag05\": \"false\",\n              \"String08\": \";;;;;;\",\n              \"String09\": \";;;;;;;;;\",\n              \"String11\": \"NA\"\n            }\n          ],\n          \"Application\": {\n            \"Flag03\": \"0\",\n            \"Flag04\": \"1\",\n            \"String03\": \";;\",\n            \"String05\": \"\",\n            \"String06\": \"0.0896\",\n            \"String07\": \"0.0957\",\n            \"String08\": \"0.0023\",\n            \"String12\": \"3\",\n            \"String13\": \"5\",\n            \"String14\": \"H\",\n            \"String16\": \"\",\n            \"String19\": \"560034\",\n            \"Integer01\": 0,\n            \"Integer05\": 250,\n            \"Integer06\": 12,\n            \"Integer07\": 10,\n            \"Integer08\": 120,\n            \"Integer09\": 560001\n          }\n        },\n        \"WorkingStorage-CIBILBureau\": {\n          \"Applicant\": [\n            {\n              \"IQ\": [\n                {\n                  \"SegmentTag\": \"I001\",\n                  \"DateEnquiry\": \"20240408\",\n                  \"EnquiryAmount\": 50000,\n                  \"EnquiryPurpose\": 5\n                },\n                {\n                  \"SegmentTag\": \"I002\",\n                  \"DateEnquiry\": \"20240312\",\n                  \"EnquiryAmount\": 102000,\n                  \"EnquiryPurpose\": 1\n                },\n                {\n                  \"SegmentTag\": \"I003\",\n                  \"DateEnquiry\": \"20230705\",\n                  \"EnquiryAmount\": 10000,\n                  \"EnquiryPurpose\": 10\n                }\n              ],\n              \"SC\": [\n                {\n                  \"Score\": 747\n                }\n              ],\n              \"TL\": [\n                {\n                  \"DateOpened\": \"20240316\",\n                  \"SegmentTag\": \"T001\",\n                  \"AccountType\": 13,\n                  \"CurrentBalance\": 34780,\n                  \"DateLastPayment\": \"20250915\",\n                  \"MemberShortName\": \"NOT DISCLOSED\",\n                  \"PaymentHistory1\": \"000000000000000000000XXX014XXX000000000000000000000000\",\n                  \"PaymentHistory2\": \"000\",\n                  \"OwnershipIndicator\": 1,\n                  \"HighCreditSanctioned\": 102000,\n                  \"DateReportedCertified\": \"20250915\",\n                  \"PaymentHistoryEndDate\": \"20240301\",\n                  \"PaymentHistoryStartDate\": \"20250901\"\n                },\n                {\n                  \"DateClosed\": \"20250224\",\n                  \"DateOpened\": \"20230706\",\n                  \"SegmentTag\": \"T002\",\n                  \"AccountType\": 10,\n                  \"CreditLimit\": 10000,\n                  \"CurrentBalance\": 0,\n                  \"MemberShortName\": \"NOT DISCLOSED\",\n                  \"PaymentHistory1\": \"000000000000000000000000000000000000000000000000000000\",\n                  \"PaymentHistory2\": \"000000\",\n                  \"OwnershipIndicator\": 1,\n                  \"DateReportedCertified\": \"20250228\",\n                  \"PaymentHistoryEndDate\": \"20230701\",\n                  \"PaymentHistoryStartDate\": \"20250201\"\n                }\n              ],\n              \"TUEF\": {\n                \"DateProcessed\": \"20260605\"\n              }\n            }\n          ]\n        }\n      },\n      \"raw_output\": {\n        \"data\": {\n          \"DV-Product\": {\n            \"Product\": [\n              {\n                \"ProductID\": \"PL\",\n                \"ProductType\": \"PL\",\n                \"TenureMonths\": 0,\n                \"AppliedAmount\": 0,\n                \"ProductCategory\": \"U\"\n              }\n            ]\n          },\n          \"DV-Applicant\": {\n            \"Applicant\": [\n              {\n                \"Spare\": {\n                  \"Flag01\": \"N\",\n                  \"Flag02\": \"N\",\n                  \"Flag04\": \"Y\",\n                  \"Flag05\": \"N\",\n                  \"String02\": \"-99\",\n                  \"String05\": \"0.02\",\n                  \"String06\": \"FT:Y;AZ:Y;WA:Y;\",\n                  \"String13\": \"\",\n                  \"String14\": \"0\",\n                  \"Decimal01\": 28923.13,\n                  \"Decimal02\": 0,\n                  \"Decimal03\": 14,\n                  \"Decimal04\": 1,\n                  \"Decimal07\": 0,\n                  \"Decimal08\": 0,\n                  \"Decimal09\": 0,\n                  \"Decimal10\": 0,\n                  \"Integer08\": 950000,\n                  \"Integer10\": 1\n                },\n                \"Gender\": \"1\",\n                \"Address\": [\n                  {\n                    \"City\": \"Dummy\",\n                    \"State\": \"29\",\n                    \"Pincode\": \"560066\",\n                    \"AddressType\": \"R\",\n                    \"AddressLine1\": \"Dummy\",\n                    \"AddressCategory\": \"C\"\n                  },\n                  {}\n                ],\n                \"LastName\": \"Dummy\",\n                \"FirstName\": \"Dummy\",\n                \"DateOfBirth\": \"19960709\",\n                \"ApplicantType\": \"Primary\",\n                \"Identification\": [\n                  {\n                    \"IdentificationType\": \"PAN\",\n                    \"IdentificationNumber\": \"ABCDE1234F\"\n                  },\n                  {},\n                  {},\n                  {},\n                  {}\n                ],\n                \"ApplicantCategory\": \"Individual\",\n                \"NumberOfAddresses\": 1,\n                \"ApplicantIdentifier\": \"1\",\n                \"NumberOfIdentificationDetails\": 0\n              },\n              {\n                \"Spare\": {},\n                \"Address\": [\n                  {},\n                  {}\n                ],\n                \"Identification\": [\n                  {},\n                  {},\n                  {},\n                  {},\n                  {}\n                ]\n              },\n              {\n                \"Spare\": {},\n                \"Address\": [\n                  {},\n                  {}\n                ],\n                \"Identification\": [\n                  {},\n                  {},\n                  {},\n                  {},\n                  {}\n                ]\n              },\n              {\n                \"Spare\": {},\n                \"Address\": [\n                  {},\n                  {}\n                ],\n                \"Identification\": [\n                  {},\n                  {},\n                  {},\n                  {},\n                  {}\n                ]\n              }\n            ]\n          },\n          \"DV-Application\": {\n            \"Spare\": {\n              \"Flag02\": \"D\",\n              \"Flag04\": \"AR_2\",\n              \"Flag05\": \"PREBANK\",\n              \"String01\": \"OMNI_PRE\",\n              \"String02\": \"PLDSA_May25_V1\",\n              \"String03\": \"6047827079771068P\",\n              \"String04\": \"PL_EMBEDDED\",\n              \"String05\": \"CIBIL\",\n              \"String07\": \"AR_2\",\n              \"String08\": \"KTB\",\n              \"String10\": \"L0;L1;L2\",\n              \"String11\": \"PL_EMBEDDED_PARTNER\",\n              \"String13\": \"70\",\n              \"String15\": \"UNDER RESULT OF P1 RESULT TRANSFER\",\n              \"Decimal05\": 0,\n              \"Decimal06\": 0,\n              \"Decimal08\": 0,\n              \"Integer02\": 0,\n              \"Integer05\": 747,\n              \"Integer10\": 1\n            },\n            \"ErrorCount\": 0,\n            \"ApplicationID\": \"000000136048693\",\n            \"ErrorMessages\": [\n              {},\n              {},\n              {},\n              {},\n              {},\n              {},\n              {},\n              {},\n              {},\n              {},\n              {},\n              {},\n              {},\n              {},\n              {},\n              {},\n              {},\n              {},\n              {},\n              {}\n            ],\n            \"IncompleteFlag\": \"N\",\n            \"SystemDecision\": \"Approve\",\n            \"IncompleteCount\": 0,\n            \"ApplicationStatus\": \"APPROVED\",\n            \"IncompleteMessages\": [\n              {},\n              {},\n              {},\n              {},\n              {},\n              {},\n              {},\n              {},\n              {},\n              {}\n            ]\n          },\n          \"DV-CreditReport\": {\n            \"Applicant\": [\n              {\n                \"CreditReport\": [\n                  {\n                    \"Spare\": {\n                      \"Flag02\": \"S6\",\n                      \"Flag03\": \"Y\",\n                      \"String01\": \"AR_2\",\n                      \"String02\": \"AR_2\",\n                      \"String03\": \"KTB\",\n                      \"String06\": \"12;18;24;36;48;\",\n                      \"String09\": \"OMNI_PRE\",\n                      \"String10\": \"CONGRATULATION, YOU HAVE CLEARED ALL THE POLICY CHECKS \",\n                      \"String11\": \"CUSTOMER IS APPROVED AND CLEAR ALL THE POLICY CHECKS \",\n                      \"String12\": \"SUCCESS\",\n                      \"String15\": \"48;\",\n                      \"Integer02\": 747\n                    },\n                    \"Max_Sanc_Amt\": \"800000.00\",\n                    \"Worst_Prod_Holding\": \"N\",\n                    \"Best_Product_Holding\": \"21\"\n                  }\n                ]\n              }\n            ]\n          },\n          \"WorkingStorageSpare\": {\n            \"Applicant\": [\n              {\n                \"Decimal01\": 1,\n                \"Integer02\": 99\n              },\n              {},\n              {},\n              {}\n            ],\n            \"Application\": {\n              \"Flag01\": \"0\",\n              \"Flag04\": \"1\",\n              \"String01\": \"0.01\",\n              \"Integer02\": 0\n            }\n          },\n          \"DV-DecisioningResults\": {\n            \"Applicant\": [\n              {\n                \"Result\": {\n                  \"Merged\": {\n                    \"DecisionCategory\": \"Approve\",\n                    \"ReasonCodeDescription\": [\n                      \"Fallback Approve\",\n                      \"\",\n                      \"\",\n                      \"\",\n                      \"\",\n                      \"\",\n                      \"\",\n                      \"\",\n                      \"\",\n                      \"\",\n                      \"\",\n                      \"\",\n                      \"\",\n                      \"\",\n                      \"\",\n                      \"\",\n                      \"\",\n                      \"\",\n                      \"\",\n                      \"\"\n                    ],\n                    \"SortedReasonCodeTable\": [\n                      \"FBA999\",\n                      \"\",\n                      \"\",\n                      \"\",\n                      \"\",\n                      \"\",\n                      \"\",\n                      \"\",\n                      \"\",\n                      \"\",\n                      \"\",\n                      \"\",\n                      \"\",\n                      \"\",\n                      \"\",\n                      \"\",\n                      \"\",\n                      \"\",\n                      \"\",\n                      \"\"\n                    ]\n                  },\n                  \"Derivations\": {\n                    \"Age\": 29,\n                    \"Spare\": {}\n                  }\n                }\n              }\n            ],\n            \"Application\": {\n              \"Merged\": {\n                \"Policy Rules - Decision Setter Typical Results\": {\n                  \"DecisionCategory\": \"Approve\",\n                  \"ReasonCodeDescription\": [\n                    \"\",\n                    null,\n                    null,\n                    null,\n                    null,\n                    null,\n                    null,\n                    null,\n                    null,\n                    null,\n                    null,\n                    null,\n                    null,\n                    null,\n                    null,\n                    null,\n                    null,\n                    null,\n                    null,\n                    null\n                  ],\n                  \"SortedReasonCodeTable\": [\n                    \"\",\n                    \"\",\n                    \"\",\n                    \"\",\n                    \"\",\n                    \"\",\n                    \"\",\n                    \"\",\n                    \"\",\n                    \"\",\n                    \"\",\n                    \"\",\n                    \"\",\n                    \"\",\n                    \"\",\n                    \"\",\n                    \"\",\n                    \"\",\n                    \"\",\n                    \"\"\n                  ]\n                }\n              },\n              \"Overall\": {\n                \"Policy Rules - Decision Setter Typical Results\": {\n                  \"DecisionCategory\": \"Approve\",\n                  \"ReasonCodeDescription\": [\n                    \"Fallback Approve\",\n                    \"\",\n                    \"\",\n                    \"\",\n                    \"\",\n                    \"\",\n                    \"\",\n                    \"\",\n                    \"\",\n                    \"\",\n                    \"\",\n                    \"\",\n                    \"\",\n                    \"\",\n                    \"\",\n                    \"\",\n                    \"\",\n                    \"\",\n                    \"\",\n                    \"\"\n                  ],\n                  \"SortedReasonCodeTable\": [\n                    \"FBA999    \",\n                    \"\",\n                    \"\",\n                    \"\",\n                    \"\",\n                    \"\",\n                    \"\",\n                    \"\",\n                    \"\",\n                    \"\",\n                    \"\",\n                    \"\",\n                    \"\",\n                    \"\",\n                    \"\",\n                    \"\",\n                    \"\",\n                    \"\",\n                    \"\",\n                    \"\"\n                  ]\n                }\n              },\n              \"Derivations\": {\n                \"Spare\": {\n                  \"Flag01\": \"N\",\n                  \"String01\": \"NA\",\n                  \"String02\": \"AR_2\",\n                  \"String03\": \"FALSE\",\n                  \"String13\": \"3;6;9;12;18;\",\n                  \"Decimal01\": 70,\n                  \"Decimal03\": 48,\n                  \"Integer01\": 5\n                }\n              },\n              \"Eligibility\": {\n                \"CappingLTV\": \"0.00\",\n                \"Eligibility\": [\n                  {\n                    \"FinalEMI\": 17353.88,\n                    \"FinalROI\": 30,\n                    \"FinalFOIR\": 60,\n                    \"ApprovedEMI\": 0,\n                    \"ApprovedROI\": 32,\n                    \"FinalIncome\": 28923.13,\n                    \"ApprovedFOIR\": 0,\n                    \"ApprovedTenure\": 18,\n                    \"RTRObligations\": 3,\n                    \"FinalLoanAmount\": 75000,\n                    \"FinalObligations\": 4,\n                    \"BureauObligations\": 1,\n                    \"ApprovedLoanAmount\": 75000,\n                    \"DeclaredObligations\": 20000,\n                    \"IncomeProgramMethod\": \"L0\"\n                  },\n                  {},\n                  {\n                    \"FinalEMI\": 28000,\n                    \"FinalROI\": 18,\n                    \"FinalFOIR\": 70,\n                    \"ApprovedEMI\": 23500,\n                    \"ApprovedROI\": 18,\n                    \"FinalIncome\": 40000,\n                    \"ApprovedFOIR\": 0,\n                    \"ApprovedTenure\": 48,\n                    \"RTRObligations\": 12,\n                    \"FinalLoanAmount\": 800000,\n                    \"FinalObligations\": 3,\n                    \"BureauObligations\": 1,\n                    \"ApprovedLoanAmount\": 800000,\n                    \"DeclaredObligations\": 25000,\n                    \"IncomeProgramMethod\": \"L1\"\n                  }\n                ],\n                \"CumulativeLTV\": \"3.00\",\n                \"ProcessingFee\": 3\n              }\n            }\n          }\n        },\n        \"success\": true,\n        \"serviceContextId\": \"e261cc8c-1fa0-4bef-8a89-71cec52f0c05\"\n      },\n      \"WorkingStorageSpare\": {\n        \"Applicant\": [\n          {\n            \"Flag03\": \"1\",\n            \"Flag04\": 0,\n            \"Flag05\": \"false\",\n            \"String08\": \";;;;;;\",\n            \"String09\": \";;;;;;;;;\",\n            \"String11\": \"NA\"\n          }\n        ],\n        \"Application\": {\n          \"Flag03\": \"0\",\n          \"Flag04\": \"1\",\n          \"String03\": \";;\",\n          \"String05\": \"\",\n          \"String06\": \"0.0896\",\n          \"String07\": \"0.0957\",\n          \"String08\": \"0.0023\",\n          \"String12\": \"3\",\n          \"String13\": \"5\",\n          \"String14\": \"H\",\n          \"String16\": \"\",\n          \"String19\": \"560034\",\n          \"Integer01\": 0,\n          \"Integer05\": 250,\n          \"Integer06\": 12,\n          \"Integer07\": 10,\n          \"Integer08\": 120,\n          \"Integer09\": 560001\n        }\n      },\n      \"validations\": [\n        {\n          \"field\": \"fk_bnpl_emi\",\n          \"slot\": \"Flag04\",\n          \"path\": \"WorkingStorageSpare.Application.Flag04\",\n          \"expected\": \"1\",\n          \"actual\": \"1\",\n          \"result\": \"✓ PASS\"\n        }\n      ]\n    }\n  }\n]",
              "code": "const base    = JsonUtils.readJsonFromFile1('AdditionalBasicDetails_Flipkart');\nconst payload = await JsonUtils.modifyPayload({ 'additional_partner_data.fk_bnpl_emi': '1' }, base);\nconst { appId, txnId } = await freshFkAppWithOffer(this, payload);\nawait verifySqlAfterAdditionalDetails(this, appId, txnId, { fk_bnpl_emi: '1' });",
              "err": {},
              "uuid": "b72dd78b-646f-4fec-a208-408f3716184d",
              "parentUUID": "3c7022ab-ae27-4822-90bc-f34fc7c22663",
              "isHook": false,
              "skipped": false
            },
            {
              "title": "P-09: fk_bnpl_emi not sent → Flag04=0 (default, integer) in OMNI_HC",
              "fullTitle": "[OS-2251] Additional Details — Section A: Happy Path P-09: fk_bnpl_emi not sent → Flag04=0 (default, integer) in OMNI_HC",
              "timedOut": false,
              "duration": 64174,
              "state": "failed",
              "speed": null,
              "pass": false,
              "fail": true,
              "pending": false,
              "context": "[\n  {\n    \"title\": \"App Creation Response\",\n    \"value\": {\n      \"status\": \"success\",\n      \"statusCode\": 200,\n      \"response\": {\n        \"application_id\": \"6196356911871051A\"\n      }\n    }\n  },\n  {\n    \"title\": \"Additional Details Request\",\n    \"value\": {\n      \"company_name\": \"Flipkart\",\n      \"is_pre_qualified\": true,\n      \"partner_score\": \"wew\",\n      \"additional_partner_data\": {\n        \"affluence_score\": \"H\",\n        \"cremo_bucket\": \"5\",\n        \"emi_bucket\": \"3\",\n        \"account_age\": \"250\",\n        \"add_age\": \"12\",\n        \"add_numericals\": \"10\",\n        \"add_char\": \"120\",\n        \"freq_delivered_pincode\": \"560001\",\n        \"recent_pincode\": \"560034\",\n        \"add_type_home\": \"1\",\n        \"add_type_work\": \"0\",\n        \"add_type_others\": \"0\",\n        \"add_is_default_shipping_contact_flag\": \"true\",\n        \"add_lat\": \"12.9716\",\n        \"add_long\": \"77.5946\",\n        \"add_order_share_24m\": \"80.5\",\n        \"add_gmv_share_24m\": \"75.2\",\n        \"pcd_order_share_24m\": \"82.4\",\n        \"pcd_gmv_share_24m\": \"88.1\",\n        \"add_month_since_last_delivery_date\": \"1\",\n        \"add_month_since_first_delivery_date\": \"24\",\n        \"add_orders_count_24m\": \"50\",\n        \"add_uniq_addresses_cnt_24m\": \"3\",\n        \"add_gmv_value_24m\": \"45000\",\n        \"pcd_age\": \"18\",\n        \"pcd_month_since_last_delivery_date\": \"2\",\n        \"pcd_month_since_first_delivery_date\": \"36\",\n        \"pcd_orders_count_24m\": \"60\",\n        \"pcd_uniq_pincode_address_cnt_24m\": \"4\",\n        \"pcd_uniq_addresses_pincode_cnt_ever\": \"7\",\n        \"pcd_gmv_value_24m\": \"60000\",\n        \"max_cart_value\": \"15000\"\n      }\n    }\n  },\n  {\n    \"title\": \"Additional Details Response\",\n    \"value\": {\n      \"response\": {\n        \"status\": \"success\",\n        \"statusCode\": 200,\n        \"message\": \"Additional Details Added\"\n      },\n      \"validation\": {\n        \"expected_status\": 200,\n        \"actual_status\": 200,\n        \"result\": \"✓ PASS\"\n      }\n    }\n  }\n]",
              "code": "const base    = JsonUtils.readJsonFromFile1('AdditionalBasicDetails_Flipkart');\nconst payload = await JsonUtils.modifyPayload({ 'additional_partner_data.fk_bnpl_emi': undefined }, base);\nconst { appId, txnId } = await freshFkAppWithOffer(this, payload);\nawait verifySqlAfterAdditionalDetails(this, appId, txnId, { fk_bnpl_emi: 0 });",
              "err": {
                "message": "Error: socket hang up",
                "estack": "Error: socket hang up\n    at TLSSocket.socketOnEnd (node:_http_client:524:23)\n    at TLSSocket.emit (node:events:530:35)\n    at endReadableNT (node:internal/streams/readable:1696:12)\n    at process.processTicksAndRejections (node:internal/process/task_queues:82:21)",
                "diff": null
              },
              "uuid": "3abe09e9-c95f-46fc-adbe-206da31c4321",
              "parentUUID": "3c7022ab-ae27-4822-90bc-f34fc7c22663",
              "isHook": false,
              "skipped": false
            }
          ],
          "suites": [],
          "passes": [
            "a8bab0b0-5084-4a93-b554-b607c4751062",
            "b72dd78b-646f-4fec-a208-408f3716184d"
          ],
          "failures": [
            "3abe09e9-c95f-46fc-adbe-206da31c4321"
          ],
          "pending": [],
          "skipped": [],
          "duration": 215340,
          "root": false,
          "rootEmpty": false,
          "_timeout": 300000
        },
        {
          "uuid": "031da369-3f4f-47cf-92b2-c5326ca4e56e",
          "title": "[OS-2251] Additional Details — Section CAST: String Cast Verification",
          "fullFile": "/Users/anirudhpenumaka/pl-api-automation/Embedded/test/Flipkart_OS-2251.spec.js",
          "file": "/test/Flipkart_OS-2251.spec.js",
          "beforeHooks": [],
          "afterHooks": [],
          "tests": [
            {
              "title": "CAST: account_age → OMNI_1=\"250\" | vendor Integer05=250",
              "fullTitle": "[OS-2251] Additional Details — Section CAST: String Cast Verification CAST: account_age → OMNI_1=\"250\" | vendor Integer05=250",
              "timedOut": false,
              "duration": 75930,
              "state": "passed",
              "speed": "slow",
              "pass": true,
              "fail": false,
              "pending": false,
              "context": "[\n  {\n    \"title\": \"App Creation Response\",\n    \"value\": {\n      \"status\": \"success\",\n      \"statusCode\": 200,\n      \"response\": {\n        \"application_id\": \"1461066911871059A\"\n      }\n    }\n  },\n  {\n    \"title\": \"Additional Details Request\",\n    \"value\": {\n      \"company_name\": \"Flipkart\",\n      \"is_pre_qualified\": true,\n      \"partner_score\": \"wew\",\n      \"additional_partner_data\": {\n        \"account_age\": \"250\"\n      }\n    }\n  },\n  {\n    \"title\": \"Additional Details Response\",\n    \"value\": {\n      \"response\": {\n        \"status\": \"success\",\n        \"statusCode\": 200,\n        \"message\": \"Additional Details Added\"\n      },\n      \"validation\": {\n        \"expected_status\": 200,\n        \"actual_status\": 200,\n        \"result\": \"✓ PASS\"\n      }\n    }\n  },\n  {\n    \"title\": \"underwriting_vendor_transaction_log — OMNI_HC (PowerCurve response)\",\n    \"value\": {\n      \"raw_input\": {\n        \"DV-Product\": {\n          \"Product\": [\n            {\n              \"ProductID\": \"PL\",\n              \"ProductType\": \"PL\",\n              \"TenureMonths\": 0,\n              \"AppliedAmount\": 0\n            }\n          ]\n        },\n        \"DV-Applicant\": {\n          \"Applicant\": [\n            {\n              \"Spare\": {\n                \"Flag01\": \"N\",\n                \"Flag04\": \"Y\",\n                \"String05\": \"0.02\",\n                \"String06\": \"FT:Y;AZ:Y;WA:Y;\",\n                \"Decimal01\": 28923.13,\n                \"Decimal02\": 0,\n                \"Decimal03\": 14,\n                \"Decimal04\": 1,\n                \"Integer10\": 1\n              },\n              \"Gender\": \"1\",\n              \"Address\": [\n                {\n                  \"City\": \"Dummy\",\n                  \"State\": \"29\",\n                  \"Pincode\": \"560066\",\n                  \"AddressType\": \"R\",\n                  \"AddressLine1\": \"Dummy\",\n                  \"AddressCategory\": \"C\"\n                }\n              ],\n              \"LastName\": \"Dummy\",\n              \"FirstName\": \"Dummy\",\n              \"Employment\": [\n                {\n                  \"GrossIncome\": 40000,\n                  \"TakeHomeSalary\": 40000,\n                  \"EmploymentStatus\": \"S\"\n                }\n              ],\n              \"DateOfBirth\": \"19960709\",\n              \"ApplicantType\": \"Primary\",\n              \"Identification\": [\n                {\n                  \"IdentificationType\": \"PAN\",\n                  \"IdentificationNumber\": \"ABCDE1234F\"\n                }\n              ],\n              \"ApplicantCategory\": \"Individual\"\n            }\n          ]\n        },\n        \"DV-Application\": {\n          \"Spare\": {\n            \"Flag02\": \"D\",\n            \"Flag04\": \"AR_2\",\n            \"Flag05\": \"PREBANK\",\n            \"String01\": \"OMNI_PRE\",\n            \"String02\": \"PLDSA_May25_V1\",\n            \"String03\": \"6047827079771068P\",\n            \"String04\": \"PL_EMBEDDED\",\n            \"String05\": \"CIBIL\",\n            \"String07\": \"AR_2\",\n            \"String08\": \"KTB\",\n            \"String11\": \"PL_EMBEDDED_PARTNER\",\n            \"Decimal05\": 0,\n            \"Integer02\": 0,\n            \"Integer10\": 1\n          },\n          \"ServiceID\": \"NewApp\",\n          \"ClientReferenceID\": \"1461066911871059A\"\n        },\n        \"WorkingStorageSpare\": {\n          \"Applicant\": [\n            {\n              \"Flag03\": \"1\",\n              \"Flag04\": 0,\n              \"Flag05\": \"false\",\n              \"String08\": \";;;;;;\",\n              \"String09\": \";;;;;;;;;\",\n              \"String11\": \"NA\"\n            }\n          ],\n          \"Application\": {\n            \"Flag03\": \"0\",\n            \"String03\": \";;\",\n            \"String05\": \"\",\n            \"String06\": \"0.0896\",\n            \"String07\": \"0.0957\",\n            \"String08\": \"0.0023\",\n            \"String16\": \"\",\n            \"Integer01\": 0,\n            \"Integer05\": 250\n          }\n        },\n        \"WorkingStorage-CIBILBureau\": {\n          \"Applicant\": [\n            {\n              \"IQ\": [\n                {\n                  \"SegmentTag\": \"I001\",\n                  \"DateEnquiry\": \"20240408\",\n                  \"EnquiryAmount\": 50000,\n                  \"EnquiryPurpose\": 5\n                },\n                {\n                  \"SegmentTag\": \"I002\",\n                  \"DateEnquiry\": \"20240312\",\n                  \"EnquiryAmount\": 102000,\n                  \"EnquiryPurpose\": 1\n                },\n                {\n                  \"SegmentTag\": \"I003\",\n                  \"DateEnquiry\": \"20230705\",\n                  \"EnquiryAmount\": 10000,\n                  \"EnquiryPurpose\": 10\n                }\n              ],\n              \"SC\": [\n                {\n                  \"Score\": 747\n                }\n              ],\n              \"TL\": [\n                {\n                  \"DateOpened\": \"20240316\",\n                  \"SegmentTag\": \"T001\",\n                  \"AccountType\": 13,\n                  \"CurrentBalance\": 34780,\n                  \"DateLastPayment\": \"20250915\",\n                  \"MemberShortName\": \"NOT DISCLOSED\",\n                  \"PaymentHistory1\": \"000000000000000000000XXX014XXX000000000000000000000000\",\n                  \"PaymentHistory2\": \"000\",\n                  \"OwnershipIndicator\": 1,\n                  \"HighCreditSanctioned\": 102000,\n                  \"DateReportedCertified\": \"20250915\",\n                  \"PaymentHistoryEndDate\": \"20240301\",\n                  \"PaymentHistoryStartDate\": \"20250901\"\n                },\n                {\n                  \"DateClosed\": \"20250224\",\n                  \"DateOpened\": \"20230706\",\n                  \"SegmentTag\": \"T002\",\n                  \"AccountType\": 10,\n                  \"CreditLimit\": 10000,\n                  \"CurrentBalance\": 0,\n                  \"MemberShortName\": \"NOT DISCLOSED\",\n                  \"PaymentHistory1\": \"000000000000000000000000000000000000000000000000000000\",\n                  \"PaymentHistory2\": \"000000\",\n                  \"OwnershipIndicator\": 1,\n                  \"DateReportedCertified\": \"20250228\",\n                  \"PaymentHistoryEndDate\": \"20230701\",\n                  \"PaymentHistoryStartDate\": \"20250201\"\n                }\n              ],\n              \"TUEF\": {\n                \"DateProcessed\": \"20260605\"\n              }\n            }\n          ]\n        }\n      },\n      \"raw_output\": {\n        \"data\": {\n          \"DV-Product\": {\n            \"Product\": [\n              {\n                \"ProductID\": \"PL\",\n                \"ProductType\": \"PL\",\n                \"TenureMonths\": 0,\n                \"AppliedAmount\": 0,\n                \"ProductCategory\": \"U\"\n              }\n            ]\n          },\n          \"DV-Applicant\": {\n            \"Applicant\": [\n              {\n                \"Spare\": {\n                  \"Flag01\": \"N\",\n                  \"Flag02\": \"N\",\n                  \"Flag04\": \"Y\",\n                  \"Flag05\": \"N\",\n                  \"String02\": \"-99\",\n                  \"String05\": \"0.02\",\n                  \"String06\": \"FT:Y;AZ:Y;WA:Y;\",\n                  \"String13\": \"\",\n                  \"String14\": \"0\",\n                  \"Decimal01\": 28923.13,\n                  \"Decimal02\": 0,\n                  \"Decimal03\": 14,\n                  \"Decimal04\": 1,\n                  \"Decimal07\": 0,\n                  \"Decimal08\": 0,\n                  \"Decimal09\": 0,\n                  \"Decimal10\": 0,\n                  \"Integer08\": 950000,\n                  \"Integer10\": 1\n                },\n                \"Gender\": \"1\",\n                \"Address\": [\n                  {\n                    \"City\": \"Dummy\",\n                    \"State\": \"29\",\n                    \"Pincode\": \"560066\",\n                    \"AddressType\": \"R\",\n                    \"AddressLine1\": \"Dummy\",\n                    \"AddressCategory\": \"C\"\n                  },\n                  {}\n                ],\n                \"LastName\": \"Dummy\",\n                \"FirstName\": \"Dummy\",\n                \"DateOfBirth\": \"19960709\",\n                \"ApplicantType\": \"Primary\",\n                \"Identification\": [\n                  {\n                    \"IdentificationType\": \"PAN\",\n                    \"IdentificationNumber\": \"ABCDE1234F\"\n                  },\n                  {},\n                  {},\n                  {},\n                  {}\n                ],\n                \"ApplicantCategory\": \"Individual\",\n                \"NumberOfAddresses\": 1,\n                \"ApplicantIdentifier\": \"1\",\n                \"NumberOfIdentificationDetails\": 0\n              },\n              {\n                \"Spare\": {},\n                \"Address\": [\n                  {},\n                  {}\n                ],\n                \"Identification\": [\n                  {},\n                  {},\n                  {},\n                  {},\n                  {}\n                ]\n              },\n              {\n                \"Spare\": {},\n                \"Address\": [\n                  {},\n                  {}\n                ],\n                \"Identification\": [\n                  {},\n                  {},\n                  {},\n                  {},\n                  {}\n                ]\n              },\n              {\n                \"Spare\": {},\n                \"Address\": [\n                  {},\n                  {}\n                ],\n                \"Identification\": [\n                  {},\n                  {},\n                  {},\n                  {},\n                  {}\n                ]\n              }\n            ]\n          },\n          \"DV-Application\": {\n            \"Spare\": {\n              \"Flag02\": \"D\",\n              \"Flag04\": \"AR_2\",\n              \"Flag05\": \"PREBANK\",\n              \"String01\": \"OMNI_PRE\",\n              \"String02\": \"PLDSA_May25_V1\",\n              \"String03\": \"6047827079771068P\",\n              \"String04\": \"PL_EMBEDDED\",\n              \"String05\": \"CIBIL\",\n              \"String07\": \"AR_2\",\n              \"String08\": \"KTB\",\n              \"String10\": \"L0;L1;L2\",\n              \"String11\": \"PL_EMBEDDED_PARTNER\",\n              \"String13\": \"70\",\n              \"String15\": \"UNDER RESULT OF P1 RESULT TRANSFER\",\n              \"Decimal05\": 0,\n              \"Decimal06\": 0,\n              \"Decimal08\": 0,\n              \"Integer02\": 0,\n              \"Integer05\": 747,\n              \"Integer10\": 1\n            },\n            \"ErrorCount\": 0,\n            \"ApplicationID\": \"000000136048737\",\n            \"ErrorMessages\": [\n              {},\n              {},\n              {},\n              {},\n              {},\n              {},\n              {},\n              {},\n              {},\n              {},\n              {},\n              {},\n              {},\n              {},\n              {},\n              {},\n              {},\n              {},\n              {},\n              {}\n            ],\n            \"IncompleteFlag\": \"N\",\n            \"SystemDecision\": \"Approve\",\n            \"IncompleteCount\": 0,\n            \"ApplicationStatus\": \"APPROVED\",\n            \"IncompleteMessages\": [\n              {},\n              {},\n              {},\n              {},\n              {},\n              {},\n              {},\n              {},\n              {},\n              {}\n            ]\n          },\n          \"DV-CreditReport\": {\n            \"Applicant\": [\n              {\n                \"CreditReport\": [\n                  {\n                    \"Spare\": {\n                      \"Flag02\": \"S6\",\n                      \"Flag03\": \"Y\",\n                      \"String01\": \"AR_2\",\n                      \"String02\": \"AR_2\",\n                      \"String03\": \"KTB\",\n                      \"String06\": \"12;18;24;36;48;\",\n                      \"String09\": \"OMNI_PRE\",\n                      \"String10\": \"CONGRATULATION, YOU HAVE CLEARED ALL THE POLICY CHECKS \",\n                      \"String11\": \"CUSTOMER IS APPROVED AND CLEAR ALL THE POLICY CHECKS \",\n                      \"String12\": \"SUCCESS\",\n                      \"String15\": \"48;\",\n                      \"Integer02\": 747\n                    },\n                    \"Max_Sanc_Amt\": \"800000.00\",\n                    \"Worst_Prod_Holding\": \"N\",\n                    \"Best_Product_Holding\": \"21\"\n                  }\n                ]\n              }\n            ]\n          },\n          \"WorkingStorageSpare\": {\n            \"Applicant\": [\n              {\n                \"Decimal01\": 1,\n                \"Integer02\": 99\n              },\n              {},\n              {},\n              {}\n            ],\n            \"Application\": {\n              \"Flag01\": \"0\",\n              \"String01\": \"0.01\",\n              \"Integer02\": 0\n            }\n          },\n          \"DV-DecisioningResults\": {\n            \"Applicant\": [\n              {\n                \"Result\": {\n                  \"Merged\": {\n                    \"DecisionCategory\": \"Approve\",\n                    \"ReasonCodeDescription\": [\n                      \"Fallback Approve\",\n                      \"\",\n                      \"\",\n                      \"\",\n                      \"\",\n                      \"\",\n                      \"\",\n                      \"\",\n                      \"\",\n                      \"\",\n                      \"\",\n                      \"\",\n                      \"\",\n                      \"\",\n                      \"\",\n                      \"\",\n                      \"\",\n                      \"\",\n                      \"\",\n                      \"\"\n                    ],\n                    \"SortedReasonCodeTable\": [\n                      \"FBA999\",\n                      \"\",\n                      \"\",\n                      \"\",\n                      \"\",\n                      \"\",\n                      \"\",\n                      \"\",\n                      \"\",\n                      \"\",\n                      \"\",\n                      \"\",\n                      \"\",\n                      \"\",\n                      \"\",\n                      \"\",\n                      \"\",\n                      \"\",\n                      \"\",\n                      \"\"\n                    ]\n                  },\n                  \"Derivations\": {\n                    \"Age\": 29,\n                    \"Spare\": {}\n                  }\n                }\n              }\n            ],\n            \"Application\": {\n              \"Merged\": {\n                \"Policy Rules - Decision Setter Typical Results\": {\n                  \"DecisionCategory\": \"Approve\",\n                  \"ReasonCodeDescription\": [\n                    \"\",\n                    null,\n                    null,\n                    null,\n                    null,\n                    null,\n                    null,\n                    null,\n                    null,\n                    null,\n                    null,\n                    null,\n                    null,\n                    null,\n                    null,\n                    null,\n                    null,\n                    null,\n                    null,\n                    null\n                  ],\n                  \"SortedReasonCodeTable\": [\n                    \"\",\n                    \"\",\n                    \"\",\n                    \"\",\n                    \"\",\n                    \"\",\n                    \"\",\n                    \"\",\n                    \"\",\n                    \"\",\n                    \"\",\n                    \"\",\n                    \"\",\n                    \"\",\n                    \"\",\n                    \"\",\n                    \"\",\n                    \"\",\n                    \"\",\n                    \"\"\n                  ]\n                }\n              },\n              \"Overall\": {\n                \"Policy Rules - Decision Setter Typical Results\": {\n                  \"DecisionCategory\": \"Approve\",\n                  \"ReasonCodeDescription\": [\n                    \"Fallback Approve\",\n                    \"\",\n                    \"\",\n                    \"\",\n                    \"\",\n                    \"\",\n                    \"\",\n                    \"\",\n                    \"\",\n                    \"\",\n                    \"\",\n                    \"\",\n                    \"\",\n                    \"\",\n                    \"\",\n                    \"\",\n                    \"\",\n                    \"\",\n                    \"\",\n                    \"\"\n                  ],\n                  \"SortedReasonCodeTable\": [\n                    \"FBA999    \",\n                    \"\",\n                    \"\",\n                    \"\",\n                    \"\",\n                    \"\",\n                    \"\",\n                    \"\",\n                    \"\",\n                    \"\",\n                    \"\",\n                    \"\",\n                    \"\",\n                    \"\",\n                    \"\",\n                    \"\",\n                    \"\",\n                    \"\",\n                    \"\",\n                    \"\"\n                  ]\n                }\n              },\n              \"Derivations\": {\n                \"Spare\": {\n                  \"Flag01\": \"N\",\n                  \"String01\": \"NA\",\n                  \"String02\": \"AR_2\",\n                  \"String03\": \"FALSE\",\n                  \"String13\": \"3;6;9;12;18;\",\n                  \"Decimal01\": 70,\n                  \"Decimal03\": 48,\n                  \"Integer01\": 5\n                }\n              },\n              \"Eligibility\": {\n                \"CappingLTV\": \"0.00\",\n                \"Eligibility\": [\n                  {\n                    \"FinalEMI\": 17353.88,\n                    \"FinalROI\": 30,\n                    \"FinalFOIR\": 60,\n                    \"ApprovedEMI\": 0,\n                    \"ApprovedROI\": 32,\n                    \"FinalIncome\": 28923.13,\n                    \"ApprovedFOIR\": 0,\n                    \"ApprovedTenure\": 18,\n                    \"RTRObligations\": 3,\n                    \"FinalLoanAmount\": 75000,\n                    \"FinalObligations\": 4,\n                    \"BureauObligations\": 1,\n                    \"ApprovedLoanAmount\": 75000,\n                    \"DeclaredObligations\": 20000,\n                    \"IncomeProgramMethod\": \"L0\"\n                  },\n                  {},\n                  {\n                    \"FinalEMI\": 28000,\n                    \"FinalROI\": 18,\n                    \"FinalFOIR\": 70,\n                    \"ApprovedEMI\": 23500,\n                    \"ApprovedROI\": 18,\n                    \"FinalIncome\": 40000,\n                    \"ApprovedFOIR\": 0,\n                    \"ApprovedTenure\": 48,\n                    \"RTRObligations\": 12,\n                    \"FinalLoanAmount\": 800000,\n                    \"FinalObligations\": 3,\n                    \"BureauObligations\": 1,\n                    \"ApprovedLoanAmount\": 800000,\n                    \"DeclaredObligations\": 25000,\n                    \"IncomeProgramMethod\": \"L1\"\n                  }\n                ],\n                \"CumulativeLTV\": \"3.00\",\n                \"ProcessingFee\": 3\n              }\n            }\n          }\n        },\n        \"success\": true,\n        \"serviceContextId\": \"018a6713-bf03-4a9f-8acf-3151069e68a5\"\n      },\n      \"WorkingStorageSpare\": {\n        \"Applicant\": [\n          {\n            \"Flag03\": \"1\",\n            \"Flag04\": 0,\n            \"Flag05\": \"false\",\n            \"String08\": \";;;;;;\",\n            \"String09\": \";;;;;;;;;\",\n            \"String11\": \"NA\"\n          }\n        ],\n        \"Application\": {\n          \"Flag03\": \"0\",\n          \"String03\": \";;\",\n          \"String05\": \"\",\n          \"String06\": \"0.0896\",\n          \"String07\": \"0.0957\",\n          \"String08\": \"0.0023\",\n          \"String16\": \"\",\n          \"Integer01\": 0,\n          \"Integer05\": 250\n        }\n      },\n      \"validations\": [\n        {\n          \"field\": \"account_age\",\n          \"slot\": \"Integer05\",\n          \"path\": \"WorkingStorageSpare.Application.Integer05\",\n          \"expect
[...]
": \"PL_EMBEDDED\",\n            \"String05\": \"CIBIL\",\n            \"String07\": \"AR_2\",\n            \"String08\": \"KTB\",\n            \"String11\": \"PL_EMBEDDED_PARTNER\",\n            \"Decimal05\": 0,\n            \"Integer02\": 0,\n            \"Integer10\": 1\n          },\n          \"ServiceID\": \"NewApp\",\n          \"ClientReferenceID\": \"4423089118713030A\"\n        },\n        \"WorkingStorageSpare\": {\n          \"Applicant\": [\n            {\n              \"Flag03\": \"1\",\n              \"Flag04\": 0,\n              \"Flag05\": \"false\",\n              \"String08\": \";;;;;;\",\n              \"String09\": \";;;;;;;;;\",\n              \"String11\": \"NA\"\n            }\n          ],\n          \"Application\": {\n            \"Flag03\": \"0\",\n            \"Flag04\": \"true\",\n            \"String03\": \";;\",\n            \"String05\": \"\",\n            \"String06\": \"0.0896\",\n            \"String07\": \"0.0957\",\n            \"String08\": \"0.0023\",\n            \"String12\": \"3\",\n            \"String13\": \"5\",\n            \"String14\": \"H\",\n            \"String16\": \"\",\n            \"String19\": \"560034\",\n            \"Integer01\": 0,\n            \"Integer05\": 250,\n            \"Integer06\": 12,\n            \"Integer07\": 10,\n            \"Integer08\": 120,\n            \"Integer09\": 560001\n          }\n        },\n        \"WorkingStorage-CIBILBureau\": {\n          \"Applicant\": [\n            {\n              \"IQ\": [\n                {\n                  \"SegmentTag\": \"I001\",\n                  \"DateEnquiry\": \"20240408\",\n                  \"EnquiryAmount\": 50000,\n                  \"EnquiryPurpose\": 5\n                },\n                {\n                  \"SegmentTag\": \"I002\",\n                  \"DateEnquiry\": \"20240312\",\n                  \"EnquiryAmount\": 102000,\n                  \"EnquiryPurpose\": 1\n                },\n                {\n                  \"SegmentTag\": \"I003\",\n                  \"DateEnquiry\": \"20230705\",\n                  \"EnquiryAmount\": 10000,\n                  \"EnquiryPurpose\": 10\n                }\n              ],\n              \"SC\": [\n                {\n                  \"Score\": 747\n                }\n              ],\n              \"TL\": [\n                {\n                  \"DateOpened\": \"20240316\",\n                  \"SegmentTag\": \"T001\",\n                  \"AccountType\": 13,\n                  \"CurrentBalance\": 34780,\n                  \"DateLastPayment\": \"20250915\",\n                  \"MemberShortName\": \"NOT DISCLOSED\",\n                  \"PaymentHistory1\": \"000000000000000000000XXX014XXX000000000000000000000000\",\n                  \"PaymentHistory2\": \"000\",\n                  \"OwnershipIndicator\": 1,\n                  \"HighCreditSanctioned\": 102000,\n                  \"DateReportedCertified\": \"20250915\",\n                  \"PaymentHistoryEndDate\": \"20240301\",\n                  \"PaymentHistoryStartDate\": \"20250901\"\n                },\n                {\n                  \"DateClosed\": \"20250224\",\n                  \"DateOpened\": \"20230706\",\n                  \"SegmentTag\": \"T002\",\n                  \"AccountType\": 10,\n                  \"CreditLimit\": 10000,\n                  \"CurrentBalance\": 0,\n                  \"MemberShortName\": \"NOT DISCLOSED\",\n                  \"PaymentHistory1\": \"000000000000000000000000000000000000000000000000000000\",\n                  \"PaymentHistory2\": \"000000\",\n                  \"OwnershipIndicator\": 1,\n                  \"DateReportedCertified\": \"20250228\",\n                  \"PaymentHistoryEndDate\": \"20230701\",\n                  \"PaymentHistoryStartDate\": \"20250201\"\n                }\n              ],\n              \"TUEF\": {\n                \"DateProcessed\": \"20260605\"\n              }\n            }\n          ]\n        }\n      }\n    }\n  }\n]",
              "code": "const base    = JsonUtils.readJsonFromFile1('AdditionalBasicDetails_Flipkart');\nconst payload = await JsonUtils.modifyPayload({ [`additional_partner_data.${field}`]: badValue }, base);\nconst { appId, additionalRes } = await freshFkAppWithOffer(this, payload);\nexpect(additionalRes.status, 'Additional Details HTTP status').to.equal(200);\n// Locate OMNI_HC vendor log row for this app.\nlet omniHcSpare = null, omniHcRow = null;\nfor (let attempt = 1; attempt <= 8; attempt++) {\n    const rawVendorRows = await queryWithRetry(\n        'SELECT * FROM services.underwriting_vendor_transaction_log WHERE requestId = ? ORDER BY id DESC LIMIT 20',\n        [appId]\n    );\n    for (const row of (rawVendorRows || []).map(parseRow)) {\n        const spare = extractOmniHcSpare(row);\n        if (spare) { omniHcRow = row; omniHcSpare = spare; break; }\n    }\n    if (omniHcSpare) break;\n    await new Promise(res => setTimeout(res, 2000));\n}\nconst found   = !!omniHcSpare;\nconst actual  = found ? getSlot(omniHcSpare, slot) : undefined;\nconst visible = actual !== undefined;\nconst summary = !found\n    ? 'OMNI_HC vendor log not found (offer never reached Approved — inconclusive)'\n    : visible\n        ? `VISIBLE — slot ${slot} = ${JSON.stringify(actual)}`\n        : `NOT VISIBLE — slot ${slot} absent (value silently dropped)`;\nconsole.log(`\\n  ${C}[Vendor Log Visibility] additional_partner_data.${field} sent ${JSON.stringify(badValue)} → ${summary}${X}`);\naddContext(this, {\n    title: `Vendor Log Visibility — ${field} = ${JSON.stringify(badValue)}`,\n    value: { field, slot, sentValue: badValue, vendorLogRowFound: found,\n             vendorLogValue: actual ?? null, visible, summary,\n             raw_input: omniHcRow?.input || null },\n});\nif (found) {\n    if (expected === undefined) {\n        expect(actual, `${field} sent ${JSON.stringify(badValue)} — must NOT appear in vendor log [${slot}] (cast fails, value dropped)`).to.be.undefined;\n    } else {\n        expect(actual, `${field} sent ${JSON.stringify(badValue)} — must appear verbatim in vendor log [${slot}]`).to.equal(expected);\n    }\n} else {\n    console.log(`  ${Y}⚠ Skipping assertion — vendor log row not found for appId=${appId}${X}`);\n}",
              "err": {},
              "uuid": "4d161a4c-e4de-4265-9d9b-23a8cbd05d3e",
              "parentUUID": "f16d7b65-8d7f-4581-9802-528a12b29b7b",
              "isHook": false,
              "skipped": false
            },
            {
              "title": "additional_partner_data.fk_bnpl_emi = \"yes\" → vendor log slot Flag04",
              "fullTitle": "[OS-2251] Additional Details — Section B.5: Vendor Log Visibility (Negative String Inputs) additional_partner_data.fk_bnpl_emi = \"yes\" → vendor log slot Flag04",
              "timedOut": false,
              "duration": 70557,
              "state": "passed",
              "speed": "slow",
              "pass": true,
              "fail": false,
              "pending": false,
              "context": "[\n  {\n    \"title\": \"App Creation Response\",\n    \"value\": {\n      \"status\": \"success\",\n      \"statusCode\": 200,\n      \"response\": {\n        \"application_id\": \"9203018911871098A\"\n      }\n    }\n  },\n  {\n    \"title\": \"Additional Details Request\",\n    \"value\": {\n      \"company_name\": \"Flipkart\",\n      \"is_pre_qualified\": true,\n      \"partner_score\": \"wew\",\n      \"additional_partner_data\": {\n        \"affluence_score\": \"H\",\n        \"cremo_bucket\": \"5\",\n        \"emi_bucket\": \"3\",\n        \"account_age\": \"250\",\n        \"add_age\": \"12\",\n        \"add_numericals\": \"10\",\n        \"add_char\": \"120\",\n        \"freq_delivered_pincode\": \"560001\",\n        \"recent_pincode\": \"560034\",\n        \"fk_bnpl_emi\": \"yes\",\n        \"add_type_home\": \"1\",\n        \"add_type_work\": \"0\",\n        \"add_type_others\": \"0\",\n        \"add_is_default_shipping_contact_flag\": \"true\",\n        \"add_lat\": \"12.9716\",\n        \"add_long\": \"77.5946\",\n        \"add_order_share_24m\": \"80.5\",\n        \"add_gmv_share_24m\": \"75.2\",\n        \"pcd_order_share_24m\": \"82.4\",\n        \"pcd_gmv_share_24m\": \"88.1\",\n        \"add_month_since_last_delivery_date\": \"1\",\n        \"add_month_since_first_delivery_date\": \"24\",\n        \"add_orders_count_24m\": \"50\",\n        \"add_uniq_addresses_cnt_24m\": \"3\",\n        \"add_gmv_value_24m\": \"45000\",\n        \"pcd_age\": \"18\",\n        \"pcd_month_since_last_delivery_date\": \"2\",\n        \"pcd_month_since_first_delivery_date\": \"36\",\n        \"pcd_orders_count_24m\": \"60\",\n        \"pcd_uniq_pincode_address_cnt_24m\": \"4\",\n        \"pcd_uniq_addresses_pincode_cnt_ever\": \"7\",\n        \"pcd_gmv_value_24m\": \"60000\",\n        \"max_cart_value\": \"15000\"\n      }\n    }\n  },\n  {\n    \"title\": \"Additional Details Response\",\n    \"value\": {\n      \"response\": {\n        \"status\": \"success\",\n        \"statusCode\": 200,\n        \"message\": \"Additional Details Added\"\n      },\n      \"validation\": {\n        \"expected_status\": 200,\n        \"actual_status\": 200,\n        \"result\": \"✓ PASS\"\n      }\n    }\n  },\n  {\n    \"title\": \"Vendor Log Visibility — fk_bnpl_emi = \\\"yes\\\"\",\n    \"value\": {\n      \"field\": \"fk_bnpl_emi\",\n      \"slot\": \"Flag04\",\n      \"sentValue\": \"yes\",\n      \"vendorLogRowFound\": true,\n      \"vendorLogValue\": \"yes\",\n      \"visible\": true,\n      \"summary\": \"VISIBLE — slot Flag04 = \\\"yes\\\"\",\n      \"raw_input\": {\n        \"DV-Product\": {\n          \"Product\": [\n            {\n              \"ProductID\": \"PL\",\n              \"ProductType\": \"PL\",\n              \"TenureMonths\": 0,\n              \"AppliedAmount\": 0\n            }\n          ]\n        },\n        \"DV-Applicant\": {\n          \"Applicant\": [\n            {\n              \"Spare\": {\n                \"Flag01\": \"N\",\n                \"Flag04\": \"Y\",\n                \"String05\": \"0.02\",\n                \"String06\": \"FT:Y;AZ:Y;WA:Y;\",\n                \"Decimal01\": 28923.13,\n                \"Decimal02\": 0,\n                \"Decimal03\": 14,\n                \"Decimal04\": 1,\n                \"Integer10\": 1\n              },\n              \"Gender\": \"1\",\n              \"Address\": [\n                {\n                  \"City\": \"Dummy\",\n                  \"State\": \"29\",\n                  \"Pincode\": \"560066\",\n                  \"AddressType\": \"R\",\n                  \"AddressLine1\": \"Dummy\",\n                  \"AddressCategory\": \"C\"\n                }\n              ],\n              \"LastName\": \"Dummy\",\n              \"FirstName\": \"Dummy\",\n              \"Employment\": [\n                {\n                  \"GrossIncome\": 40000,\n                  \"TakeHomeSalary\": 40000,\n                  \"EmploymentStatus\": \"S\"\n                }\n              ],\n              \"DateOfBirth\": \"19960709\",\n              \"ApplicantType\": \"Primary\",\n              \"Identification\": [\n                {\n                  \"IdentificationType\": \"PAN\",\n                  \"IdentificationNumber\": \"ABCDE1234F\"\n                }\n              ],\n              \"ApplicantCategory\": \"Individual\"\n            }\n          ]\n        },\n        \"DV-Application\": {\n          \"Spare\": {\n            \"Flag02\": \"D\",\n            \"Flag04\": \"AR_2\",\n            \"Flag05\": \"PREBANK\",\n            \"String01\": \"OMNI_PRE\",\n            \"String02\": \"PLDSA_May25_V1\",\n            \"String03\": \"6047827079771068P\",\n            \"String04\": \"PL_EMBEDDED\",\n            \"String05\": \"CIBIL\",\n            \"String07\": \"AR_2\",\n            \"String08\": \"KTB\",\n            \"String11\": \"PL_EMBEDDED_PARTNER\",\n            \"Decimal05\": 0,\n            \"Integer02\": 0,\n            \"Integer10\": 1\n          },\n          \"ServiceID\": \"NewApp\",\n          \"ClientReferenceID\": \"9203018911871098A\"\n        },\n        \"WorkingStorageSpare\": {\n          \"Applicant\": [\n            {\n              \"Flag03\": \"1\",\n              \"Flag04\": 0,\n              \"Flag05\": \"false\",\n              \"String08\": \";;;;;;\",\n              \"String09\": \";;;;;;;;;\",\n              \"String11\": \"NA\"\n            }\n          ],\n          \"Application\": {\n            \"Flag03\": \"0\",\n            \"Flag04\": \"yes\",\n            \"String03\": \";;\",\n            \"String05\": \"\",\n            \"String06\": \"0.0896\",\n            \"String07\": \"0.0957\",\n            \"String08\": \"0.0023\",\n            \"String12\": \"3\",\n            \"String13\": \"5\",\n            \"String14\": \"H\",\n            \"String16\": \"\",\n            \"String19\": \"560034\",\n            \"Integer01\": 0,\n            \"Integer05\": 250,\n            \"Integer06\": 12,\n            \"Integer07\": 10,\n            \"Integer08\": 120,\n            \"Integer09\": 560001\n          }\n        },\n        \"WorkingStorage-CIBILBureau\": {\n          \"Applicant\": [\n            {\n              \"IQ\": [\n                {\n                  \"SegmentTag\": \"I001\",\n                  \"DateEnquiry\": \"20240408\",\n                  \"EnquiryAmount\": 50000,\n                  \"EnquiryPurpose\": 5\n                },\n                {\n                  \"SegmentTag\": \"I002\",\n                  \"DateEnquiry\": \"20240312\",\n                  \"EnquiryAmount\": 102000,\n                  \"EnquiryPurpose\": 1\n                },\n                {\n                  \"SegmentTag\": \"I003\",\n                  \"DateEnquiry\": \"20230705\",\n                  \"EnquiryAmount\": 10000,\n                  \"EnquiryPurpose\": 10\n                }\n              ],\n              \"SC\": [\n                {\n                  \"Score\": 747\n                }\n              ],\n              \"TL\": [\n                {\n                  \"DateOpened\": \"20240316\",\n                  \"SegmentTag\": \"T001\",\n                  \"AccountType\": 13,\n                  \"CurrentBalance\": 34780,\n                  \"DateLastPayment\": \"20250915\",\n                  \"MemberShortName\": \"NOT DISCLOSED\",\n                  \"PaymentHistory1\": \"000000000000000000000XXX014XXX000000000000000000000000\",\n                  \"PaymentHistory2\": \"000\",\n                  \"OwnershipIndicator\": 1,\n                  \"HighCreditSanctioned\": 102000,\n                  \"DateReportedCertified\": \"20250915\",\n                  \"PaymentHistoryEndDate\": \"20240301\",\n                  \"PaymentHistoryStartDate\": \"20250901\"\n                },\n                {\n                  \"DateClosed\": \"20250224\",\n                  \"DateOpened\": \"20230706\",\n                  \"SegmentTag\": \"T002\",\n                  \"AccountType\": 10,\n                  \"CreditLimit\": 10000,\n                  \"CurrentBalance\": 0,\n                  \"MemberShortName\": \"NOT DISCLOSED\",\n                  \"PaymentHistory1\": \"000000000000000000000000000000000000000000000000000000\",\n                  \"PaymentHistory2\": \"000000\",\n                  \"OwnershipIndicator\": 1,\n                  \"DateReportedCertified\": \"20250228\",\n                  \"PaymentHistoryEndDate\": \"20230701\",\n                  \"PaymentHistoryStartDate\": \"20250201\"\n                }\n              ],\n              \"TUEF\": {\n                \"DateProcessed\": \"20260605\"\n              }\n            }\n          ]\n        }\n      }\n    }\n  }\n]",
              "code": "const base    = JsonUtils.readJsonFromFile1('AdditionalBasicDetails_Flipkart');\nconst payload = await JsonUtils.modifyPayload({ [`additional_partner_data.${field}`]: badValue }, base);\nconst { appId, additionalRes } = await freshFkAppWithOffer(this, payload);\nexpect(additionalRes.status, 'Additional Details HTTP status').to.equal(200);\n// Locate OMNI_HC vendor log row for this app.\nlet omniHcSpare = null, omniHcRow = null;\nfor (let attempt = 1; attempt <= 8; attempt++) {\n    const rawVendorRows = await queryWithRetry(\n        'SELECT * FROM services.underwriting_vendor_transaction_log WHERE requestId = ? ORDER BY id DESC LIMIT 20',\n        [appId]\n    );\n    for (const row of (rawVendorRows || []).map(parseRow)) {\n        const spare = extractOmniHcSpare(row);\n        if (spare) { omniHcRow = row; omniHcSpare = spare; break; }\n    }\n    if (omniHcSpare) break;\n    await new Promise(res => setTimeout(res, 2000));\n}\nconst found   = !!omniHcSpare;\nconst actual  = found ? getSlot(omniHcSpare, slot) : undefined;\nconst visible = actual !== undefined;\nconst summary = !found\n    ? 'OMNI_HC vendor log not found (offer never reached Approved — inconclusive)'\n    : visible\n        ? `VISIBLE — slot ${slot} = ${JSON.stringify(actual)}`\n        : `NOT VISIBLE — slot ${slot} absent (value silently dropped)`;\nconsole.log(`\\n  ${C}[Vendor Log Visibility] additional_partner_data.${field} sent ${JSON.stringify(badValue)} → ${summary}${X}`);\naddContext(this, {\n    title: `Vendor Log Visibility — ${field} = ${JSON.stringify(badValue)}`,\n    value: { field, slot, sentValue: badValue, vendorLogRowFound: found,\n             vendorLogValue: actual ?? null, visible, summary,\n             raw_input: omniHcRow?.input || null },\n});\nif (found) {\n    if (expected === undefined) {\n        expect(actual, `${field} sent ${JSON.stringify(badValue)} — must NOT appear in vendor log [${slot}] (cast fails, value dropped)`).to.be.undefined;\n    } else {\n        expect(actual, `${field} sent ${JSON.stringify(badValue)} — must appear verbatim in vendor log [${slot}]`).to.equal(expected);\n    }\n} else {\n    console.log(`  ${Y}⚠ Skipping assertion — vendor log row not found for appId=${appId}${X}`);\n}",
              "err": {},
              "uuid": "4bedb824-9947-4a93-ad44-f940e0f17a89",
              "parentUUID": "f16d7b65-8d7f-4581-9802-528a12b29b7b",
              "isHook": false,
              "skipped": false
            }
          ],
          "suites": [],
          "passes": [
            "3e59c717-f19a-4ddc-b68f-afe4594d7b90",
            "7fc81d00-b050-4507-9110-a0144910595b",
            "cc3b8fc9-ac6d-4285-82c3-cf77686afc41",
            "7799d0b7-893d-4682-a2b1-5972cbbf08f4",
            "d889427b-3ac5-4ae9-85c5-9674ee00e1f9",
            "ec651b02-e956-4e7f-a791-72c38f9e6ae9",
            "f20228b7-2625-4299-84c3-0398113ac073",
            "4d161a4c-e4de-4265-9d9b-23a8cbd05d3e",
            "4bedb824-9947-4a93-ad44-f940e0f17a89"
          ],
          "failures": [
            "1b33e991-d77f-431e-bfd1-24f887dc3c30",
            "1078314b-6fc8-4404-aa13-e1c6ae73ab34"
          ],
          "pending": [],
          "skipped": [],
          "duration": 688534,
          "root": false,
          "rootEmpty": false,
          "_timeout": 300000
        }
      ],
      "passes": [],
      "failures": [],
      "pending": [],
      "skipped": [],
      "duration": 0,
      "root": true,
      "rootEmpty": true,
      "_timeout": 300000
    }
  ],
  "meta": {
    "mocha": {
      "version": "10.8.2"
    },
    "mochawesome": {
      "options": {
        "quiet": true,
        "reportFilename": "mochawesome",
        "saveHtml": true,
        "saveJson": true,
        "consoleReporter": "spec",
        "useInlineDiffs": false,
        "code": true
      },
      "version": "7.1.4"
    },
    "marge": {
      "options": {
        "id": "default",
        "reportDir": "mochawesome-report",
        "reportFilename": "mochawesome",
        "quiet": true,
        "overwrite": true,
        "html": true,
        "json": true,
        "inlineAssets": true
      },
      "version": "6.3.2"
    }
  }
}