{
  "stats": {
    "suites": 22,
    "tests": 72,
    "passes": 61,
    "pending": 7,
    "failures": 4,
    "start": "2026-06-24T08:54:57.788Z",
    "end": "2026-06-24T08:57:03.752Z",
    "duration": 125964,
    "testsRegistered": 72,
    "passPercent": 93.84615384615384,
    "pendingPercent": 9.722222222222223,
    "other": 0,
    "hasOther": false,
    "skipped": 0,
    "hasSkipped": false
  },
  "results": [
    {
      "uuid": "51f65686-64e8-466e-a86f-de2cecfff7e3",
      "title": "",
      "fullFile": "",
      "file": "",
      "beforeHooks": [
        {
          "title": "\"before all\" hook in \"{root}\"",
          "fullTitle": "\"before all\" hook in \"{root}\"",
          "timedOut": false,
          "duration": 363,
          "state": null,
          "speed": null,
          "pass": false,
          "fail": false,
          "pending": false,
          "context": null,
          "code": "const aprConfig = await CommonAPI.getAprComplianceConfig();\nAPR_MAX = aprConfig.maxApr;\naprComplianceEnabled = aprConfig.enabled;\nconsole.log(`[APR Config] aprComplianceEnabled=${aprComplianceEnabled}, APR_MAX=${APR_MAX}`);\n// Reset all gate fields so stale values from previous runs don't bleed through",
          "err": {},
          "uuid": "f3f551e0-359f-46d8-bdf0-234b4844e889",
          "parentUUID": "51f65686-64e8-466e-a86f-de2cecfff7e3",
          "isHook": true,
          "skipped": false
        },
        {
          "title": "\"before each\" hook in \"{root}\"",
          "fullTitle": "\"before each\" hook in \"{root}\"",
          "timedOut": false,
          "duration": 0,
          "state": null,
          "speed": null,
          "pass": false,
          "fail": false,
          "pending": false,
          "context": null,
          "code": "clearTestResponses();",
          "err": {},
          "uuid": "d0810789-b1fd-41c7-a65c-39416c7219ce",
          "parentUUID": "51f65686-64e8-466e-a86f-de2cecfff7e3",
          "isHook": true,
          "skipped": false
        }
      ],
      "afterHooks": [
        {
          "title": "\"after each\" hook in \"{root}\"",
          "fullTitle": "\"after each\" hook in \"{root}\"",
          "timedOut": false,
          "duration": 0,
          "state": null,
          "speed": null,
          "pass": false,
          "fail": false,
          "pending": false,
          "context": null,
          "code": "attachAllResponsesToContext(this);",
          "err": {},
          "uuid": "90314f08-b34b-43b1-9775-4617875b27ed",
          "parentUUID": "51f65686-64e8-466e-a86f-de2cecfff7e3",
          "isHook": true,
          "skipped": false
        }
      ],
      "tests": [],
      "suites": [
        {
          "uuid": "6becec46-1869-466c-ab99-587a8fa73f94",
          "title": "Token Creation",
          "fullFile": "/Users/anirudhpenumaka/pl-api-automation/Embedded/test/E2E_Embedded_Sanity.js",
          "file": "/test/E2E_Embedded_Sanity.js",
          "beforeHooks": [
            {
              "title": "\"before all\" hook in \"Token Creation\"",
              "fullTitle": "Token Creation \"before all\" hook in \"Token Creation\"",
              "timedOut": false,
              "duration": 2666,
              "state": null,
              "speed": null,
              "pass": false,
              "fail": false,
              "pending": false,
              "context": null,
              "code": "await delay(2500); // Wait 2.5 seconds before starting this describe block\nif (constants.PARTNER === 'Airtel') {\n    headers = await CommonAPI.tokenCreation(\"Airtel\");\n}\nelse if (constants.PARTNER === 'Flipkart') {\n    headers = await CommonAPI.tokenCreation(\"Flipkart\");\n}\nelse {\n    headers = await CommonAPI.tokenCreation(\"Paytm\");\n}",
              "err": {},
              "uuid": "233f3382-f9c9-4fca-b5b5-44b0f4091519",
              "parentUUID": "6becec46-1869-466c-ab99-587a8fa73f94",
              "isHook": true,
              "skipped": false
            }
          ],
          "afterHooks": [],
          "tests": [
            {
              "title": "Check response is not empty",
              "fullTitle": "Token Creation Check response is not empty",
              "timedOut": false,
              "duration": 0,
              "state": "passed",
              "speed": "fast",
              "pass": true,
              "fail": false,
              "pending": false,
              "context": null,
              "code": "",
              "err": {},
              "uuid": "95393f88-8bd1-4c30-8441-560e16710655",
              "parentUUID": "6becec46-1869-466c-ab99-587a8fa73f94",
              "isHook": false,
              "skipped": false
            }
          ],
          "suites": [],
          "passes": [
            "95393f88-8bd1-4c30-8441-560e16710655"
          ],
          "failures": [],
          "pending": [],
          "skipped": [],
          "duration": 0,
          "root": false,
          "rootEmpty": false,
          "_timeout": 70000
        },
        {
          "uuid": "d4e1d8a8-baab-4ce4-8387-87e5e2d7eaaf",
          "title": "PAN Creation",
          "fullFile": "/Users/anirudhpenumaka/pl-api-automation/Embedded/test/E2E_Embedded_Sanity.js",
          "file": "/test/E2E_Embedded_Sanity.js",
          "beforeHooks": [
            {
              "title": "\"before all\" hook in \"PAN Creation\"",
              "fullTitle": "PAN Creation \"before all\" hook in \"PAN Creation\"",
              "timedOut": false,
              "duration": 2615,
              "state": null,
              "speed": null,
              "pass": false,
              "fail": false,
              "pending": false,
              "context": null,
              "code": "await delay(2500);\nconst result = await CommonAPI.createPan();\npanRes = result.panRes;\npanNumber = result.panNumber;",
              "err": {},
              "uuid": "4d5ebae3-c652-4bda-97a2-a1ebceb38096",
              "parentUUID": "d4e1d8a8-baab-4ce4-8387-87e5e2d7eaaf",
              "isHook": true,
              "skipped": false
            }
          ],
          "afterHooks": [],
          "tests": [
            {
              "title": "Check PAN API response is success",
              "fullTitle": "PAN Creation Check PAN API response is success",
              "timedOut": false,
              "duration": 16,
              "state": "passed",
              "speed": "fast",
              "pass": true,
              "fail": false,
              "pending": false,
              "context": "{\n  \"title\": \"API Response — HTTP 200\",\n  \"value\": {\n    \"Status\": \"Success\",\n    \"Message\": \"Data Inserted\"\n  }\n}",
              "code": "attachInitResponseToContext(this, panRes, null);\nexpect(panRes.body).to.not.be.empty;\nexpect(panRes.status).to.equal(200);",
              "err": {},
              "uuid": "add4358f-b87c-4466-8957-a69dc90f4055",
              "parentUUID": "d4e1d8a8-baab-4ce4-8387-87e5e2d7eaaf",
              "isHook": false,
              "skipped": false
            }
          ],
          "suites": [],
          "passes": [
            "add4358f-b87c-4466-8957-a69dc90f4055"
          ],
          "failures": [],
          "pending": [],
          "skipped": [],
          "duration": 16,
          "root": false,
          "rootEmpty": false,
          "_timeout": 70000
        },
        {
          "uuid": "f4c1857f-e40b-4e33-9043-cc9406d580b8",
          "title": "CIBIL Update",
          "fullFile": "/Users/anirudhpenumaka/pl-api-automation/Embedded/test/E2E_Embedded_Sanity.js",
          "file": "/test/E2E_Embedded_Sanity.js",
          "beforeHooks": [
            {
              "title": "\"before all\" hook in \"CIBIL Update\"",
              "fullTitle": "CIBIL Update \"before all\" hook in \"CIBIL Update\"",
              "timedOut": false,
              "duration": 2738,
              "state": null,
              "speed": null,
              "pass": false,
              "fail": false,
              "pending": false,
              "context": null,
              "code": "await delay(2500);\nconst result = await CommonAPI.updateCibil(panNumber);\ncibilRes = result.cibilRes;\nmobileNumber = result.mobile;",
              "err": {},
              "uuid": "78ce728b-8bcc-4111-ad39-eb97a5a78ec6",
              "parentUUID": "f4c1857f-e40b-4e33-9043-cc9406d580b8",
              "isHook": true,
              "skipped": false
            }
          ],
          "afterHooks": [],
          "tests": [
            {
              "title": "Check CIBIL API response is success",
              "fullTitle": "CIBIL Update Check CIBIL API response is success",
              "timedOut": false,
              "duration": 1,
              "state": "passed",
              "speed": "fast",
              "pass": true,
              "fail": false,
              "pending": false,
              "context": "{\n  \"title\": \"API Response — HTTP 200\",\n  \"value\": {\n    \"Status\": \"Success\",\n    \"Message\": \"Data Inserted\"\n  }\n}",
              "code": "attachInitResponseToContext(this, cibilRes, null);\nexpect(cibilRes.body).to.not.be.empty;\nexpect(cibilRes.status).to.equal(200);",
              "err": {},
              "uuid": "281a58e2-ddf5-41a2-94b8-4c1a7c568201",
              "parentUUID": "f4c1857f-e40b-4e33-9043-cc9406d580b8",
              "isHook": false,
              "skipped": false
            }
          ],
          "suites": [],
          "passes": [
            "281a58e2-ddf5-41a2-94b8-4c1a7c568201"
          ],
          "failures": [],
          "pending": [],
          "skipped": [],
          "duration": 1,
          "root": false,
          "rootEmpty": false,
          "_timeout": 70000
        },
        {
          "uuid": "e4b5da54-b696-4385-ba35-9cd357294694",
          "title": "Application creation",
          "fullFile": "/Users/anirudhpenumaka/pl-api-automation/Embedded/test/E2E_Embedded_Sanity.js",
          "file": "/test/E2E_Embedded_Sanity.js",
          "beforeHooks": [
            {
              "title": "\"before all\" hook in \"Application creation\"",
              "fullTitle": "Application creation \"before all\" hook in \"Application creation\"",
              "timedOut": false,
              "duration": 2502,
              "state": null,
              "speed": null,
              "pass": false,
              "fail": false,
              "pending": false,
              "context": null,
              "code": "await delay(2500); // Wait 2.5 seconds before starting this describe bloc",
              "err": {},
              "uuid": "20064dcb-8b63-4759-949a-5c488e166703",
              "parentUUID": "e4b5da54-b696-4385-ba35-9cd357294694",
              "isHook": true,
              "skipped": false
            },
            {
              "title": "\"before all\" hook in \"Application creation\"",
              "fullTitle": "Application creation \"before all\" hook in \"Application creation\"",
              "timedOut": false,
              "duration": 1627,
              "state": null,
              "speed": null,
              "pass": false,
              "fail": false,
              "pending": false,
              "context": null,
              "code": "const isFlipkartSelfEmp = constants.PARTNER === 'Flipkart' && constants.EMP_TYPE === 'SELFEMP';\n// GSTIN_SCENARIO env override — lets the same suite exercise OS-2254 Rule 0\n// (GST Match) without code changes:\n//   MATCH (default) — known-good GSTIN that IS in the Karza soft-pull results\n//   NONE            — gstin omitted entirely (Rule 0 must be skipped, not fired)\n//   INVALID         — syntactically malformed GSTIN\n//   MISMATCH        — well-formed GSTIN that is NOT in the Karza soft-pull results\nconst GSTIN_SCENARIOS = {\n    MATCH:    '11AAACR5055K1ZK',\n    NONE:     null,\n    INVALID:  'GARBAGE12345',\n    MISMATCH: '27ABCDE1234F1Z5',\n};\nconst gstinScenario = (process.env.GSTIN_SCENARIO || 'MATCH').toUpperCase();\nconst scenarioGstin = Object.prototype.hasOwnProperty.call(GSTIN_SCENARIOS, gstinScenario)\n    ? GSTIN_SCENARIOS[gstinScenario] : GSTIN_SCENARIOS.MATCH;\nconsole.log(`  GSTIN_SCENARIO=${gstinScenario} → gstin sent: ${scenarioGstin ?? '(none)'}`);\n// Single source of truth — `extra` (dot-path keys for the applicationCreate\n// payload) is derived from sentEmployment instead of being hand-duplicated,\n// so the two can never drift out of sync.\nsentEmployment = isFlipkartSelfEmp ? {\n    emp_type:           'SELFEMP',\n    annual_turnover:    'Rs.0 to 40 lakhs',\n    nature_of_business: 'MANUFACTURER',\n    business_type:      'PROPRIETORSHIP',\n    ...(scenarioGstin ? { gstin: scenarioGstin } : {}),\n    business_name:      'Sharma Traders Pvt Ltd',\n} : {};\nconst extra = Object.fromEntries(\n    Object.entries(sentEmployment).map(([key, value]) => [`employment.${key}`, value])\n);\nAppresponse = await CommonAPI.applicationCreate(panNumber, mobileNumber, extra);\nconst { applicationCreateres } = Appresponse;\napp_id = applicationCreateres.body.response.application_id;\nawait saveAppData(app_id);\nCommonAPI.writeTestContext({ appId: app_id });",
              "err": {},
              "uuid": "1af81cb6-4228-4cac-8f88-926596cbd481",
              "parentUUID": "e4b5da54-b696-4385-ba35-9cd357294694",
              "isHook": true,
              "skipped": false
            }
          ],
          "afterHooks": [],
          "tests": [
            {
              "title": "Check response is not empty and API call is sucess",
              "fullTitle": "Application creation Check response is not empty and API call is sucess",
              "timedOut": false,
              "duration": 1,
              "state": "passed",
              "speed": "fast",
              "pass": true,
              "fail": false,
              "pending": false,
              "context": "{\n  \"title\": \"API Response — HTTP 200\",\n  \"value\": {\n    \"status\": \"success\",\n    \"statusCode\": 200,\n    \"response\": {\n      \"application_id\": \"7710131922871021A\"\n    }\n  }\n}",
              "code": "const { applicationCreateres } = Appresponse;\nconst { body } = applicationCreateres;\n// Attach the application init response to this     test's context for Mochawesome\nattachInitResponseToContext(this, applicationCreateres, null);\nexpect(body).to.not.be.empty;\nexpect(body.statusCode).equals(200);\nexpect(body.status).equals('success');\nexpect(body.response).to.have.property('application_id');\nexpect(body.response.application_id).to.be.a('string').and.not.be.empty;",
              "err": {},
              "uuid": "d19ba53d-03d7-4d2c-8cf2-dbb713e9f1cf",
              "parentUUID": "e4b5da54-b696-4385-ba35-9cd357294694",
              "isHook": false,
              "skipped": false
            },
            {
              "title": "Verify whether sourcing partner name is stored in Applicant details table",
              "fullTitle": "Application creation Verify whether sourcing partner name is stored in Applicant details table",
              "timedOut": false,
              "duration": 493,
              "state": "passed",
              "speed": "slow",
              "pass": true,
              "fail": false,
              "pending": false,
              "context": null,
              "code": "const { UpdatedPayLoad } = Appresponse;\nconst applicantdetails = await CommonAPI.getApplicationDetailsFromDb(app_id);\nconst partnerName = applicantdetails.body.application.PARTNER.SOURCING_PARTNER.PARTNER_NAME;\nconst expectedPartnerName = UpdatedPayLoad.sourcing_partner.partner_name;\nexpect(partnerName).equals(expectedPartnerName);\nexpect(partnerName).to.be.a('string').and.not.be.empty;",
              "err": {},
              "uuid": "ad86e950-43d7-4524-972e-2097317296bf",
              "parentUUID": "e4b5da54-b696-4385-ba35-9cd357294694",
              "isHook": false,
              "skipped": false
            }
          ],
          "suites": [],
          "passes": [
            "d19ba53d-03d7-4d2c-8cf2-dbb713e9f1cf",
            "ad86e950-43d7-4524-972e-2097317296bf"
          ],
          "failures": [],
          "pending": [],
          "skipped": [],
          "duration": 494,
          "root": false,
          "rootEmpty": false,
          "_timeout": 70000
        },
        {
          "uuid": "b0b27fa6-c4ab-45a5-9143-2b8a0ee93994",
          "title": "AdditionalDetails",
          "fullFile": "/Users/anirudhpenumaka/pl-api-automation/Embedded/test/E2E_Embedded_Sanity.js",
          "file": "/test/E2E_Embedded_Sanity.js",
          "beforeHooks": [
            {
              "title": "\"before all\" hook in \"AdditionalDetails\"",
              "fullTitle": "AdditionalDetails \"before all\" hook in \"AdditionalDetails\"",
              "timedOut": false,
              "duration": 3505,
              "state": null,
              "speed": null,
              "pass": false,
              "fail": false,
              "pending": false,
              "context": null,
              "code": "await delay(2500); // Wait 2.5 seconds before starting this describe block\n       \ncres = await CommonAPI.AdditionalDetails(app_id, additionalDetailsFile);\ncustomerprofile = await CommonAPI.getcustomerProfile(app_id);",
              "err": {},
              "uuid": "da2bd132-2caf-4325-8615-b0599c1680c6",
              "parentUUID": "b0b27fa6-c4ab-45a5-9143-2b8a0ee93994",
              "isHook": true,
              "skipped": false
            }
          ],
          "afterHooks": [],
          "tests": [
            {
              "title": "Check response is as per the contract and API call is sucess",
              "fullTitle": "AdditionalDetails Check response is as per the contract and API call is sucess",
              "timedOut": false,
              "duration": 1,
              "state": "passed",
              "speed": "fast",
              "pass": true,
              "fail": false,
              "pending": false,
              "context": "[\n  {\n    \"title\": \"Request Payload\",\n    \"value\": {\n      \"company_name\": \"Flipkart\",\n      \"is_pre_qualified\": true,\n      \"partner_score\": \"wew\",\n      \"additional_partner_data\": {\n        \"affluence_score\": \"H\",\n        \"cremo_bucket\": \"5\",\n        \"emi_bucket\": \"3\",\n        \"account_age\": \"250\",\n        \"add_age\": \"12\",\n        \"add_numericals\": \"10\",\n        \"add_char\": \"120\",\n        \"freq_delivered_pincode\": \"560001\",\n        \"recent_pincode\": \"560034\",\n        \"fk_bnpl_emi\": \"1\",\n        \"add_type_home\": \"1\",\n        \"add_type_work\": \"0\",\n        \"add_type_others\": \"0\",\n        \"add_is_default_shipping_contact_flag\": \"true\",\n        \"add_lat\": \"12.9716\",\n        \"add_long\": \"77.5946\",\n        \"add_order_share_24m\": \"80.5\",\n        \"add_gmv_share_24m\": \"75.2\",\n        \"pcd_order_share_24m\": \"82.4\",\n        \"pcd_gmv_share_24m\": \"88.1\",\n        \"add_month_since_last_delivery_date\": \"1\",\n        \"add_month_since_first_delivery_date\": \"24\",\n        \"add_orders_count_24m\": \"50\",\n        \"add_uniq_addresses_cnt_24m\": \"3\",\n        \"add_gmv_value_24m\": \"45000\",\n        \"pcd_age\": \"18\",\n        \"pcd_month_since_last_delivery_date\": \"2\",\n        \"pcd_month_since_first_delivery_date\": \"36\",\n        \"pcd_orders_count_24m\": \"60\",\n        \"pcd_uniq_pincode_address_cnt_24m\": \"4\",\n        \"pcd_uniq_addresses_pincode_cnt_ever\": \"7\",\n        \"pcd_gmv_value_24m\": \"60000\",\n        \"max_cart_value\": \"15000\"\n      }\n    }\n  },\n  {\n    \"title\": \"API Response — HTTP 200\",\n    \"value\": {\n      \"status\": \"success\",\n      \"statusCode\": 200,\n      \"message\": \"Additional Details Added\"\n    }\n  }\n]",
              "code": "const { additionaldetailsres } = cres;\nconst { body } = additionaldetailsres;\n attachInitResponseToContext(this, additionaldetailsres, cres.PayLoad);\n// Attach the application init response to this     test's context for Mochawesome\nexpect(body).to.not.be.empty;\nexpect(body.status).equals('success');\nexpect(body.statusCode).equals(200);\nexpect(body.message).equals(\"Additional Details Added\");",
              "err": {},
              "uuid": "53b192af-f2f7-4592-98b6-75b00dd7605f",
              "parentUUID": "b0b27fa6-c4ab-45a5-9143-2b8a0ee93994",
              "isHook": false,
              "skipped": false
            },
            {
              "title": "Verify whether partner score updated in Db",
              "fullTitle": "AdditionalDetails Verify whether partner score updated in Db",
              "timedOut": false,
              "duration": 0,
              "state": "passed",
              "speed": "fast",
              "pass": true,
              "fail": false,
              "pending": false,
              "context": null,
              "code": "const { PayLoad } = cres;\nconst actualPartnerScore = customerprofile.body.response.CUSTOMER.PARTNER_SCORE;\nconst expectedPartnerScore = PayLoad.partner_score;\nPaytm_partnerScore = actualPartnerScore;\n\nexpect(actualPartnerScore).equals(expectedPartnerScore);\nexpect(actualPartnerScore).to.exist;\nexpect(expectedPartnerScore).to.exist;",
              "err": {},
              "uuid": "c631cd21-0f64-4866-b72c-cb0781529f97",
              "parentUUID": "b0b27fa6-c4ab-45a5-9143-2b8a0ee93994",
              "isHook": false,
              "skipped": false
            },
            {
              "title": "Verify Airtel-specific additional data is stored in DB",
              "fullTitle": "AdditionalDetails Verify Airtel-specific additional data is stored in DB",
              "timedOut": false,
              "duration": 0,
              "state": "pending",
              "speed": null,
              "pass": false,
              "fail": false,
              "pending": true,
              "context": null,
              "code": "if (!isAirtel) {\n    this.skip();\n    return;\n}\n       appdb = await CommonAPI.getApplicationDetailsFromDb(app_id);\nconst additionalDataS3 = appdb.body.application.PARTNER_DATA.ADDITIONAL_DATA_S3;\n attachInitResponseToContext(this, appdb, null);\nexpect(additionalDataS3).to.be.a('string').and.not.be.empty;",
              "err": {},
              "uuid": "ac6b230c-29f6-4dc2-a7f7-9e9215d29206",
              "parentUUID": "b0b27fa6-c4ab-45a5-9143-2b8a0ee93994",
              "isHook": false,
              "skipped": false
            },
            {
              "title": "TC-01: PARTNER_DATA.SMS_EPFO === true in DynamoDB",
              "fullTitle": "AdditionalDetails TC-01: PARTNER_DATA.SMS_EPFO === true in DynamoDB",
              "timedOut": false,
              "duration": 364,
              "state": "failed",
              "speed": null,
              "pass": false,
              "fail": true,
              "pending": false,
              "context": "{\n  \"title\": \"API Response — HTTP 200\",\n  \"value\": {\n    \"status\": true,\n    \"message\": \"Request Processed Successfully\",\n    \"application\": {\n      \"APPLICATION_ID\": \"7710131922871021A\",\n      \"ACTOR\": \"system@incred.com\",\n      \"CREATED_AT\": 1782291310177,\n      \"CUSTOMER\": {\n        \"0\": {\n          \"CUSTOMER_ID\": \"6598031922871036C\",\n          \"APPLICANT_TYPE\": \"Primary\",\n          \"UCID\": \"9457865249371080UC\"\n        }\n      },\n      \"EMI_365_DAY_BASIS\": true,\n      \"EPOCH\": 1782291313646,\n      \"LOAN_SCHEME\": \"PL_EMBEDDED\",\n      \"LOAN_TYPE\": \"PL\",\n      \"PARTNER\": {\n        \"TYPE_OF_PARTNER\": \"PL_EMBEDDED_PARTNER\",\n        \"SOURCING_PARTNER\": {\n          \"PARTNER_NAME\": \"Flipkart\"\n        },\n        \"PARTNER_ID\": \"6047827079771068P\",\n        \"PARTNER_NAME\": \"FlipKart\",\n        \"ui_option\": true\n      },\n      \"PARTNER_DATA\": {\n        \"PARTNER_SCORE\": \"wew\",\n        \"ADDITIONAL_DATA_S3\": \"4a0245be25f8bde2044794b06671afd6/9c0807389a9854bd8bdb24a2cdb17454\",\n        \"IS_PRE_QUALIFIED\": true\n      },\n      \"PERSONNEL_ID\": \"6047827079771068P@incred.com\",\n      \"STATUS\": \"INCOMPLETE\",\n      \"NACH_DATA\": {},\n      \"CAN_UPDATE\": true\n    },\n    \"customer\": {\n      \"0\": {\n        \"CUSTOMER_ID\": \"6598031922871036C\",\n        \"APPLICANT_TYPE\": \"Primary\",\n        \"UCID\": \"9457865249371080UC\",\n        \"CUSTOMER\": {\n          \"CUSTOMER_ID\": \"6598031922871036C\",\n          \"IS_PARENT\": 0,\n          \"PAN\": \"BEFPH2216H\",\n          \"MOBILE\": \"6139569800\",\n          \"DOB\": \"09/07/1996\",\n          \"CUSTOMER_TYPE\": \"INDIVIDUAL\",\n          \"CREATED_AT\": \"2026-06-24T14:25:10.000Z\",\n          \"EPOCH\": \"2026-06-24T14:25:10.000Z\",\n          \"CONTACT\": {\n            \"0\": {\n              \"TYPE\": \"MOBILE\",\n              \"PRIMARY\": \"Yes\",\n              \"VALUE\": \"6139569800\"\n            }\n          },\n          \"LNAME\": \"rijay Reddy\",\n          \"PARTNER_SCORE\": \"wew\",\n          \"ADDRESS\": {\n            \"0\": {\n              \"LANDMARK\": \"\",\n              \"COUNTRY\": {\n                \"CODE\": \"IN\",\n                \"L1\": \"State\",\n                \"L2\": \"District\",\n                \"L3\": \"Sub District\",\n                \"L4\": \"City\",\n                \"ID\": 1,\n                \"DESC\": \"India\"\n              },\n              \"L1\": \"Karnataka\",\n              \"L2\": \"Bangalore\",\n              \"L3\": \"Bangalore South\",\n              \"ADDRESS_TYPE\": \"Communication\",\n              \"L4\": \"Ramagondanahalli\",\n              \"PINCODE\": \"560066\"\n            }\n          },\n          \"GENDER\": {\n            \"UPDATED_EPOCH\": 1707289468905,\n            \"CODE\": \"F\",\n            \"P_CODE\": \"NA\",\n            \"STATUS\": \"A\",\n            \"CREATED_EPOCH\": 1704994058781,\n            \"MANDATORY\": 0,\n            \"UPLOAD_DOCUMENT\": 1,\n            \"EPOCH\": 1704994058781,\n            \"P_TYPE\": \"NA\",\n            \"TYPE\": \"GENDER_INDIVIDUAL\",\n            \"DESC\": \"Female\"\n          },\n          \"PAN_DETAILS\": {\n            \"STATUS\": \"Active\",\n            \"SEEDING_STATUS_VERIFIED\": true,\n            \"STATUS_DESCRIPTION\": \"Existing and Valid\",\n            \"NAME_VERIFIED\": true,\n            \"PAN\": \"DSHPK4926H\",\n            \"DOB_VERIFIED\": true,\n            \"FATHER_NAME_VERIFIED\": true\n          },\n          \"EMPLOYMENT\": {\n            \"0\": {\n              \"SALARY\": {\n                \"NET_MONTHLY\": 40000,\n                \"DSA_ENTERED_SALARY\": 40000\n              },\n              \"NATURE_OF_BUSINESS\": {\n                \"UPDATED_EPOCH\": 1775587135000,\n                \"STATUS\": \"A\",\n                \"CODE\": \"MANUFACTURER\",\n                \"P_CODE\": \"PL\",\n                \"CREATED_EPOCH\": 1775587135000,\n                \"EPOCH\": 1775587135000,\n                \"DETAIL\": \"Manufacturer\",\n                \"P_TYPE\": \"PRODUCT_CATEGORY\",\n                \"TYPE\": \"NATURE_OF_BUSINESS\",\n                \"DESC\": \"Manufacturer\"\n              },\n              \"EMPLOYMENT_TYPE\": {\n                \"UPDATED_EPOCH\": 1707124571638,\n                \"CODE\": \"SELFEMP\",\n                \"STATUS\": \"A\",\n                \"P_CODE\": \"INDV\",\n                \"CREATED_EPOCH\": 1707124571638,\n                \"UPLOAD_DOCUMENT\": 1,\n                \"MANDATORY\": 0,\n                \"EPOCH\": 1707124571638,\n                \"P_TYPE\": \"CUSTOMER_TYPE\",\n                \"TYPE\": \"CUST_CONSTITUTION\",\n                \"DESC\": \"Self Employed\"\n              },\n              \"BUSINESS_TYPE\": {\n                \"UPDATED_EPOCH\": 1779881218338,\n                \"CODE\": \"PROPRIETORSHIP\",\n                \"STATUS\": \"A\",\n                \"P_CODE\": \"PL_V2.0\",\n                \"KARZA_CODE\": \"proprietorship\",\n                \"EPOCH\": 1779881218338,\n                \"P_TYPE\": \"NA\",\n                \"TYPE\": \"SELF_EMP_BUSINESS_TYPE\",\n                \"DESC\": \"Proprietorship\"\n              },\n              \"ANNUAL_BUSINESS_TURNOVER_RANGE\": \"Rs.0 to 40 lakhs\",\n              \"COMPANY\": {\n                \"NAME\": \"Flipkart\"\n              }\n            }\n          },\n          \"FNAME\": \"Test\",\n          \"verification\": {\n            \"CUSTOMER_ID\": \"6598031922871036C\",\n            \"PAN\": \"NO DATA FOUND\",\n            \"EKYC\": \"NO DATA FOUND\"\n          },\n          \"BUREAU\": {\n            \"status\": false,\n            \"message\": \"Request Processed With Error\",\n            \"error\": {\n              \"message\": \"No Match found\"\n            }\n          }\n        }\n      }\n    },\n    \"unprocessedArtifact\": {},\n    \"FIReport\": [],\n    \"taskHistory\": [],\n    \"currentTask\": []\n  }\n}",
              "code": "const { PayLoad } = cres;\n        const dbRes = await CommonAPI.getApplicationDetailsFromDb(app_id);\n        const expectedsmsepfoScore = PayLoad.sms_epfo;\n\n        attachInitResponseToContext(this, dbRes, null);\n        const partnerData = dbRes.body.application.PARTNER_DATA;\n        expect(partnerData, 'PARTNER_DATA should exist').to.exist;\n        expect(partnerData).to.have.property('SMS_EPFO');\n        expect(partnerData.SMS_EPFO).to.be.a('boolean');\n        expect(partnerData.SMS_EPFO).to.equal(expectedsmsepfoScore);",
              "err": {
                "message": "AssertionError: expected { PARTNER_SCORE: 'wew', …(2) } to have property 'SMS_EPFO'",
                "estack": "AssertionError: expected { PARTNER_SCORE: 'wew', …(2) } to have property 'SMS_EPFO'\n    at Context.<anonymous> (file:///Users/anirudhpenumaka/pl-api-automation/Embedded/test/E2E_Embedded_Sanity.js:289:37)\n    at process.processTicksAndRejections (node:internal/process/task_queues:95:5)",
                "diff": null
              },
              "uuid": "e73aeb9e-16ba-44c4-a11c-3e1d76a52584",
              "parentUUID": "b0b27fa6-c4ab-45a5-9143-2b8a0ee93994",
              "isHook": false,
              "skipped": false
            }
          ],
          "suites": [
            {
              "uuid": "f6648f5e-1be8-4ac0-9fa3-1a0773f9c14d",
              "title": "TC-06: sms_epfo immutability guard",
              "fullFile": "/Users/anirudhpenumaka/pl-api-automation/Embedded/test/E2E_Embedded_Sanity.js",
              "file": "/test/E2E_Embedded_Sanity.js",
              "beforeHooks": [
                {
                  "title": "\"before all\" hook in \"TC-06: sms_epfo immutability guard\"",
                  "fullTitle": "AdditionalDetails TC-06: sms_epfo immutability guard \"before all\" hook in \"TC-06: sms_epfo immutability guard\"",
                  "timedOut": false,
                  "duration": 167,
                  "state": null,
                  "speed": null,
                  "pass": false,
                  "fail": false,
                  "pending": false,
                  "context": null,
                  "code": "secondRes = await CommonAPI.AdditionalDetails(app_id, additionalDetailsFile);",
                  "err": {},
                  "uuid": "352b5b12-06b9-46a0-941c-36c16dce83f7",
                  "parentUUID": "f6648f5e-1be8-4ac0-9fa3-1a0773f9c14d",
                  "isHook": true,
                  "skipped": false
                }
              ],
              "afterHooks": [],
              "tests": [
                {
                  "title": "TC-06: first call (from parent before) returned 200",
                  "fullTitle": "AdditionalDetails TC-06: sms_epfo immutability guard TC-06: first call (from parent before) returned 200",
                  "timedOut": false,
                  "duration": 1,
                  "state": "passed",
                  "speed": "fast",
                  "pass": true,
                  "fail": false,
                  "pending": false,
                  "context": "{\n  \"title\": \"API Response — HTTP 200\",\n  \"value\": {\n    \"status\": \"success\",\n    \"statusCode\": 200,\n    \"message\": \"Additional Details Added\"\n  }\n}",
                  "code": "attachInitResponseToContext(this, cres.additionaldetailsres, null);\nexpect(cres.additionaldetailsres.status).to.equal(200);",
                  "err": {},
                  "uuid": "2d8372df-83fe-4e51-8c67-7be17310d9ab",
                  "parentUUID": "f6648f5e-1be8-4ac0-9fa3-1a0773f9c14d",
                  "isHook": false,
                  "skipped": false
                },
                {
                  "title": "TC-06: second call returns 406 — immutability guard triggered",
                  "fullTitle": "AdditionalDetails TC-06: sms_epfo immutability guard TC-06: second call returns 406 — immutability guard triggered",
                  "timedOut": false,
                  "duration": 0,
                  "state": "passed",
                  "speed": "fast",
                  "pass": true,
                  "fail": false,
                  "pending": false,
                  "context": "{\n  \"title\": \"API Response — HTTP 406\",\n  \"value\": {\n    \"status\": \"failure\",\n    \"statusCode\": 406,\n    \"message\": \"Additional Data already added\"\n  }\n}",
                  "code": "attachInitResponseToContext(this, secondRes.additionaldetailsres, null);\nexpect(secondRes.additionaldetailsres.status).to.equal(406);",
                  "err": {},
                  "uuid": "e448a3c2-6b15-46e6-a33d-8b6c1c4cef09",
                  "parentUUID": "f6648f5e-1be8-4ac0-9fa3-1a0773f9c14d",
                  "isHook": false,
                  "skipped": false
                },
                {
                  "title": "TC-06: 406 response contains expected error message",
                  "fullTitle": "AdditionalDetails TC-06: sms_epfo immutability guard TC-06: 406 response contains expected error message",
                  "timedOut": false,
                  "duration": 0,
                  "state": "passed",
                  "speed": "fast",
                  "pass": true,
                  "fail": false,
                  "pending": false,
                  "context": null,
                  "code": "const msg = secondRes.additionaldetailsres.body?.message || secondRes.additionaldetailsres.body?.error || '';\nexpect(msg).to.satisfy(\n    m => m.includes('Additional Data already added') || m.includes('Partner Score Already added'),\n    `Unexpected 406 message: ${msg}`\n);",
                  "err": {},
                  "uuid": "6182438d-3363-4c6b-8941-04b270bb35a5",
                  "parentUUID": "f6648f5e-1be8-4ac0-9fa3-1a0773f9c14d",
                  "isHook": false,
                  "skipped": false
                }
              ],
              "suites": [],
              "passes": [
                "2d8372df-83fe-4e51-8c67-7be17310d9ab",
                "e448a3c2-6b15-46e6-a33d-8b6c1c4cef09",
                "6182438d-3363-4c6b-8941-04b270bb35a5"
              ],
              "failures": [],
              "pending": [],
              "skipped": [],
              "duration": 1,
              "root": false,
              "rootEmpty": false,
              "_timeout": 70000
            }
          ],
          "passes": [
            "53b192af-f2f7-4592-98b6-75b00dd7605f",
            "c631cd21-0f64-4866-b72c-cb0781529f97"
          ],
          "failures": [
            "e73aeb9e-16ba-44c4-a11c-3e1d76a52584"
          ],
          "pending": [
            "ac6b230c-29f6-4dc2-a7f7-9e9215d29206"
          ],
          "skipped": [],
          "duration": 365,
          "root": false,
          "rootEmpty": false,
          "_timeout": 70000
        },
        {
          "uuid": "5c272ddf-9120-4fc2-9c66-47ef4542221b",
          "title": "Offer Request",
          "fullFile": "/Users/anirudhpenumaka/pl-api-automation/Embedded/test/E2E_Embedded_Sanity.js",
          "file": "/test/E2E_Embedded_Sanity.js",
          "beforeHooks": [
            {
              "title": "\"before all\" hook in \"Offer Request\"",
              "fullTitle": "Offer Request \"before all\" hook in \"Offer Request\"",
              "timedOut": false,
              "duration": 2501,
              "state": null,
              "speed": null,
              "pass": false,
              "fail": false,
              "pending": false,
              "context": null,
              "code": "await delay(2500); // Wait 2.5 seconds before starting this describe block",
              "err": {},
              "uuid": "3523fe2b-7be0-49ab-8075-56facb07380d",
              "parentUUID": "5c272ddf-9120-4fc2-9c66-47ef4542221b",
              "isHook": true,
              "skipped": false
            }
          ],
          "afterHooks": [],
          "tests": [
            {
              "title": "Check response is as per the contract and API call is sucess",
              "fullTitle": "Offer Request Check response is as per the contract and API call is sucess",
              "timedOut": false,
              "duration": 185,
              "state": "passed",
              "speed": "slow",
              "pass": true,
              "fail": false,
              "pending": false,
              "context": "[\n  {\n    \"title\": \"API Response — HTTP 200\",\n    \"value\": {\n      \"status\": \"success\",\n      \"statusCode\": 200,\n      \"response\": {\n        \"txn_id\": \"657131922871027DC\",\n        \"application_id\": \"7710131922871021A\"\n      }\n    }\n  },\n  {\n    \"title\": \"[GET /embedded-lending/offer/request/7710131922871021A] Response — HTTP 200\",\n    \"value\": {\n      \"status\": \"success\",\n      \"statusCode\": 200,\n      \"response\": {\n        \"txn_id\": \"657131922871027DC\",\n        \"application_id\": \"7710131922871021A\"\n      }\n    }\n  }\n]",
              "code": "res = await CommonAPI.OfferReqest(app_id);\nconst { body } = res;\nconst { response } = body;\n attachInitResponseToContext(this, res, null);\nexpect(body).to.not.be.empty;\nexpect(body.status).equals('success');\nexpect(body.statusCode).equals(200);\nexpect(response).to.have.property('txn_id');\nexpect(response).to.have.property('application_id');\nexpect(response.txn_id).to.be.a('string').and.not.be.empty;\nexpect(response.application_id).equals(app_id);\n\ntxn_id = response.txn_id;",
              "err": {},
              "uuid": "2d20f05c-1226-4ff9-af4d-25e568db4e96",
              "parentUUID": "5c272ddf-9120-4fc2-9c66-47ef4542221b",
              "isHook": false,
              "skipped": false
            }
          ],
          "suites": [],
          "passes": [
            "2d20f05c-1226-4ff9-af4d-25e568db4e96"
          ],
          "failures": [],
          "pending": [],
          "skipped": [],
          "duration": 185,
          "root": false,
          "rootEmpty": false,
          "_timeout": 70000
        },
        {
          "uuid": "94fc5813-f8d8-4fad-aef2-100e61a4419b",
          "title": "SENP Rule Evaluation — derive expected decision (Flipkart SELFEMP)",
          "fullFile": "/Users/anirudhpenumaka/pl-api-automation/Embedded/test/E2E_Embedded_Sanity.js",
          "file": "/test/E2E_Embedded_Sanity.js",
          "beforeHooks": [
            {
              "title": "\"before all\" hook in \"SENP Rule Evaluation — derive expected decision (Flipkart SELFEMP)\"",
              "fullTitle": "SENP Rule Evaluation — derive expected decision (Flipkart SELFEMP) \"before all\" hook in \"SENP Rule Evaluation — derive expected decision (Flipkart SELFEMP)\"",
              "timedOut": false,
              "duration": 0,
              "state": null,
              "speed": null,
              "pass": false,
              "fail": false,
              "pending": true,
              "context": null,
              "code": "if (!(constants.PARTNER === 'Flipkart' && constants.EMP_TYPE === 'SELFEMP' && sentEmployment.gstin)) {\n    console.log('  Skipping SENP rule evaluation — only runs for Flipkart SELFEMP with a gstin sent');\n    this.skip();\n}\nthis.timeout(30000);\nconst karza = await CommonAPI.fetchKarzaGst(app_id, panNumber, sentEmployment.gstin);\nkarzaForReport = karza;\nsenpDecision = CommonAPI.deriveSenpExpectedDecision(sentEmployment, karza.gst, karza.karzaGstins);\nconsole.log(`\\n  SENP Rule Evaluation — derive expected decision (Flipkart SELFEMP)`);\nCommonAPI.printKarzaGstPanels(karza);\nCommonAPI.printSenpRulePanel(senpDecision);\nconsole.log(`\\n  → Derived expected decision: ${senpDecision.expectedDecision}`);",
              "err": {},
              "uuid": "a18bcec5-fb0a-4bd9-9f6b-e8ab6b75b7c7",
              "parentUUID": "94fc5813-f8d8-4fad-aef2-100e61a4419b",
              "isHook": true,
              "skipped": false
            }
          ],
          "afterHooks": [],
          "tests": [
            {
              "title": "should compute a derived expected decision from Rule 0 (GST match) / A / B / C",
              "fullTitle": "SENP Rule Evaluation — derive expected decision (Flipkart SELFEMP) should compute a derived expected decision from Rule 0 (GST match) / A / B / C",
              "timedOut": false,
              "duration": 0,
              "state": "pending",
              "speed": null,
              "pass": false,
              "fail": false,
              "pending": true,
              "context": null,
              "code": "addContext(this, { title: 'Karza GST soft-pull — raw panels (search/details/returns)', value: karzaForReport?.fields ?? null });\naddContext(this, { title: 'Karza GST — parsed', value: karzaForReport?.gst ?? null });\naddContext(this, { title: 'Rule 0 — GST Match (sent GSTIN vs Karza soft-pull GSTIN(s))', value: senpDecision?.rule0 ?? null });\naddContext(this, { title: 'SENP Rule 0/A/B/C — derived decision', value: senpDecision });\nexpect(senpDecision).to.not.be.null;\nexpect(senpDecision.expectedDecision).to.be.oneOf(['Approved', 'Rejected']);",
              "err": {},
              "uuid": "b65729c4-d237-4324-8419-00fa651950a3",
              "parentUUID": "94fc5813-f8d8-4fad-aef2-100e61a4419b",
              "isHook": false,
              "skipped": false
            }
          ],
          "suites": [],
          "passes": [],
          "failures": [],
          "pending": [
            "b65729c4-d237-4324-8419-00fa651950a3"
          ],
          "skipped": [],
          "duration": 0,
          "root": false,
          "rootEmpty": false,
          "_timeout": 70000
        },
        {
          "uuid": "298b0005-f58a-4eb5-ba36-a6d9897b0f8d",
          "title": "Offer Status",
          "fullFile": "/Users/anirudhpenumaka/pl-api-automation/Embedded/test/E2E_Embedded_Sanity.js",
          "file": "/test/E2E_Embedded_Sanity.js",
          "beforeHooks": [
            {
              "title": "\"before all\" hook in \"Offer Status\"",
              "fullTitle": "Offer Status \"before all\" hook in \"Offer Status\"",
              "timedOut": false,
              "duration": 66800,
              "state": null,
              "speed": null,
              "pass": false,
              "fail": false,
              "pending": false,
              "context": null,
              "code": "this.timeout(200000); // above 180s poll window so Mocha doesn't race the loop\nawait delay(2500); // Wait 2.5 seconds before starting this describe block\nif (!txn_id) {\n    console.warn('[Offer Status] txn_id is empty — skipping OfferStatus poll. Run full suite from Offer Request to populate txn_id.');\n    return;\n}\nofferStatusApiCallTime = new Date(); // Capture time when API is called\nres = await CommonAPI.OfferStatus(app_id, txn_id);",
              "err": {},
              "uuid": "53f73abd-8b18-4194-84a3-527874433d8d",
              "parentUUID": "298b0005-f58a-4eb5-ba36-a6d9897b0f8d",
              "isHook": true,
              "skipped": false
            }
          ],
          "afterHooks": [],
          "tests": [
            {
              "title": "Check response is as per the contract and API call is sucess",
              "fullTitle": "Offer Status Check response is as per the contract and API call is sucess",
              "timedOut": false,
              "duration": 5,
              "state": "passed",
              "speed": "fast",
              "pass": true,
              "fail": false,
              "pending": false,
              "context": "{\n  \"title\": \"API Response — HTTP 200\",\n  \"value\": {\n    \"status\": \"success\",\n    \"statusCode\": 200,\n    \"response\": {\n      \"offer_status\": \"Approved\",\n      \"application_id\": \"7710131922871021A\",\n      \"banking_offer\": {\n        \"max_loan_amount\": 200000,\n        \"roi\": 28,\n        \"pf_percent\": 5,\n        \"annual_pr\": \"28.00\"\n      },\n      \"txn_id\": \"657131922871027DC\",\n      \"first_emi_date\": \"2026-08-05\"\n    }\n  }\n}",
              "code": "const { body } = res;\nconst { response } = body;attachInitResponseToContext(this, res, null);\nexpect(body).to.not.be.empty;\nexpect(body.status).equals('success');\nexpect(body.statusCode).equals(200);\nexpect(response).to.have.property(\"application_id\");\nexpect(response).to.have.property(\"txn_id\");\nexpect(response.application_id).equals(app_id);\nexpect(response.txn_id).equals(txn_id);\nexpect(response).to.have.any.keys('bureau_offer', 'banking_offer');\nexpect(response.offer_status).to.be.a('string');\n\n// Validate bureau_offer fields if bureau_offer exists\nif (response.bureau_offer) {\n    const bureauOffer = response.bureau_offer;\n    \n    // Verify all bureau_offer fields are present\n    expect(bureauOffer, 'bureau_offer should have min_loan_amount').to.have.property('min_loan_amount');\n    expect(bureauOffer, 'bureau_offer should have max_loan_amount').to.have.property('max_loan_amount');\n    expect(bureauOffer, 'bureau_offer should have tenure_list').to.have.property('tenure_list');\n    expect(bureauOffer, 'bureau_offer should have roi').to.have.property('roi');\n    expect(bureauOffer, 'bureau_offer should have pf_percent').to.have.property('pf_percent');\n    expect(bureauOffer, 'bureau_offer should have max_emi').to.have.property('max_emi');\n    expect(bureauOffer, 'bureau_offer should have offer_validity').to.have.property('offer_validity');\n    \n    // Verify field types and values\n    expect(bureauOffer.min_loan_amount).to.be.a('number').and.be.greaterThan(0);\n    expect(bureauOffer.max_loan_amount).to.be.a('number').and.be.greaterThan(0);\n    expect(bureauOffer.max_loan_amount).to.be.greaterThanOrEqual(bureauOffer.min_loan_amount, \n        'bureau_offer max_loan_amount should be greater than or equal to min_loan_amount');\n    expect(bureauOffer.tenure_list).to.be.an('array').and.not.be.empty;\n    expect(bureauOffer.tenure_list.every(t => typeof t === 'number' && t > 0)).to.be.true;\n    expect(bureauOffer.roi).to.be.a('number').and.be.greaterThan(0);\n    expect(bureauOffer.pf_percent).to.be.a('number').and.be.at.least(0);\n    expect(bureauOffer.max_emi).to.be.a('number').and.be.greaterThan(0);\n    expect(bureauOffer.offer_validity).to.be.a('string').and.not.be.empty;\n    \n    // Validate annual_pr if present\n    if (bureauOffer.hasOwnProperty('annual_pr')) {\n        expect(typeof bureauOffer.annual_pr === 'string' || typeof bureauOffer.annual_pr === 'number').to.be.true;\n    }\n}\n\n// Validate banking_offer fields if banking_offer exists\nif (response.banking_offer) {\n    const bankingOffer = response.banking_offer;\n    \n    // Verify all banking_offer fields are present (note: banking_offer has fewer fields)\n    expect(bankingOffer, 'banking_offer should have max_loan_amount').to.have.property('max_loan_amount');\n    expect(bankingOffer, 'banking_offer should have roi').to.have.property('roi');\n    expect(bankingOffer, 'banking_offer should have pf_percent').to.have.property('pf_percent');\n    \n    // Verify field types and values\n    expect(bankingOffer.max_loan_amount).to.be.a('number').and.be.greaterThan(0);\n    expect(bankingOffer.roi).to.be.a('number').and.be.greaterThan(0);\n    expect(bankingOffer.pf_percent).to.be.a('number').and.be.at.least(0);\n    \n    // Validate annual_pr if present\n    if (bankingOffer.hasOwnProperty('annual_pr')) {\n        expect(typeof bankingOffer.annual_pr === 'string' || typeof bankingOffer.annual_pr === 'number').to.be.true;\n    }\n}\n\n// Validate first_emi_date at response level if present\nif (response.hasOwnProperty('first_emi_date')) {\n    expect(response.first_emi_date).to.be.a('string').and.not.be.empty;\n}",
              "err": {},
              "uuid": "78686060-1667-4702-ba8f-e870e54b3a3f",
              "parentUUID": "298b0005-f58a-4eb5-ba36-a6d9897b0f8d",
              "isHook": false,
              "skipped": false
            },
            {
              "title": "Verify bureau_offer account details match sentAdditionalData for Airtel vendor",
              "fullTitle": "Offer Status Verify bureau_offer account details match sentAdditionalData for Airtel vendor",
              "timedOut": false,
              "duration": 0,
              "state": "pending",
              "speed": null,
              "pass": false,
              "fail": false,
              "pending": true,
              "context": null,
              "code": "// Skip this test if vendor is not Airtel\nif (constants.PARTNER !== 'Airtel') {\n    this.skip();\n    return;\n}\nconst { body } = res;\nconst { response } = body;\n// Check if bureau_offer exists\nif (!response.bureau_offer) {\n    this.skip();\n    return;\n}\n// Get sentAdditionalData from AdditionalDetails response\nconst { PayLoad } = cres;\nconst sentAdditionalData = PayLoad?.additional_partner_data || {};\n// Check if account_details exists in bureau_offer (optional field)\nif (response.bureau_offer.account_details) {\n    const accountDetails = response.bureau_offer.account_details;\n    \n    // Verify account_num matches sentAdditionalData.calculated_income_acc_no_v4\n    if (sentAdditionalData.finbox_calculated_income_account_v2) {\n        expect(accountDetails).to.have.property('account_num');\n        expect(accountDetails.account_num).equals(\n            sentAdditionalData.finbox_calculated_income_account_v2,\n            `Account number mismatch. Expected: ${sentAdditionalData.finbox_calculated_income_account_v2}, Got: ${accountDetails.account_num}`\n        );\n    }\n}",
              "err": {},
              "uuid": "bd66bf7d-f3e6-4edd-8c68-5db0625591b3",
              "parentUUID": "298b0005-f58a-4eb5-ba36-a6d9897b0f8d",
              "isHook": false,
              "skipped": false
            },
            {
              "title": "Should verify annual_pr matches calculated value in bureau_offer for all vendors",
              "fullTitle": "Offer Status Should verify annual_pr matches calculated value in bureau_offer for all vendors",
              "timedOut": false,
              "duration": 0,
              "state": "pending",
              "speed": null,
              "pass": false,
              "fail": false,
              "pending": true,
              "context": null,
              "code": "const { body } = res;\n const { response } = body;\n if (!response.bureau_offer) {\n     this.skip();\n     return;\n }\n const bureauOffer = response.bureau_offer;\n // Verify required fields exist\n expect(bureauOffer, 'bureau_offer should have max_loan_amount').to.have.property('max_loan_amount');\n expect(bureauOffer, 'bureau_offer should have roi').to.have.property('roi');\n expect(bureauOffer, 'bureau_offer should have tenure_list').to.have.property('tenure_list');\n expect(bureauOffer.tenure_list).to.be.an('array').and.not.be.empty;\n expect(bureauOffer, 'bureau_offer should have annual_pr').to.have.property('annual_pr');\n const netDisbursalAmt = bureauOffer.max_loan_amount;\n const roi = bureauOffer.roi;\n const loanTenure = Math.max(...bureauOffer.tenure_list);\n // Calculate EMI using JsonUtils.calculateEMI\n const monthlyEmi = await JsonUtils.calculateEMI(netDisbursalAmt, roi, loanTenure);\n // Calculate APR using the common function with calculated EMI\n const calculatedAPR = CommonAPI.getAnnualPercRateNew(netDisbursalAmt, loanTenure, monthlyEmi);\n const calculatedAPRFloat = parseFloat(calculatedAPR);\n const tolerance = 0.1; // Allow 0.1% tolerance\n // Validate annual_pr\n const responseAnnualPR = parseFloat(bureauOffer.annual_pr);\n console.log(`\\n[Offer Status API - bureau_offer] annual_pr Validation:`);\n console.log(`  Input values:`);\n console.log(`    max_loan_amount (netDisbursalAmt): ${netDisbursalAmt}`);\n console.log(`    max_tenure (loanTenure): ${loanTenure} months`);\n console.log(`    roi: ${roi}%`);\n console.log(`    Calculated EMI: ${monthlyEmi}`);\n console.log(`  Expected annual_pr (calculated): ${calculatedAPR}`);\n console.log(`  Actual annual_pr (response): ${bureauOffer.annual_pr}`);\n console.log(`  Difference: ${Math.abs(responseAnnualPR - calculatedAPRFloat).toFixed(4)}`);\n console.log(`  Tolerance: ${tolerance}`);\n expect(Math.abs(responseAnnualPR - calculatedAPRFloat)).to.be.at.most(\n     tolerance,\n     `annual_pr mismatch in bureau_offer. Expected: ${calculatedAPR}, Got: ${bureauOffer.annual_pr}`\n );",
              "err": {},
              "uuid": "f16dec65-d25c-4d4b-a0d9-f99ec89e5016",
              "parentUUID": "298b0005-f58a-4eb5-ba36-a6d9897b0f8d",
              "isHook": false,
              "skipped": false
            },
            {
              "title": "Should verify annual_pr matches calculated value in banking_offer for all vendors",
              "fullTitle": "Offer Status Should verify annual_pr matches calculated value in banking_offer for all vendors",
              "timedOut": false,
              "duration": 442,
              "state": "passed",
              "speed": "slow",
              "pass": true,
              "fail": false,
              "pending": false,
              "context": null,
              "code": "const { body } = res;\n     const { response } = body;\n     if (!response.banking_offer) {\n         console.log(`  Info: banking_offer not present in response, skipping annual_pr validation`);\n         this.skip();\n         return;\n     }\n     const bankingOffer = response.banking_offer;\n     // Verify that annual_pr is present (mandatory for Airtel)\n     expect(\n         bankingOffer,\n         'annual_pr must be present in banking_offer for Airtel vendor'\n     ).to.have.property('annual_pr');\n     // Verify required fields exist\n     expect(bankingOffer, 'banking_offer should have max_loan_amount').to.have.property('max_loan_amount');\n     expect(bankingOffer, 'banking_offer should have roi').to.have.property('roi');\n     const netDisbursalAmt = bankingOffer.max_loan_amount;\n     const roi = bankingOffer.roi;\n     // Get max tenure from DECISION_OUTPUT\n     const loanTenure = await getMaxTenureFromDecisionOutput(app_id);\n     if (!loanTenure) {\n         throw new Error(`Could not get max tenure from DECISION_OUTPUT for banking_offer. Cannot validate annual_pr.`);\n     }\n     // Calculate EMI using JsonUtils.calculateEMI\n     const monthlyEmi = await JsonUtils.calculateEMI(netDisbursalAmt, roi, loanTenure);\n     // Calculate APR using the common function with calculated EMI\n     const calculatedAPR = CommonAPI.getAnnualPercRateNew(netDisbursalAmt, loanTenure, monthlyEmi);\n     const calculatedAPRFloat = parseFloat(calculatedAPR);\n     const tolerance = 0.1; // Allow 0.1% tolerance\n     // Validate annual_pr\n     const responseAnnualPR = parseFloat(bankingOffer.annual_pr);\n     console.log(`\\n[Offer Status API - banking_offer] annual_pr Validation:`);\n     console.log(`  Input values:`);\n     console.log(`    max_loan_amount (netDisbursalAmt): ${netDisbursalAmt}`);\n     console.log(`    max_tenure (loanTenure): ${loanTenure} months`);\n     console.log(`    roi: ${roi}%`);\n     console.log(`    Calculated EMI: ${monthlyEmi}`);\n     console.log(`  Expected annual_pr (calculated): ${calculatedAPR}`);\n     console.log(`  Actual annual_pr (response): ${bankingOffer.annual_pr}`);\n     console.log(`  Difference: ${Math.abs(responseAnnualPR - calculatedAPRFloat).toFixed(4)}`);\n     console.log(`  Tolerance: ${tolerance}`);\n     expect(Math.abs(responseAnnualPR - calculatedAPRFloat)).to.be.at.most(\n         tolerance,\n         `annual_pr mismatch in banking_offer. Expected: ${calculatedAPR}, Got: ${bankingOffer.annual_pr}`\n     );",
              "err": {},
              "uuid": "2eb2c5dd-949b-4f89-a807-20878f5ddc9d",
              "parentUUID": "298b0005-f58a-4eb5-ba36-a6d9897b0f8d",
              "isHook": false,
              "skipped": false
            },
            {
              "title": "Should verify first_emi_date exists at root level for all vendors",
              "fullTitle": "Offer Status Should verify first_emi_date exists at root level for all vendors",
              "timedOut": false,
              "duration": 0,
              "state": "passed",
              "speed": "fast",
              "pass": true,
              "fail": false,
              "pending": false,
              "context": null,
              "code": "const { body } = res;\n  const { response } = body;\n  expect(\n      response,\n      'first_emi_date is mandatory at root level for Airtel vendor'\n  ).to.have.property('first_emi_date');\n  expect(response.first_emi_date).to.be.a('string').and.not.be.empty;",
              "err": {},
              "uuid": "30f92336-6e3b-4b05-b923-d042dc346152",
              "parentUUID": "298b0005-f58a-4eb5-ba36-a6d9897b0f8d",
              "isHook": false,
              "skipped": false
            },
            {
              "title": "Should verify first_emi_date matches expected calculated value for all vendors",
              "fullTitle": "Offer Status Should verify first_emi_date matches expected calculated value for all vendors",
              "timedOut": false,
              "duration": 1,
              "state": "passed",
              "speed": "fast",
              "pass": true,
              "fail": false,
              "pending": false,
              "context": null,
              "code": "const { body } = res;\n   const { response } = body;\n   if (!response.hasOwnProperty('first_emi_date')) {\n       this.skip();\n       return;\n   }\n   // Get expected date in DD/MM/YYYY format and convert to YYYY-MM-DD for comparison\n   const expectedFirstEmiDateDDMMYYYY = CommonAPI.getFirstEmiDate();\n   // Convert from DD/MM/YYYY to YYYY-MM-DD\n   const [day, month, year] = expectedFirstEmiDateDDMMYYYY.split('/');\n   const expectedFirstEmiDate = `${year}-${month}-${day}`; // Format: YYYY-MM-DD\n   console.log(`\\n[Offer Status API - Root Level] first_emi_date Validation:`);\n   console.log(`  Expected first_emi_date (YYYY-MM-DD): ${expectedFirstEmiDate}`);\n   console.log(`  Actual first_emi_date: ${response.first_emi_date}`);\n   expect(response.first_emi_date).to.equal(\n       expectedFirstEmiDate,\n       `first_emi_date mismatch. Expected: ${expectedFirstEmiDate}, Got: ${response.first_emi_date}`\n   );",
              "err": {},
              "uuid": "48fd179c-57e7-4dec-a243-99bcd23ed12b",
              "parentUUID": "298b0005-f58a-4eb5-ba36-a6d9897b0f8d",
              "isHook": false,
              "skipped": false
            },
            {
              "title": "Should verify first_emi_date is in correct YYYY-MM-DD format for all vendors",
              "fullTitle": "Offer Status Should verify first_emi_date is in correct YYYY-MM-DD format for all vendors",
              "timedOut": false,
              "duration": 0,
              "state": "passed",
              "speed": "fast",
              "pass": true,
              "fail": false,
              "pending": false,
              "context": null,
              "code": "const { body } = res;\n const { response } = body;\n if (!response.hasOwnProperty('first_emi_date')) {\n     this.skip();\n     return;\n }\n // Verify first_emi_date format is YYYY-MM-DD (e.g., \"2026-03-05\")\n const dateFormatRegex = /^(\\d{4})-(\\d{2})-(\\d{2})$/; // YYYY-MM-DD\n expect(response.first_emi_date).to.match(\n     dateFormatRegex,\n     `first_emi_date should be in YYYY-MM-DD format (e.g., \"2026-03-05\"), Got: ${response.first_emi_date}`\n );",
              "err": {},
              "uuid": "c5e14d8a-01c4-47a0-9277-3d91661d91e0",
              "parentUUID": "298b0005-f58a-4eb5-ba36-a6d9897b0f8d",
              "isHook": false,
              "skipped": false
            },
            {
              "title": "Should verify first_emi_date is a valid date for Airtel vendor",
              "fullTitle": "Offer Status Should verify first_emi_date is a valid date for Airtel vendor",
              "timedOut": false,
              "duration": 0,
              "state": "passed",
              "speed": "fast",
              "pass": true,
              "fail": false,
              "pending": false,
              "context": null,
              "code": "const { body } = res;\n    const { response } = body;\n    if (!response.hasOwnProperty('first_emi_date')) {\n        this.skip();\n        return;\n    }\n    // Verify the date is valid\n    const dateParts = response.first_emi_date.split('-');\n    const yearNum = parseInt(dateParts[0], 10);\n    const monthNum = parseInt(dateParts[1], 10);\n    const dayNum = parseInt(dateParts[2], 10);\n    expect(dayNum).to.be.at.least(1).and.at.most(31, `Invalid day in first_emi_date: ${dayNum}`);\n    expect(monthNum).to.be.at.least(1).and.at.most(12, `Invalid month in first_emi_date: ${monthNum}`);\n    expect(yearNum).to.be.a('number').and.be.greaterThan(2000, `Invalid year in first_emi_date: ${yearNum}`);\n    // Verify the date is actually valid (not like 2026-02-31 which doesn't exist)\n    const firstEmiDate = new Date(yearNum, monthNum - 1, dayNum);\n    expect(firstEmiDate.getFullYear()).to.equal(yearNum);\n    expect(firstEmiDate.getMonth() + 1).to.equal(monthNum);\n    expect(firstEmiDate.getDate()).to.equal(dayNum);",
              "err": {},
              "uuid": "ab002b4d-b4d4-4024-bd94-9203a50c616b",
              "parentUUID": "298b0005-f58a-4eb5-ba36-a6d9897b0f8d",
              "isHook": false,
              "skipped": false
            },
            {
              "title": "SENP rule-derived decision matches actual offer status (Flipkart SELFEMP)",
              "fullTitle": "Offer Status SENP rule-derived decision matches actual offer status (Flipkart SELFEMP)",
              "timedOut": false,
              "duration": 0,
              "state": "pending",
              "speed": null,
              "pass": false,
              "fail": false,
              "pending": true,
              "context": null,
              "code": "if (!senpDecision) {\n    console.log('  Skipping — only runs for Flipkart SELFEMP with a gstin sent');\n    this.skip();\n}\nconst { response } = res.body;\naddContext(this, { title: 'SENP Rule Evaluation — derived vs actual', value: { ...senpDecision, actualOfferStatus: response.offer_status } });\nexpect(response.offer_status,\n    `Rule firing predicted \"${senpDecision.expectedDecision}\" but offer_status was \"${response.offer_status}\"`\n).to.equal(senpDecision.expectedDecision);",
              "err": {},
              "uuid": "744e31c1-6cec-417d-bc5f-0d291090b394",
              "parentUUID": "298b0005-f58a-4eb5-ba36-a6d9897b0f8d",
              "isHook": false,
              "skipped": false
            },
            {
              "title": "OMNI_1 output + GST input (Flipkart SELFEMP, especially when rejected)",
              "fullTitle": "Offer Status OMNI_1 output + GST input (Flipkart SELFEMP, especially when rejected)",
              "timedOut": false,
              "duration": 0,
              "state": "pending",
              "speed": null,
              "pass": false,
              "fail": false,
              "pending": true,
              "context": null,
              "code": "if (!senpDecision) {\n    console.log('  Skipping — only runs for Flipkart SELFEMP with a gstin sent');\n    this.skip();\n}\nthis.timeout(30000);\nconst omni1Row = await CommonAPI.getOmniNodeRow(app_id, 'OMNI_1');\nCommonAPI.printOmniDecisionPanel('OMNI_1', omni1Row);\nconst omni1Gst = CommonAPI.extractGstFromOmniInput(omni1Row.input);\nconst karza = await CommonAPI.fetchKarzaGst(app_id, panNumber, sentEmployment.gstin);\nCommonAPI.printOmniGstPanel('OMNI_1', omni1Gst, karza.gst);\naddContext(this, { title: 'OMNI_1 — full OUTPUT (raw)', value: omni1Row.output });\naddContext(this, { title: 'OMNI_1 — full INPUT (raw)', value: omni1Row.input });\naddContext(this, { title: 'OMNI_1 — DECISION / REJECT_REASON (output)', value: { found: omni1Row.found, decision: omni1Row.decision, rejectReason: omni1Row.rejectReason, message: omni1Row.message } });\naddContext(this, { title: 'OMNI_1 — GST (input) vs Karza soft-pull', value: { omni1Gst, karzaGst: karza.gst } });\n// OMNI_PRE/OMNI_POST only exist once the app progresses past OMNI_1 (i.e. approved) — best-effort.\nfor (const segment of ['OMNI_PRE', 'OMNI_POST']) {\n    const row = await CommonAPI.getOmniNodeRow(app_id, segment, { retries: 2, intervalMs: 2000 });\n    CommonAPI.printOmniDecisionPanel(segment, row);\n    const gst = CommonAPI.extractGstFromOmniInput(row.input);\n    CommonAPI.printOmniGstPanel(segment, gst, karza.gst);\n    addContext(this, { title: `${segment} — full OUTPUT (raw)`, value: row.output });\n    addContext(this, { title: `${segment} — full INPUT (raw)`, value: row.input });\n    addContext(this, { title: `${segment} — DECISION / REJECT_REASON (output)`, value: { found: row.found, decision: row.decision, rejectReason: row.rejectReason, message: row.message } });\n    addContext(this, { title: `${segment} — GST (input) vs Karza soft-pull`, value: { gst, karzaGst: karza.gst } });\n}",
              "err": {},
              "uuid": "ad929ba4-c37e-4b8f-84b2-ff11cd5fa01d",
              "parentUUID": "298b0005-f58a-4eb5-ba36-a6d9897b0f8d",
              "isHook": false,
              "skipped": false
            }
          ],
          "suites": [],
          "passes": [
            "78686060-1667-4702-ba8f-e870e54b3a3f",
            "2eb2c5dd-949b-4f89-a807-20878f5ddc9d",
            "30f92336-6e3b-4b05-b923-d042dc346152",
            "48fd179c-57e7-4dec-a243-99bcd23ed12b",
            "c5e14d8a-01c4-47a0-9277-3d91661d91e0",
            "ab002b4d-b4d4-4024-bd94-9203a50c616b"
          ],
          "failures": [],
          "pending": [
            "bd66bf7d-f3e6-4edd-8c68-5db0625591b3",
            "f16dec65-d25c-4d4b-a0d9-f99ec89e5016",
            "744e31c1-6cec-417d-bc5f-0d291090b394",
            "ad929ba4-c37e-4b8f-84b2-ff11cd5fa01d"
          ],
          "skipped": [],
          "duration": 448,
          "root": false,
          "rootEmpty": false,
          "_timeout": 70000
        },
        {
          "uuid": "aef64d72-ca22-4812-bb9d-18913895b3ef",
          "title": "Customer profile GST_LINKED vs Karza soft-pull (Flipkart SELFEMP)",
          "fullFile": "/Users/anirudhpenumaka/pl-api-automation/Embedded/test/E2E_Embedded_Sanity.js",
          "file": "/test/E2E_Embedded_Sanity.js",
          "beforeHooks": [
            {
              "title": "\"before all\" hook in \"Customer profile GST_LINKED vs Karza soft-pull (Flipkart SELFEMP)\"",
              "fullTitle": "Customer profile GST_LINKED vs Karza soft-pull (Flipkart SELFEMP) \"before all\" hook in \"Customer profile GST_LINKED vs Karza soft-pull (Flipkart SELFEMP)\"",
              "timedOut": false,
              "duration": 0,
              "state": null,
              "speed": null,
              "pass": false,
              "fail": false,
              "pending": true,
              "context": null,
              "code": "if (!senpDecision) {\n    console.log('  Skipping GST_LINKED check — only runs for Flipkart SELFEMP with a gstin sent');\n    this.skip();\n}\nthis.timeout(30000);\nconst profileRes = await CommonAPI.getcustomerProfile(app_id);\nconst customerProfile = profileRes?.body?.response ?? null;\nif (!customerProfile) {\n    console.log('  Info: customer profile could not be fetched — skipping check');\n    this.skip();\n}\nconst karza = await CommonAPI.fetchKarzaGst(app_id, panNumber, sentEmployment.gstin);\ngstLinkedCheck = CommonAPI.checkGstLinkedAgainstKarza(customerProfile, karza.gst);",
              "err": {},
              "uuid": "5a6e1dfc-d189-450c-97ee-37016c88b355",
              "parentUUID": "aef64d72-ca22-4812-bb9d-18913895b3ef",
              "isHook": true,
              "skipped": false
            }
          ],
          "afterHooks": [],
          "tests": [
            {
              "title": "should verify GST_LINKED fields match the Karza soft-pull",
              "fullTitle": "Customer profile GST_LINKED vs Karza soft-pull (Flipkart SELFEMP) should verify GST_LINKED fields match the Karza soft-pull",
              "timedOut": false,
              "duration": 0,
              "state": "pending",
              "speed": null,
              "pass": false,
              "fail": false,
              "pending": true,
              "context": null,
              "code": "console.log('\\n  customer profile — EMPLOYMENT[0].GST_LINKED vs Karza soft-pull');\nlet allPassed = true;\nfor (const r of gstLinkedCheck.results) {\n    const mark = r.pass ? '✓' : '✗';\n    console.log(`  ${mark} ${r.field.padEnd(16)} expected: \"${r.expected}\"  actual: \"${r.actual}\"`);\n    if (!r.pass) allPassed = false;\n}\naddContext(this, { title: 'Customer profile GST_LINKED vs Karza soft-pull', value: gstLinkedCheck });\naddContext(this, { title: 'Customer profile table — raw GST_LINKED/GST values (as stored)', value: gstLinkedCheck.raw ?? null });\nif (!gstLinkedCheck.found) {\n    console.log('  Info: GST_LINKED absent (no match / rejected before soft-pull persisted)');\n    return;\n}\nexpect(allPassed, 'One or more GST_LINKED field checks failed — see console output above').to.be.true;",
              "err": {},
              "uuid": "e7eeae46-0e3e-4df9-948b-2740240b1b12",
              "parentUUID": "aef64d72-ca22-4812-bb9d-18913895b3ef",
              "isHook": false,
              "skipped": false
            }
          ],
          "suites": [],
          "passes": [],
          "failures": [],
          "pending": [
            "e7eeae46-0e3e-4df9-948b-2740240b1b12"
          ],
          "skipped": [],
          "duration": 0,
          "root": false,
          "rootEmpty": false,
          "_timeout": 70000
        },
        {
          "uuid": "d756e78a-9a5d-4a79-90b6-d4d1d8bdea1d",
          "title": "OMNI 1 BRE — Input Contract Validation",
          "fullFile": "/Users/anirudhpenumaka/pl-api-automation/Embedded/test/E2E_Embedded_Sanity.js",
          "file": "/test/E2E_Embedded_Sanity.js",
          "beforeHooks": [
            {
              "title": "\"before all\" hook in \"OMNI 1 BRE — Input Contract Validation\"",
              "fullTitle": "OMNI 1 BRE — Input Contract Validation \"before all\" hook in \"OMNI 1 BRE — Input Contract Validation\"",
              "timedOut": false,
              "duration": 238,
              "state": null,
              "speed": null,
              "pass": false,
              "fail": false,
              "pending": false,
              "context": null,
              "code": "const query = 'SELECT * FROM services.underwriting_transaction_log WHERE applicationid = ? ORDER BY createdAt DESC';\nconst rows = await CommonAPI.runQuery(query, [app_id]);\nif (!rows || rows.length === 0) throw new Error(`No underwriting rows found for app_id: ${app_id}`);\nconst omni1Row = rows.find(row => row.input && row.input.policySegmentId === 'OMNI_1');\nif (!omni1Row) throw new Error('OMNI_1 row not found in underwriting_transaction_log');\nomni1Input = omni1Row.input;\nconsole.log('[OMNI 1 Contract] Input fetched for app_id:', app_id);",
              "err": {},
              "uuid": "3f7f128f-c05d-4d71-ae72-4059ec4db863",
              "parentUUID": "d756e78a-9a5d-4a79-90b6-d4d1d8bdea1d",
              "isHook": true,
              "skipped": false
            }
          ],
          "afterHooks": [],
          "tests": [
            {
              "title": "sender should be \"OMNI_1\"",
              "fullTitle": "OMNI 1 BRE — Input Contract Validation sender should be \"OMNI_1\"",
              "timedOut": false,
              "duration": 0,
              "state": "passed",
              "speed": "fast",
              "pass": true,
              "fail": false,
              "pending": false,
              "context": null,
              "code": "expect(omni1Input).to.have.property('sender', 'OMNI_1');",
              "err": {},
              "uuid": "1f0e6b5c-e55f-441f-8375-50d61ec8703f",
              "parentUUID": "d756e78a-9a5d-4a79-90b6-d4d1d8bdea1d",
              "isHook": false,
              "skipped": false
            },
            {
              "title": "policySegmentId should be \"OMNI_1\"",
              "fullTitle": "OMNI 1 BRE — Input Contract Validation policySegmentId should be \"OMNI_1\"",
              "timedOut": false,
              "duration": 0,
              "state": "passed",
              "speed": "fast",
              "pass": true,
              "fail": false,
              "pending": false,
              "context": null,
              "code": "expect(omni1Input).to.have.property('policySegmentId', 'OMNI_1');",
              "err": {},
              "uuid": "a1736f22-77ba-48a0-bfaa-57375ae9c5c3",
              "parentUUID": "d756e78a-9a5d-4a79-90b6-d4d1d8bdea1d",
              "isHook": false,
              "skipped": false
            },
            {
              "title": "CUSTOMER.DOB should be a non-empty string",
              "fullTitle": "OMNI 1 BRE — Input Contract Validation CUSTOMER.DOB should be a non-empty string",
              "timedOut": false,
              "duration": 0,
              "state": "passed",
              "speed": "fast",
              "pass": true,
              "fail": false,
              "pending": false,
              "context": null,
              "code": "expect(omni1Input.CUSTOMER).to.have.property('DOB').that.is.a('string').and.not.empty;",
              "err": {},
              "uuid": "b7d9c438-ecaf-4c47-befe-712ade82b290",
              "parentUUID": "d756e78a-9a5d-4a79-90b6-d4d1d8bdea1d",
              "isHook": false,
              "skipped": false
            },
            {
              "title": "CUSTOMER.ADDRESS[0] should have PINCODE (string) and ADDRESS_TYPE = \"Communication\"",
              "fullTitle": "OMNI 1 BRE — Input Contract Validation CUSTOMER.ADDRESS[0] should have PINCODE (string) and ADDRESS_TYPE = \"Communication\"",
              "timedOut": false,
              "duration": 0,
              "state": "passed",
              "speed": "fast",
              "pass": true,
              "fail": false,
              "pending": false,
              "context": null,
              "code": "expect(omni1Input.CUSTOMER.ADDRESS).to.be.an('array').that.is.not.empty;\nexpect(omni1Input.CUSTOMER.ADDRESS[0]).to.have.property('PINCODE').that.is.a('string').and.not.empty;\nexpect(omni1Input.CUSTOMER.ADDRESS[0]).to.have.property('ADDRESS_TYPE', 'Communication');",
              "err": {},
              "uuid": "4222e836-3a66-49f4-a4cd-86a4d8a83044",
              "parentUUID": "d756e78a-9a5d-4a79-90b6-d4d1d8bdea1d",
              "isHook": false,
              "skipped": false
            },
            {
              "title": "CUSTOMER.EMPLOYMENT[0].SALARY should have NET_MONTHLY and DSA_ENTERED_SALARY as numbers",
              "fullTitle": "OMNI 1 BRE — Input Contract Validation CUSTOMER.EMPLOYMENT[0].SALARY should have NET_MONTHLY and DSA_ENTERED_SALARY as numbers",
              "timedOut": false,
              "duration": 0,
              "state": "passed",
              "speed": "fast",
              "pass": true,
              "fail": false,
              "pending": false,
              "context": null,
              "code": "expect(omni1Input.CUSTOMER.EMPLOYMENT).to.be.an('array').that.is.not.empty;\nconst salary = omni1Input.CUSTOMER.EMPLOYMENT[0].SALARY;\nexpect(salary).to.have.property('NET_MONTHLY').that.is.a('number').and.greaterThan(0);\nexpect(salary).to.have.property('DSA_ENTERED_SALARY').that.is.a('number').and.greaterThan(0);",
              "err": {},
              "uuid": "6b1d46b7-2675-48be-b71d-2c8245f05573",
              "parentUUID": "d756e78a-9a5d-4a79-90b6-d4d1d8bdea1d",
              "isHook": false,
              "skipped": false
            },
            {
              "title": "CUSTOMER.EMPLOYMENT[0].EMPLOYMENT_TYPE.CODE should be a non-empty string",
              "fullTitle": "OMNI 1 BRE — Input Contract Validation CUSTOMER.EMPLOYMENT[0].EMPLOYMENT_TYPE.CODE should be a non-empty string",
              "timedOut": false,
              "duration": 0,
              "state": "passed",
              "speed": "fast",
              "pass": true,
              "fail": false,
              "pending": false,
              "context": null,
              "code": "const code = omni1Input.CUSTOMER.EMPLOYMENT[0].EMPLOYMENT_TYPE.CODE;\nexpect(code).to.be.a('string').and.not.empty;",
              "err": {},
              "uuid": "0e528126-a483-4f14-b5ec-563282b3b4ce",
              "parentUUID": "d756e78a-9a5d-4a79-90b6-d4d1d8bdea1d",
              "isHook": false,
              "skipped": false
            },
            {
              "title": "platform should be \"pl-partnership-svc\"",
              "fullTitle": "OMNI 1 BRE — Input Contract Validation platform should be \"pl-partnership-svc\"",
              "timedOut": false,
              "duration": 1,
              "state": "passed",
              "speed": "fast",
              "pass": true,
              "fail": false,
              "pending": false,
              "context": null,
              "code": "expect(omni1Input).to.have.property('platform', 'pl-partnership-svc');",
              "err": {},
              "uuid": "43a9e0e3-d1cd-4e6b-95e1-a2da389afeef",
              "parentUUID": "d756e78a-9a5d-4a79-90b6-d4d1d8bdea1d",
              "isHook": false,
              "skipped": false
            },
            {
              "title": "loanScheme should be \"PL_EMBEDDED\"",
              "fullTitle": "OMNI 1 BRE — Input Contract Validation loanScheme should be \"PL_EMBEDDED\"",
              "timedOut": false,
              "duration": 0,
              "state": "passed",
              "speed": "fast",
              "pass": true,
              "fail": false,
              "pending": false,
              "context": null,
              "code": "expect(omni1Input).to.have.property('loanScheme', 'PL_EMBEDDED');",
              "err": {},
              "uuid": "25db197c-4550-45f5-8b21-8002c5b9b593",
              "parentUUID": "d756e78a-9a5d-4a79-90b6-d4d1d8bdea1d",
              "isHook": false,
              "skipped": false
            },
            {
              "title": "APPLICATION.PARTNER should have PARTNER_ID and TYPE_OF_PARTNER = \"PL_EMBEDDED_PARTNER\"",
              "fullTitle": "OMNI 1 BRE — Input Contract Validation APPLICATION.PARTNER should have PARTNER_ID and TYPE_OF_PARTNER = \"PL_EMBEDDED_PARTNER\"",
              "timedOut": false,
              "duration": 0,
              "state": "passed",
              "speed": "fast",
              "pass": true,
              "fail": false,
              "pending": false,
              "context": null,
[...]
f (!tagIds) {\n        tagIds = [];\n    }\n    \n    // Query underwriting_vendor_transaction_log using application_id as requestId\n    const query = 'SELECT * FROM services.underwriting_vendor_transaction_log WHERE requestId = ? ORDER BY id DESC;';\n    const params = [app_id];\n    const vendorRows = await CommonAPI.runQuery(query, params);\n    \n    if (!vendorRows || vendorRows.length === 0) {\n        throw new Error('No rows found in underwriting_vendor_transaction_log for requestId: ' + app_id);\n    }\n \n    // Extract WorkingStorageSpare from vendor rows input\n    let omniPreWorkingStorage = null;\n    let omniPostWorkingStorage = null;\n    let omniHcWorkingStorage = null;\n    for (const vendorRow of vendorRows) {\n        const workingStorage = vendorRow.input?.WorkingStorageSpare;\n        if (workingStorage) {\n            const policySegmentId = vendorRow.input?.['DV-Application']?.['Spare']?.['String01'];\n            console.log('policySegmentId:', policySegmentId);\n            if (policySegmentId === \"OMNI_PRE\" && !omniPreWorkingStorage) {\n                omniPreWorkingStorage = workingStorage;\n                console.log('✅ Assigned OMNI_PRE WorkingStorageSpare');\n            } else if (policySegmentId === \"OMNI_POST\" && !omniPostWorkingStorage) {\n                omniPostWorkingStorage = workingStorage;\n                console.log('✅ Assigned OMNI_POST WorkingStorageSpare');\n            } else if (policySegmentId === \"OMNI_HC\" && !omniHcWorkingStorage) {\n                omniHcWorkingStorage = workingStorage;\n                console.log('✅ Assigned OMNI_HC WorkingStorageSpare');\n            }\n        }\n    }\n    \n    \n    if (!omniPreWorkingStorage) {\n        throw new Error('WorkingStorageSpare not found in OMNI_PRE vendor transaction log output');\n    }\n    \n    if (!omniPostWorkingStorage) {\n        throw new Error('WorkingStorageSpare not found in OMNI_POST vendor transaction log output');\n    }\n    \n    // Extract values from WorkingStorageSpare\n    const omniPreApplicant = omniPreWorkingStorage?.Applicant;\n    const omniPreFlag05 = omniPreApplicant?.[0]?.Flag05;\n    const omniPreString11 = omniPreApplicant?.[0]?.String11;\n    \n    const omniPostApplicant = omniPostWorkingStorage?.Applicant;\n    const omniPostFlag05 = omniPostApplicant?.[0]?.Flag05;\n    const omniPostString11 = omniPostApplicant?.[0]?.String11;\n    \n    // Verify WorkingStorageSpare exists in OMNI_PRE vendor transaction log output\n    if (!omniPreWorkingStorage || !omniPreApplicant || !Array.isArray(omniPreApplicant) || omniPreApplicant.length === 0) {\n        throw new Error('WorkingStorageSpare.Applicant is missing or empty in OMNI_PRE vendor transaction log output');\n    }\n    \n    if (omniPreFlag05 === undefined || omniPreFlag05 === null) {\n        throw new Error('Flag05 is missing in OMNI_PRE WorkingStorageSpare (vendor transaction log)');\n    }\n    \n    if (omniPreString11 === undefined || omniPreString11 === null) {\n        throw new Error('String11 is missing in OMNI_PRE WorkingStorageSpare (vendor transaction log)');\n    }\n    \n    // Verify WorkingStorageSpare exists in OMNI_POST vendor transaction log output\n    if (!omniPostWorkingStorage || !omniPostApplicant || !Array.isArray(omniPostApplicant) || omniPostApplicant.length === 0) {\n        throw new Error('WorkingStorageSpare.Applicant is missing or empty in OMNI_POST vendor transaction log output');\n    }\n    \n    if (omniPostFlag05 === undefined || omniPostFlag05 === null) {\n        throw new Error('Flag05 is missing in OMNI_POST WorkingStorageSpare (vendor transaction log)');\n    }\n    \n    if (omniPostString11 === undefined || omniPostString11 === null) {\n        throw new Error('String11 is missing in OMNI_POST WorkingStorageSpare (vendor transaction log)');\n    }\n    \n    // Determine expected Flag05 value based on TAG_IDS\n    // Flag05 should be \"true\" if REDI02 is present in TAG_IDS, \"false\" otherwise (including when TAG_IDS is empty [])\n    const hasRedi02 = tagIds.length > 0 && tagIds.includes(\"REDI02\");\n    const expectedFlag05 = hasRedi02 ? \"true\" : \"false\";\n    \n    // Determine expected String11 value (should match TRUST_SCORE)\n    // If TRUST_SCORE is \"NA\", String11 should also be \"NA\"\n    // Otherwise, String11 should match the TRUST_SCORE value\n    const expectedString11 = (dsTrustScore === \"NA\") ? \"NA\" : String(dsTrustScore);\n    \n    // Verify Flag05 in OMNI_PRE\n    expect(omniPreFlag05).to.equal(expectedFlag05, \n        `Flag05 mismatch in OMNI_PRE. Expected: ${expectedFlag05} (REDI02 ${hasRedi02 ? 'present' : 'not present'} in TAG_IDS), Got: ${omniPreFlag05}`);\n    \n    // Verify String11 in OMNI_PRE (should match TRUST_SCORE, or \"NA\" if TRUST_SCORE is \"NA\")\n    expect(omniPreString11).to.equal(expectedString11, \n        `String11 mismatch in OMNI_PRE. Expected: ${expectedString11} (TRUST_SCORE: ${dsTrustScore}), Got: ${omniPreString11}`);\n    \n    // Verify Flag05 in OMNI_POST\n    expect(omniPostFlag05).to.equal(expectedFlag05, \n        `Flag05 mismatch in OMNI_POST. Expected: ${expectedFlag05} (REDI02 ${hasRedi02 ? 'present' : 'not present'} in TAG_IDS), Got: ${omniPostFlag05}`);\n    \n    // Verify String11 in OMNI_POST (should match TRUST_SCORE, or \"NA\" if TRUST_SCORE is \"NA\")\n    expect(omniPostString11).to.equal(expectedString11, \n        `String11 mismatch in OMNI_POST. Expected: ${expectedString11} (TRUST_SCORE: ${dsTrustScore}), Got: ${omniPostString11}`);\n    \n    // Verify OMNI_PRE and OMNI_POST have same values\n    expect(omniPreFlag05).to.equal(omniPostFlag05, \n        `Flag05 mismatch between OMNI_PRE and OMNI_POST. OMNI_PRE: ${omniPreFlag05}, OMNI_POST: ${omniPostFlag05}`);\n    \n    expect(omniPreString11).to.equal(omniPostString11, \n        `String11 mismatch between OMNI_PRE and OMNI_POST. OMNI_PRE: ${omniPreString11}, OMNI_POST: ${omniPostString11}`);\n    \n    // Verify String09 (sms_epfo) in OMNI_HC, OMNI_PRE and OMNI_POST\n    const omniHcApplicant = omniHcWorkingStorage?.Applicant;\n    const omniHcString09 = omniHcApplicant?.[0]?.String09;\n    const omniPreString09 = omniPreApplicant?.[0]?.String09;\n    const omniPostString09 = omniPostApplicant?.[0]?.String09;\n    const smsEpfoFromPayload = cres?.PayLoad?.sms_epfo;\n    const expectedString09 = smsEpfoFromPayload === true ? '1' : '0';\n    if (omniHcWorkingStorage) {\n        expect(omniHcString09).to.equal(expectedString09,\n            `String09 mismatch in OMNI_HC. Expected: ${expectedString09} (sms_epfo=${smsEpfoFromPayload}), Got: ${omniHcString09}`);\n        console.log(`✅ OMNI_HC String09(sms_epfo): ${omniHcString09}`);\n    } else {\n        console.log('ℹ️  OMNI_HC vendor row not found — skipping String09 check for OMNI_HC');\n    }\n    expect(omniPreString09).to.equal(expectedString09,\n        `String09 mismatch in OMNI_PRE. Expected: ${expectedString09} (sms_epfo=${smsEpfoFromPayload}), Got: ${omniPreString09}`);\n    expect(omniPostString09).to.equal(expectedString09,\n        `String09 mismatch in OMNI_POST. Expected: ${expectedString09} (sms_epfo=${smsEpfoFromPayload}), Got: ${omniPostString09}`);\n    console.log(`✅ Verified WorkingStorageSpare. Flag05: ${omniPreFlag05}, String11: ${omniPreString11}, String09 — HC: ${omniHcString09}, PRE: ${omniPreString09}, POST: ${omniPostString09}`);\n    if (omniHcWorkingStorage) {\n        attachLabeledResponseToContext(this, 'OMNI_HC — WorkingStorageSpare (vendor log)', omniHcWorkingStorage);\n    }\n    attachLabeledResponseToContext(this, 'OMNI_PRE — WorkingStorageSpare (vendor log)', omniPreWorkingStorage);\n    attachLabeledResponseToContext(this, 'OMNI_POST — WorkingStorageSpare (vendor log)', omniPostWorkingStorage);\n} catch (error) {\n    console.error('Error verifying WorkingStorageSpare in OMNI_PRE and OMNI_POST:', error);\n    throw error;\n}",
              "err": {
                "message": "AssertionError: String11 mismatch in OMNI_PRE. Expected: undefined (TRUST_SCORE: undefined), Got: NA: expected 'NA' to equal 'undefined'",
                "estack": "AssertionError: String11 mismatch in OMNI_PRE. Expected: undefined (TRUST_SCORE: undefined), Got: NA: expected 'NA' to equal 'undefined'\n    at Context.<anonymous> (file:///Users/anirudhpenumaka/pl-api-automation/Embedded/test/E2E_Embedded_Sanity.js:2299:40)\n    at process.processTicksAndRejections (node:internal/process/task_queues:95:5)",
                "diff": "- NA\n+ undefined\n"
              },
              "uuid": "832e5275-d51b-45ac-adb1-6aef4862667a",
              "parentUUID": "3377acac-b2bc-44ac-93af-c30c957a9570",
              "isHook": false,
              "skipped": false
            }
          ],
          "suites": [],
          "passes": [],
          "failures": [
            "4cbd7bbf-b188-4643-b1e2-6019a46e953d",
            "d4f52a47-845a-411a-abb0-8399971a5adf",
            "832e5275-d51b-45ac-adb1-6aef4862667a"
          ],
          "pending": [],
          "skipped": [],
          "duration": 455,
          "root": false,
          "rootEmpty": false,
          "_timeout": 70000
        },
        {
          "uuid": "d5fb4e96-da27-4570-b603-38670fc6506b",
          "title": "penny  Testing",
          "fullFile": "/Users/anirudhpenumaka/pl-api-automation/Embedded/test/E2E_Embedded_Sanity.js",
          "file": "/test/E2E_Embedded_Sanity.js",
          "beforeHooks": [
            {
              "title": "\"before all\" hook in \"penny  Testing\"",
              "fullTitle": "penny  Testing \"before all\" hook in \"penny  Testing\"",
              "timedOut": false,
              "duration": 2501,
              "state": null,
              "speed": null,
              "pass": false,
              "fail": false,
              "pending": false,
              "context": null,
              "code": "await delay(2500); // Wait 2.5 seconds before starting this describe block",
              "err": {},
              "uuid": "2c949071-b0ce-434c-bb9f-397de4f12637",
              "parentUUID": "d5fb4e96-da27-4570-b603-38670fc6506b",
              "isHook": true,
              "skipped": false
            }
          ],
          "afterHooks": [],
          "tests": [
            {
              "title": "Check response is not empty",
              "fullTitle": "penny  Testing Check response is not empty",
              "timedOut": false,
              "duration": 949,
              "state": "passed",
              "speed": "slow",
              "pass": true,
              "fail": false,
              "pending": false,
              "context": "[\n  {\n    \"title\": \"API Response — HTTP 200\",\n    \"value\": {\n      \"status\": \"success\",\n      \"statusCode\": 200,\n      \"response\": {\n        \"transactionId\": \"9848141922871048TXN\"\n      }\n    }\n  },\n  {\n    \"title\": \"[POST /embedded-lending/banking/penny-testing/init/7710131922871021A] Request\",\n    \"value\": {\n      \"bank_name\": \"Acme Bank Ltd., India\",\n      \"account_num\": \"111111111113846\",\n      \"ifsc\": \"HDFC0009141\",\n      \"account_type\": \"SAVING\",\n      \"bank_code\": \"1258\"\n    }\n  },\n  {\n    \"title\": \"[POST /embedded-lending/banking/penny-testing/init/7710131922871021A] Response — HTTP 200\",\n    \"value\": {\n      \"status\": \"success\",\n      \"statusCode\": 200,\n      \"response\": {\n        \"transactionId\": \"9848141922871048TXN\"\n      }\n    }\n  }\n]",
              "code": "appdb = await CommonAPI.getApplicationDetailsFromDb(app_id);\nif (appdb.body.application.SANCTION_DETAIL.TYPE === \"L0_V2\") {\n    const { additionaldetailsres, PayLoad } = cres;\n    const sentAdditionalData = PayLoad.additional_partner_data;\n    bankcode = BankingStatusresponse.body.response.bank_code;\n    bankname = BankingStatusresponse.body.response.bank_name;\n    accountnumer = (BankingStatusresponse.body.response.account_num || '').replace(/X/g, '1');\n    res = await CommonAPI.pennyOLAAPI(app_id, bankcode, bankname, accountnumer,ifsc);\n    //verifying mismatch account number error message for L0_V2 offer in pennny we have to pass sms details account number if data is not there then it will allow random account number and ifsc\n    await MessgaesVerification.verifyErrorMessages(res, null, null, null);\n    //again calling penny to verifying successful message by passing correct ifsc and account number from sms details for L0_V2 offer\n    res = await CommonAPI.pennyOLAAPI(app_id, bankcode, bankname, accountnumer,ifsc);\n      attachInitResponseToContext(this, res);\n}\nelse if ((appdb.body.application.SANCTION_DETAIL.TYPE === \"L0\")) {\n    //if it is L0 offer then passing random account number and ifsc to get success message\n    bankcode = BankingStatusresponse.body.response.bank_code;\n    bankname = BankingStatusresponse.body.response.bank_name;\n    accountnumer = (BankingStatusresponse.body.response.account_num || '').replace(/X/g, '1');\n    res = await CommonAPI.pennyOLAAPI(app_id, bankcode, bankname, accountnumer,ifsc);\n       attachInitResponseToContext(this, res);\n}\nelse if (appdb.body.application.SANCTION_DETAIL.TYPE === \"L1\") {\n    bankcode = BankingStatusresponse.body.response.bank_code;\n    bankname = BankingStatusresponse.body.response.bank_name;\n    accountnumer = (BankingStatusresponse.body.response.account_num || '').replace(/X/g, '1');\n    res = await CommonAPI.pennyOLAAPI(app_id, bankcode, bankname, accountnumer,ifsc);\n       attachInitResponseToContext(this, res);\n}",
              "err": {},
              "uuid": "5ac47de0-9634-40a0-bec2-497f183b2b56",
              "parentUUID": "d5fb4e96-da27-4570-b603-38670fc6506b",
              "isHook": false,
              "skipped": false
            },
            {
              "title": "Check response is not empty",
              "fullTitle": "penny  Testing Check response is not empty",
              "timedOut": false,
              "duration": 0,
              "state": "passed",
              "speed": "fast",
              "pass": true,
              "fail": false,
              "pending": false,
              "context": null,
              "code": "expect(res.body).to.not.be.empty;\n        expect(res.body.status).equals('success');\n        expect(res.body.statusCode).equals(200);\n         expect(res.body.response.transactionId).to.exist;\n         pennytxnid = res.body.response.transactionId;",
              "err": {},
              "uuid": "7de328f6-b950-4ef4-915c-0f193d6b903a",
              "parentUUID": "d5fb4e96-da27-4570-b603-38670fc6506b",
              "isHook": false,
              "skipped": false
            }
          ],
          "suites": [],
          "passes": [
            "5ac47de0-9634-40a0-bec2-497f183b2b56",
            "7de328f6-b950-4ef4-915c-0f193d6b903a"
          ],
          "failures": [],
          "pending": [],
          "skipped": [],
          "duration": 949,
          "root": false,
          "rootEmpty": false,
          "_timeout": 70000
        },
        {
          "uuid": "a55d3f66-9837-44be-8507-712f41c64c24",
          "title": "Penny Status",
          "fullFile": "/Users/anirudhpenumaka/pl-api-automation/Embedded/test/E2E_Embedded_Sanity.js",
          "file": "/test/E2E_Embedded_Sanity.js",
          "beforeHooks": [],
          "afterHooks": [],
          "tests": [
            {
              "title": "Check response is not empty",
              "fullTitle": "Penny Status Check response is not empty",
              "timedOut": false,
              "duration": 5304,
              "state": "passed",
              "speed": "slow",
              "pass": true,
              "fail": false,
              "pending": false,
              "context": "[\n  {\n    \"title\": \"API Response — HTTP 200\",\n    \"value\": {\n      \"status\": \"success\",\n      \"statusCode\": 200,\n      \"response\": {\n        \"status\": \"Pending\",\n        \"account_number\": \"3846\",\n        \"ifsc\": \"HDFC0009141\"\n      }\n    }\n  },\n  {\n    \"title\": \"API Response — HTTP 200\",\n    \"value\": {\n      \"status\": \"success\",\n      \"statusCode\": 200,\n      \"response\": {\n        \"status\": \"Completed\",\n        \"account_number\": \"3846\",\n        \"ifsc\": \"HDFC0009141\"\n      }\n    }\n  },\n  {\n    \"title\": \"[GET /embedded-lending/banking/penny-testing/status/7710131922871021A/9848141922871048TXN] Response — HTTP 200\",\n    \"value\": {\n      \"status\": \"success\",\n      \"statusCode\": 200,\n      \"response\": {\n        \"status\": \"Pending\",\n        \"account_number\": \"3846\",\n        \"ifsc\": \"HDFC0009141\"\n      }\n    }\n  },\n  {\n    \"title\": \"[GET /embedded-lending/banking/penny-testing/status/7710131922871021A/9848141922871048TXN] Response — HTTP 200\",\n    \"value\": {\n      \"status\": \"success\",\n      \"statusCode\": 200,\n      \"response\": {\n        \"status\": \"Completed\",\n        \"account_number\": \"3846\",\n        \"ifsc\": \"HDFC0009141\"\n      }\n    }\n  }\n]",
              "code": "this.timeout(75000); // 1 min poll + buffer\nconst pollIntervalMs = 5000;\nconst maxWaitMs = 60000;\nconst start = Date.now();\nlet lastRes;\nwhile (true) {\n    lastRes = await CommonAPI.pennyStatus(app_id, pennytxnid);\n    attachInitResponseToContext(this, lastRes);\n    const body = lastRes.body;\n    const responseStatus = body?.response?.status;\n    // Stop on any known terminal response (Completed, Retry, error, failure)\n    if (body?.status === 'error' || body?.status === 'failure') break;\n    if (responseStatus === 'Completed' || responseStatus === 'Retry') break;\n    // Unknown/no response — keep polling until timeout\n    if (Date.now() - start >= maxWaitMs) break;\n    await new Promise(r => setTimeout(r, pollIntervalMs));\n}\nres = lastRes;",
              "err": {},
              "uuid": "f3198f1f-de8b-4921-b2db-484e99180e12",
              "parentUUID": "a55d3f66-9837-44be-8507-712f41c64c24",
              "isHook": false,
              "skipped": false
            },
            {
              "title": "Check response is not empty",
              "fullTitle": "Penny Status Check response is not empty",
              "timedOut": false,
              "duration": 0,
              "state": "passed",
              "speed": "fast",
              "pass": true,
              "fail": false,
              "pending": false,
              "context": null,
              "code": "expect(res.body).to.not.be.empty;\nexpect(res.body.status).equals('success');\nexpect(res.body.statusCode).equals(200);\nexpect(res.body.response.status).equals('Completed');",
              "err": {},
              "uuid": "107d1241-cfbc-4dce-aa28-8af8caabc370",
              "parentUUID": "a55d3f66-9837-44be-8507-712f41c64c24",
              "isHook": false,
              "skipped": false
            }
          ],
          "suites": [],
          "passes": [
            "f3198f1f-de8b-4921-b2db-484e99180e12",
            "107d1241-cfbc-4dce-aa28-8af8caabc370"
          ],
          "failures": [],
          "pending": [],
          "skipped": [],
          "duration": 5304,
          "root": false,
          "rootEmpty": false,
          "_timeout": 70000
        }
      ],
      "passes": [],
      "failures": [],
      "pending": [],
      "skipped": [],
      "duration": 0,
      "root": true,
      "rootEmpty": true,
      "_timeout": 70000
    }
  ],
  "meta": {
    "mocha": {
      "version": "10.8.2"
    },
    "mochawesome": {
      "options": {
        "quiet": false,
        "reportFilename": "mochawesome",
        "saveHtml": true,
        "saveJson": true,
        "consoleReporter": "spec",
        "useInlineDiffs": false,
        "code": true
      },
      "version": "7.1.4"
    },
    "marge": {
      "options": {
        "configFile": "mocha-reporters.config.json"
      },
      "version": "6.3.2"
    }
  }
}