{
  "stats": {
    "suites": 22,
    "tests": 57,
    "passes": 29,
    "pending": 7,
    "failures": 21,
    "start": "2026-06-24T09:19:47.788Z",
    "end": "2026-06-24T09:23:33.616Z",
    "duration": 225828,
    "testsRegistered": 72,
    "passPercent": 44.61538461538462,
    "pendingPercent": 9.722222222222223,
    "other": 1,
    "hasOther": true,
    "skipped": 15,
    "hasSkipped": true
  },
  "results": [
    {
      "uuid": "9f41f937-d54b-4b81-b35c-4a910ccda497",
      "title": "",
      "fullFile": "",
      "file": "",
      "beforeHooks": [
        {
          "title": "\"before all\" hook in \"{root}\"",
          "fullTitle": "\"before all\" hook in \"{root}\"",
          "timedOut": false,
          "duration": 396,
          "state": null,
          "speed": null,
          "pass": false,
          "fail": false,
          "pending": false,
          "context": null,
          "code": "const aprConfig = await CommonAPI.getAprComplianceConfig();\nAPR_MAX = aprConfig.maxApr;\naprComplianceEnabled = aprConfig.enabled;\nconsole.log(`[APR Config] aprComplianceEnabled=${aprComplianceEnabled}, APR_MAX=${APR_MAX}`);\n// Reset all gate fields so stale values from previous runs don't bleed through",
          "err": {},
          "uuid": "01fef112-21d2-4bab-85bb-b2e14084b4a0",
          "parentUUID": "9f41f937-d54b-4b81-b35c-4a910ccda497",
          "isHook": true,
          "skipped": false
        },
        {
          "title": "\"before each\" hook in \"{root}\"",
          "fullTitle": "\"before each\" hook in \"{root}\"",
          "timedOut": false,
          "duration": 0,
          "state": null,
          "speed": null,
          "pass": false,
          "fail": false,
          "pending": false,
          "context": null,
          "code": "clearTestResponses();",
          "err": {},
          "uuid": "8262656c-1bbb-4119-910b-a1aa11bcafcc",
          "parentUUID": "9f41f937-d54b-4b81-b35c-4a910ccda497",
          "isHook": true,
          "skipped": false
        }
      ],
      "afterHooks": [
        {
          "title": "\"after each\" hook in \"{root}\"",
          "fullTitle": "\"after each\" hook in \"{root}\"",
          "timedOut": false,
          "duration": 0,
          "state": null,
          "speed": null,
          "pass": false,
          "fail": false,
          "pending": false,
          "context": null,
          "code": "attachAllResponsesToContext(this);",
          "err": {},
          "uuid": "009e806c-c7bd-4fb6-ad6d-97c1d3ef1def",
          "parentUUID": "9f41f937-d54b-4b81-b35c-4a910ccda497",
          "isHook": true,
          "skipped": false
        }
      ],
      "tests": [],
      "suites": [
        {
          "uuid": "501db462-ec5a-4cca-924e-4f6e9d0b01f7",
          "title": "Token Creation",
          "fullFile": "/Users/anirudhpenumaka/pl-api-automation/Embedded/test/E2E_Embedded_Sanity.js",
          "file": "/test/E2E_Embedded_Sanity.js",
          "beforeHooks": [
            {
              "title": "\"before all\" hook in \"Token Creation\"",
              "fullTitle": "Token Creation \"before all\" hook in \"Token Creation\"",
              "timedOut": false,
              "duration": 2693,
              "state": null,
              "speed": null,
              "pass": false,
              "fail": false,
              "pending": false,
              "context": null,
              "code": "await delay(2500); // Wait 2.5 seconds before starting this describe block\nif (constants.PARTNER === 'Airtel') {\n    headers = await CommonAPI.tokenCreation(\"Airtel\");\n}\nelse if (constants.PARTNER === 'Flipkart') {\n    headers = await CommonAPI.tokenCreation(\"Flipkart\");\n}\nelse {\n    headers = await CommonAPI.tokenCreation(\"Paytm\");\n}",
              "err": {},
              "uuid": "988a4fb2-b859-45f9-a268-78a0ec344ed1",
              "parentUUID": "501db462-ec5a-4cca-924e-4f6e9d0b01f7",
              "isHook": true,
              "skipped": false
            }
          ],
          "afterHooks": [],
          "tests": [
            {
              "title": "Check response is not empty",
              "fullTitle": "Token Creation Check response is not empty",
              "timedOut": false,
              "duration": 0,
              "state": "passed",
              "speed": "fast",
              "pass": true,
              "fail": false,
              "pending": false,
              "context": null,
              "code": "",
              "err": {},
              "uuid": "eb85f491-78f5-449f-b6de-2ed9e2ef8068",
              "parentUUID": "501db462-ec5a-4cca-924e-4f6e9d0b01f7",
              "isHook": false,
              "skipped": false
            }
          ],
          "suites": [],
          "passes": [
            "eb85f491-78f5-449f-b6de-2ed9e2ef8068"
          ],
          "failures": [],
          "pending": [],
          "skipped": [],
          "duration": 0,
          "root": false,
          "rootEmpty": false,
          "_timeout": 70000
        },
        {
          "uuid": "00ceffb6-32c0-4190-b161-a66e11990f89",
          "title": "PAN Creation",
          "fullFile": "/Users/anirudhpenumaka/pl-api-automation/Embedded/test/E2E_Embedded_Sanity.js",
          "file": "/test/E2E_Embedded_Sanity.js",
          "beforeHooks": [
            {
              "title": "\"before all\" hook in \"PAN Creation\"",
              "fullTitle": "PAN Creation \"before all\" hook in \"PAN Creation\"",
              "timedOut": false,
              "duration": 2620,
              "state": null,
              "speed": null,
              "pass": false,
              "fail": false,
              "pending": false,
              "context": null,
              "code": "await delay(2500);\nconst result = await CommonAPI.createPan();\npanRes = result.panRes;\npanNumber = result.panNumber;",
              "err": {},
              "uuid": "5f31c338-7d17-403e-ad66-3449244a9ab6",
              "parentUUID": "00ceffb6-32c0-4190-b161-a66e11990f89",
              "isHook": true,
              "skipped": false
            }
          ],
          "afterHooks": [],
          "tests": [
            {
              "title": "Check PAN API response is success",
              "fullTitle": "PAN Creation Check PAN API response is success",
              "timedOut": false,
              "duration": 19,
              "state": "passed",
              "speed": "fast",
              "pass": true,
              "fail": false,
              "pending": false,
              "context": "{\n  \"title\": \"API Response — HTTP 200\",\n  \"value\": {\n    \"Status\": \"Success\",\n    \"Message\": \"Data Inserted\"\n  }\n}",
              "code": "attachInitResponseToContext(this, panRes, null);\nexpect(panRes.body).to.not.be.empty;\nexpect(panRes.status).to.equal(200);",
              "err": {},
              "uuid": "57e3bb48-56d0-465c-8bf9-166fe23b3ec5",
              "parentUUID": "00ceffb6-32c0-4190-b161-a66e11990f89",
              "isHook": false,
              "skipped": false
            }
          ],
          "suites": [],
          "passes": [
            "57e3bb48-56d0-465c-8bf9-166fe23b3ec5"
          ],
          "failures": [],
          "pending": [],
          "skipped": [],
          "duration": 19,
          "root": false,
          "rootEmpty": false,
          "_timeout": 70000
        },
        {
          "uuid": "6a2feac0-56b0-49b1-97bf-d0730cfc6732",
          "title": "CIBIL Update",
          "fullFile": "/Users/anirudhpenumaka/pl-api-automation/Embedded/test/E2E_Embedded_Sanity.js",
          "file": "/test/E2E_Embedded_Sanity.js",
          "beforeHooks": [
            {
              "title": "\"before all\" hook in \"CIBIL Update\"",
              "fullTitle": "CIBIL Update \"before all\" hook in \"CIBIL Update\"",
              "timedOut": false,
              "duration": 2763,
              "state": null,
              "speed": null,
              "pass": false,
              "fail": false,
              "pending": false,
              "context": null,
              "code": "await delay(2500);\nconst result = await CommonAPI.updateCibil(panNumber);\ncibilRes = result.cibilRes;\nmobileNumber = result.mobile;",
              "err": {},
              "uuid": "59a234de-4b21-40b6-9b70-7df32258551d",
              "parentUUID": "6a2feac0-56b0-49b1-97bf-d0730cfc6732",
              "isHook": true,
              "skipped": false
            }
          ],
          "afterHooks": [],
          "tests": [
            {
              "title": "Check CIBIL API response is success",
              "fullTitle": "CIBIL Update Check CIBIL API response is success",
              "timedOut": false,
              "duration": 1,
              "state": "passed",
              "speed": "fast",
              "pass": true,
              "fail": false,
              "pending": false,
              "context": "{\n  \"title\": \"API Response — HTTP 200\",\n  \"value\": {\n    \"Status\": \"Success\",\n    \"Message\": \"Data Inserted\"\n  }\n}",
              "code": "attachInitResponseToContext(this, cibilRes, null);\nexpect(cibilRes.body).to.not.be.empty;\nexpect(cibilRes.status).to.equal(200);",
              "err": {},
              "uuid": "3ef2cf72-81da-4625-958f-ad5c8e3ab19f",
              "parentUUID": "6a2feac0-56b0-49b1-97bf-d0730cfc6732",
              "isHook": false,
              "skipped": false
            }
          ],
          "suites": [],
          "passes": [
            "3ef2cf72-81da-4625-958f-ad5c8e3ab19f"
          ],
          "failures": [],
          "pending": [],
          "skipped": [],
          "duration": 1,
          "root": false,
          "rootEmpty": false,
          "_timeout": 70000
        },
        {
          "uuid": "bdbba7c4-74e0-498b-aa50-c6c0d191a6fe",
          "title": "Application creation",
          "fullFile": "/Users/anirudhpenumaka/pl-api-automation/Embedded/test/E2E_Embedded_Sanity.js",
          "file": "/test/E2E_Embedded_Sanity.js",
          "beforeHooks": [
            {
              "title": "\"before all\" hook in \"Application creation\"",
              "fullTitle": "Application creation \"before all\" hook in \"Application creation\"",
              "timedOut": false,
              "duration": 2502,
              "state": null,
              "speed": null,
              "pass": false,
              "fail": false,
              "pending": false,
              "context": null,
              "code": "await delay(2500); // Wait 2.5 seconds before starting this describe bloc",
              "err": {},
              "uuid": "723739a5-a2dc-40f2-b392-209a9ee590a9",
              "parentUUID": "bdbba7c4-74e0-498b-aa50-c6c0d191a6fe",
              "isHook": true,
              "skipped": false
            },
            {
              "title": "\"before all\" hook in \"Application creation\"",
              "fullTitle": "Application creation \"before all\" hook in \"Application creation\"",
              "timedOut": false,
              "duration": 1790,
              "state": null,
              "speed": null,
              "pass": false,
              "fail": false,
              "pending": false,
              "context": null,
              "code": "const isFlipkartSelfEmp = constants.PARTNER === 'Flipkart' && constants.EMP_TYPE === 'SELFEMP';\n// GSTIN_SCENARIO env override — lets the same suite exercise OS-2254 Rule 0\n// (GST Match) without code changes:\n//   MATCH (default) — known-good GSTIN that IS in the Karza soft-pull results\n//   NONE            — gstin omitted entirely (Rule 0 must be skipped, not fired)\n//   INVALID         — syntactically malformed GSTIN\n//   MISMATCH        — well-formed GSTIN that is NOT in the Karza soft-pull results\nconst GSTIN_SCENARIOS = {\n    MATCH:    '11AAACR5055K1ZK',\n    NONE:     null,\n    INVALID:  'GARBAGE12345',\n    MISMATCH: '27ABCDE1234F1Z5',\n};\nconst gstinScenario = (process.env.GSTIN_SCENARIO || 'MATCH').toUpperCase();\nconst scenarioGstin = Object.prototype.hasOwnProperty.call(GSTIN_SCENARIOS, gstinScenario)\n    ? GSTIN_SCENARIOS[gstinScenario] : GSTIN_SCENARIOS.MATCH;\nconsole.log(`  GSTIN_SCENARIO=${gstinScenario} → gstin sent: ${scenarioGstin ?? '(none)'}`);\n// Single source of truth — `extra` (dot-path keys for the applicationCreate\n// payload) is derived from sentEmployment instead of being hand-duplicated,\n// so the two can never drift out of sync.\nsentEmployment = isFlipkartSelfEmp ? {\n    emp_type:           'SELFEMP',\n    annual_turnover:    'Rs.0 to 40 lakhs',\n    nature_of_business: 'MANUFACTURER',\n    business_type:      'PROPRIETORSHIP',\n    ...(scenarioGstin ? { gstin: scenarioGstin } : {}),\n    business_name:      'Sharma Traders Pvt Ltd',\n} : {};\nconst extra = Object.fromEntries(\n    Object.entries(sentEmployment).map(([key, value]) => [`employment.${key}`, value])\n);\nAppresponse = await CommonAPI.applicationCreate(panNumber, mobileNumber, extra);\nconst { applicationCreateres } = Appresponse;\napp_id = applicationCreateres.body.response.application_id;\nawait saveAppData(app_id);\nCommonAPI.writeTestContext({ appId: app_id });",
              "err": {},
              "uuid": "bfb24b71-7a22-4480-96e6-821df45d8b33",
              "parentUUID": "bdbba7c4-74e0-498b-aa50-c6c0d191a6fe",
              "isHook": true,
              "skipped": false
            }
          ],
          "afterHooks": [],
          "tests": [
            {
              "title": "Check response is not empty and API call is sucess",
              "fullTitle": "Application creation Check response is not empty and API call is sucess",
              "timedOut": false,
              "duration": 1,
              "state": "passed",
              "speed": "fast",
              "pass": true,
              "fail": false,
              "pending": false,
              "context": "{\n  \"title\": \"API Response — HTTP 200\",\n  \"value\": {\n    \"status\": \"success\",\n    \"statusCode\": 200,\n    \"response\": {\n      \"application_id\": \"3930082922871068A\"\n    }\n  }\n}",
              "code": "const { applicationCreateres } = Appresponse;\nconst { body } = applicationCreateres;\n// Attach the application init response to this     test's context for Mochawesome\nattachInitResponseToContext(this, applicationCreateres, null);\nexpect(body).to.not.be.empty;\nexpect(body.statusCode).equals(200);\nexpect(body.status).equals('success');\nexpect(body.response).to.have.property('application_id');\nexpect(body.response.application_id).to.be.a('string').and.not.be.empty;",
              "err": {},
              "uuid": "0b94a579-8ab7-49f4-bb47-6bfc181b5540",
              "parentUUID": "bdbba7c4-74e0-498b-aa50-c6c0d191a6fe",
              "isHook": false,
              "skipped": false
            },
            {
              "title": "Verify whether sourcing partner name is stored in Applicant details table",
              "fullTitle": "Application creation Verify whether sourcing partner name is stored in Applicant details table",
              "timedOut": false,
              "duration": 504,
              "state": "passed",
              "speed": "slow",
              "pass": true,
              "fail": false,
              "pending": false,
              "context": null,
              "code": "const { UpdatedPayLoad } = Appresponse;\nconst applicantdetails = await CommonAPI.getApplicationDetailsFromDb(app_id);\nconst partnerName = applicantdetails.body.application.PARTNER.SOURCING_PARTNER.PARTNER_NAME;\nconst expectedPartnerName = UpdatedPayLoad.sourcing_partner.partner_name;\nexpect(partnerName).equals(expectedPartnerName);\nexpect(partnerName).to.be.a('string').and.not.be.empty;",
              "err": {},
              "uuid": "4a4b7129-40de-4796-b328-afdc91e9ccf9",
              "parentUUID": "bdbba7c4-74e0-498b-aa50-c6c0d191a6fe",
              "isHook": false,
              "skipped": false
            }
          ],
          "suites": [],
          "passes": [
            "0b94a579-8ab7-49f4-bb47-6bfc181b5540",
            "4a4b7129-40de-4796-b328-afdc91e9ccf9"
          ],
          "failures": [],
          "pending": [],
          "skipped": [],
          "duration": 505,
          "root": false,
          "rootEmpty": false,
          "_timeout": 70000
        },
        {
          "uuid": "3df620b9-5149-4b41-be0a-cd498b06d914",
          "title": "AdditionalDetails",
          "fullFile": "/Users/anirudhpenumaka/pl-api-automation/Embedded/test/E2E_Embedded_Sanity.js",
          "file": "/test/E2E_Embedded_Sanity.js",
          "beforeHooks": [
            {
              "title": "\"before all\" hook in \"AdditionalDetails\"",
              "fullTitle": "AdditionalDetails \"before all\" hook in \"AdditionalDetails\"",
              "timedOut": false,
              "duration": 3532,
              "state": null,
              "speed": null,
              "pass": false,
              "fail": false,
              "pending": false,
              "context": null,
              "code": "await delay(2500); // Wait 2.5 seconds before starting this describe block\n       \ncres = await CommonAPI.AdditionalDetails(app_id, additionalDetailsFile);\ncustomerprofile = await CommonAPI.getcustomerProfile(app_id);",
              "err": {},
              "uuid": "6e38f341-cd4a-4e87-8175-4c92c94cef5e",
              "parentUUID": "3df620b9-5149-4b41-be0a-cd498b06d914",
              "isHook": true,
              "skipped": false
            }
          ],
          "afterHooks": [],
          "tests": [
            {
              "title": "Check response is as per the contract and API call is sucess",
              "fullTitle": "AdditionalDetails Check response is as per the contract and API call is sucess",
              "timedOut": false,
              "duration": 0,
              "state": "passed",
              "speed": "fast",
              "pass": true,
              "fail": false,
              "pending": false,
              "context": "[\n  {\n    \"title\": \"Request Payload\",\n    \"value\": {\n      \"company_name\": \"Flipkart\",\n      \"is_pre_qualified\": true,\n      \"partner_score\": \"wew\",\n      \"additional_partner_data\": {\n        \"affluence_score\": \"H\",\n        \"cremo_bucket\": \"5\",\n        \"emi_bucket\": \"3\",\n        \"account_age\": \"250\",\n        \"add_age\": \"12\",\n        \"add_numericals\": \"10\",\n        \"add_char\": \"120\",\n        \"freq_delivered_pincode\": \"560001\",\n        \"recent_pincode\": \"560034\",\n        \"fk_bnpl_emi\": \"1\",\n        \"add_type_home\": \"1\",\n        \"add_type_work\": \"0\",\n        \"add_type_others\": \"0\",\n        \"add_is_default_shipping_contact_flag\": \"true\",\n        \"add_lat\": \"12.9716\",\n        \"add_long\": \"77.5946\",\n        \"add_order_share_24m\": \"80.5\",\n        \"add_gmv_share_24m\": \"75.2\",\n        \"pcd_order_share_24m\": \"82.4\",\n        \"pcd_gmv_share_24m\": \"88.1\",\n        \"add_month_since_last_delivery_date\": \"1\",\n        \"add_month_since_first_delivery_date\": \"24\",\n        \"add_orders_count_24m\": \"50\",\n        \"add_uniq_addresses_cnt_24m\": \"3\",\n        \"add_gmv_value_24m\": \"45000\",\n        \"pcd_age\": \"18\",\n        \"pcd_month_since_last_delivery_date\": \"2\",\n        \"pcd_month_since_first_delivery_date\": \"36\",\n        \"pcd_orders_count_24m\": \"60\",\n        \"pcd_uniq_pincode_address_cnt_24m\": \"4\",\n        \"pcd_uniq_addresses_pincode_cnt_ever\": \"7\",\n        \"pcd_gmv_value_24m\": \"60000\",\n        \"max_cart_value\": \"15000\"\n      }\n    }\n  },\n  {\n    \"title\": \"API Response — HTTP 200\",\n    \"value\": {\n      \"status\": \"success\",\n      \"statusCode\": 200,\n      \"message\": \"Additional Details Added\"\n    }\n  }\n]",
              "code": "const { additionaldetailsres } = cres;\nconst { body } = additionaldetailsres;\n attachInitResponseToContext(this, additionaldetailsres, cres.PayLoad);\n// Attach the application init response to this     test's context for Mochawesome\nexpect(body).to.not.be.empty;\nexpect(body.status).equals('success');\nexpect(body.statusCode).equals(200);\nexpect(body.message).equals(\"Additional Details Added\");",
              "err": {},
              "uuid": "072e14c9-60bc-43c0-ba74-526dca98ca6e",
              "parentUUID": "3df620b9-5149-4b41-be0a-cd498b06d914",
              "isHook": false,
              "skipped": false
            },
            {
              "title": "Verify whether partner score updated in Db",
              "fullTitle": "AdditionalDetails Verify whether partner score updated in Db",
              "timedOut": false,
              "duration": 1,
              "state": "passed",
              "speed": "fast",
              "pass": true,
              "fail": false,
              "pending": false,
              "context": null,
              "code": "const { PayLoad } = cres;\nconst actualPartnerScore = customerprofile.body.response.CUSTOMER.PARTNER_SCORE;\nconst expectedPartnerScore = PayLoad.partner_score;\nPaytm_partnerScore = actualPartnerScore;\n\nexpect(actualPartnerScore).equals(expectedPartnerScore);\nexpect(actualPartnerScore).to.exist;\nexpect(expectedPartnerScore).to.exist;",
              "err": {},
              "uuid": "2b4e1c4b-f858-4b13-8fc7-d6634599485d",
              "parentUUID": "3df620b9-5149-4b41-be0a-cd498b06d914",
              "isHook": false,
              "skipped": false
            },
            {
              "title": "Verify Airtel-specific additional data is stored in DB",
              "fullTitle": "AdditionalDetails Verify Airtel-specific additional data is stored in DB",
              "timedOut": false,
              "duration": 0,
              "state": "pending",
              "speed": null,
              "pass": false,
              "fail": false,
              "pending": true,
              "context": null,
              "code": "if (!isAirtel) {\n    this.skip();\n    return;\n}\n       appdb = await CommonAPI.getApplicationDetailsFromDb(app_id);\nconst additionalDataS3 = appdb.body.application.PARTNER_DATA.ADDITIONAL_DATA_S3;\n attachInitResponseToContext(this, appdb, null);\nexpect(additionalDataS3).to.be.a('string').and.not.be.empty;",
              "err": {},
              "uuid": "73598872-af28-4f10-8f68-10296d6d293d",
              "parentUUID": "3df620b9-5149-4b41-be0a-cd498b06d914",
              "isHook": false,
              "skipped": false
            },
            {
              "title": "TC-01: PARTNER_DATA.SMS_EPFO === true in DynamoDB",
              "fullTitle": "AdditionalDetails TC-01: PARTNER_DATA.SMS_EPFO === true in DynamoDB",
              "timedOut": false,
              "duration": 359,
              "state": "failed",
              "speed": null,
              "pass": false,
              "fail": true,
              "pending": false,
              "context": "{\n  \"title\": \"API Response — HTTP 200\",\n  \"value\": {\n    \"status\": true,\n    \"message\": \"Request Processed Successfully\",\n    \"application\": {\n      \"APPLICATION_ID\": \"3930082922871068A\",\n      \"ACTOR\": \"system@incred.com\",\n      \"CREATED_AT\": 1782292800393,\n      \"CUSTOMER\": {\n        \"0\": {\n          \"CUSTOMER_ID\": \"5209972922871054C\",\n          \"APPLICANT_TYPE\": \"Primary\",\n          \"UCID\": \"7219693810961023UC\"\n        }\n      },\n      \"EMI_365_DAY_BASIS\": true,\n      \"EPOCH\": 1782292803877,\n      \"LOAN_SCHEME\": \"PL_EMBEDDED\",\n      \"LOAN_TYPE\": \"PL\",\n      \"PARTNER\": {\n        \"TYPE_OF_PARTNER\": \"PL_EMBEDDED_PARTNER\",\n        \"SOURCING_PARTNER\": {\n          \"PARTNER_NAME\": \"Flipkart\"\n        },\n        \"PARTNER_ID\": \"6047827079771068P\",\n        \"PARTNER_NAME\": \"FlipKart\",\n        \"ui_option\": true\n      },\n      \"PARTNER_DATA\": {\n        \"PARTNER_SCORE\": \"wew\",\n        \"ADDITIONAL_DATA_S3\": \"f3ef9987ce9d12d4a124c8fdba799f45/af784b85853b89a98d141225592fd9bf\",\n        \"IS_PRE_QUALIFIED\": true\n      },\n      \"PERSONNEL_ID\": \"6047827079771068P@incred.com\",\n      \"STATUS\": \"INCOMPLETE\",\n      \"NACH_DATA\": {},\n      \"CAN_UPDATE\": true\n    },\n    \"customer\": {\n      \"0\": {\n        \"CUSTOMER_ID\": \"5209972922871054C\",\n        \"APPLICANT_TYPE\": \"Primary\",\n        \"UCID\": \"7219693810961023UC\",\n        \"CUSTOMER\": {\n          \"CUSTOMER_ID\": \"5209972922871054C\",\n          \"IS_PARENT\": 0,\n          \"PAN\": \"BEFPH3997H\",\n          \"MOBILE\": \"6659406723\",\n          \"DOB\": \"09/07/1996\",\n          \"CUSTOMER_TYPE\": \"INDIVIDUAL\",\n          \"CREATED_AT\": \"2026-06-24T14:50:00.000Z\",\n          \"EPOCH\": \"2026-06-24T14:50:00.000Z\",\n          \"CONTACT\": {\n            \"0\": {\n              \"TYPE\": \"MOBILE\",\n              \"PRIMARY\": \"Yes\",\n              \"VALUE\": \"6659406723\"\n            }\n          },\n          \"LNAME\": \"rijay Reddy\",\n          \"PARTNER_SCORE\": \"wew\",\n          \"ADDRESS\": {\n            \"0\": {\n              \"LANDMARK\": \"\",\n              \"COUNTRY\": {\n                \"CODE\": \"IN\",\n                \"L1\": \"State\",\n                \"L2\": \"District\",\n                \"L3\": \"Sub District\",\n                \"L4\": \"City\",\n                \"ID\": 1,\n                \"DESC\": \"India\"\n              },\n              \"L1\": \"Karnataka\",\n              \"L2\": \"Bangalore\",\n              \"L3\": \"Bangalore South\",\n              \"ADDRESS_TYPE\": \"Communication\",\n              \"L4\": \"Ramagondanahalli\",\n              \"PINCODE\": \"560066\"\n            }\n          },\n          \"GENDER\": {\n            \"UPDATED_EPOCH\": 1707289468905,\n            \"CODE\": \"F\",\n            \"P_CODE\": \"NA\",\n            \"STATUS\": \"A\",\n            \"CREATED_EPOCH\": 1704994058781,\n            \"MANDATORY\": 0,\n            \"UPLOAD_DOCUMENT\": 1,\n            \"EPOCH\": 1704994058781,\n            \"P_TYPE\": \"NA\",\n            \"TYPE\": \"GENDER_INDIVIDUAL\",\n            \"DESC\": \"Female\"\n          },\n          \"PAN_DETAILS\": {\n            \"STATUS\": \"Active\",\n            \"SEEDING_STATUS_VERIFIED\": true,\n            \"STATUS_DESCRIPTION\": \"Existing and Valid\",\n            \"NAME_VERIFIED\": true,\n            \"PAN\": \"DSHPK4926H\",\n            \"DOB_VERIFIED\": true,\n            \"FATHER_NAME_VERIFIED\": true\n          },\n          \"EMPLOYMENT\": {\n            \"0\": {\n              \"SALARY\": {\n                \"NET_MONTHLY\": 40000,\n                \"DSA_ENTERED_SALARY\": 40000\n              },\n              \"EMPLOYMENT_TYPE\": {\n                \"UPDATED_EPOCH\": 1707124571638,\n                \"CODE\": \"SELFEMP\",\n                \"STATUS\": \"A\",\n                \"P_CODE\": \"INDV\",\n                \"CREATED_EPOCH\": 1707124571638,\n                \"UPLOAD_DOCUMENT\": 1,\n                \"MANDATORY\": 0,\n                \"EPOCH\": 1707124571638,\n                \"P_TYPE\": \"CUSTOMER_TYPE\",\n                \"TYPE\": \"CUST_CONSTITUTION\",\n                \"DESC\": \"Self Employed\"\n              },\n              \"BUSINESS_TYPE\": {\n                \"UPDATED_EPOCH\": 1779881218338,\n                \"CODE\": \"PROPRIETORSHIP\",\n                \"STATUS\": \"A\",\n                \"P_CODE\": \"PL_V2.0\",\n                \"KARZA_CODE\": \"proprietorship\",\n                \"EPOCH\": 1779881218338,\n                \"P_TYPE\": \"NA\",\n                \"TYPE\": \"SELF_EMP_BUSINESS_TYPE\",\n                \"DESC\": \"Proprietorship\"\n              },\n              \"ANNUAL_BUSINESS_TURNOVER_RANGE\": \"Rs.0 to 40 lakhs\",\n              \"GST\": {\n                \"GST_NO\": \"27ABCDE1234F1Z5\"\n              },\n              \"NATURE_OF_BUSINESS\": {\n                \"UPDATED_EPOCH\": 1775587135000,\n                \"CODE\": \"MANUFACTURER\",\n                \"P_CODE\": \"PL\",\n                \"STATUS\": \"A\",\n                \"CREATED_EPOCH\": 1775587135000,\n                \"EPOCH\": 1775587135000,\n                \"DETAIL\": \"Manufacturer\",\n                \"P_TYPE\": \"PRODUCT_CATEGORY\",\n                \"TYPE\": \"NATURE_OF_BUSINESS\",\n                \"DESC\": \"Manufacturer\"\n              },\n              \"COMPANY\": {\n                \"NAME\": \"Flipkart\"\n              }\n            }\n          },\n          \"FNAME\": \"Test\",\n          \"verification\": {\n            \"CUSTOMER_ID\": \"5209972922871054C\",\n            \"PAN\": \"NO DATA FOUND\",\n            \"EKYC\": \"NO DATA FOUND\"\n          },\n          \"BUREAU\": {\n            \"status\": false,\n            \"message\": \"Request Processed With Error\",\n            \"error\": {\n              \"message\": \"No Match found\"\n            }\n          }\n        }\n      }\n    },\n    \"unprocessedArtifact\": {},\n    \"FIReport\": [],\n    \"taskHistory\": [],\n    \"currentTask\": []\n  }\n}",
              "code": "const { PayLoad } = cres;\n        const dbRes = await CommonAPI.getApplicationDetailsFromDb(app_id);\n        const expectedsmsepfoScore = PayLoad.sms_epfo;\n\n        attachInitResponseToContext(this, dbRes, null);\n        const partnerData = dbRes.body.application.PARTNER_DATA;\n        expect(partnerData, 'PARTNER_DATA should exist').to.exist;\n        expect(partnerData).to.have.property('SMS_EPFO');\n        expect(partnerData.SMS_EPFO).to.be.a('boolean');\n        expect(partnerData.SMS_EPFO).to.equal(expectedsmsepfoScore);",
              "err": {
                "message": "AssertionError: expected { PARTNER_SCORE: 'wew', …(2) } to have property 'SMS_EPFO'",
                "estack": "AssertionError: expected { PARTNER_SCORE: 'wew', …(2) } to have property 'SMS_EPFO'\n    at Context.<anonymous> (file:///Users/anirudhpenumaka/pl-api-automation/Embedded/test/E2E_Embedded_Sanity.js:289:37)\n    at process.processTicksAndRejections (node:internal/process/task_queues:95:5)",
                "diff": null
              },
              "uuid": "367babb6-05c6-47a8-9acf-dfdbd1c6a107",
              "parentUUID": "3df620b9-5149-4b41-be0a-cd498b06d914",
              "isHook": false,
              "skipped": false
            }
          ],
          "suites": [
            {
              "uuid": "fa28229c-3791-43fc-bacf-3dd9238b0f3d",
              "title": "TC-06: sms_epfo immutability guard",
              "fullFile": "/Users/anirudhpenumaka/pl-api-automation/Embedded/test/E2E_Embedded_Sanity.js",
              "file": "/test/E2E_Embedded_Sanity.js",
              "beforeHooks": [
                {
                  "title": "\"before all\" hook in \"TC-06: sms_epfo immutability guard\"",
                  "fullTitle": "AdditionalDetails TC-06: sms_epfo immutability guard \"before all\" hook in \"TC-06: sms_epfo immutability guard\"",
                  "timedOut": false,
                  "duration": 161,
                  "state": null,
                  "speed": null,
                  "pass": false,
                  "fail": false,
                  "pending": false,
                  "context": null,
                  "code": "secondRes = await CommonAPI.AdditionalDetails(app_id, additionalDetailsFile);",
                  "err": {},
                  "uuid": "0404a726-f000-4153-a2cc-2aace1e5b63d",
                  "parentUUID": "fa28229c-3791-43fc-bacf-3dd9238b0f3d",
                  "isHook": true,
                  "skipped": false
                }
              ],
              "afterHooks": [],
              "tests": [
                {
                  "title": "TC-06: first call (from parent before) returned 200",
                  "fullTitle": "AdditionalDetails TC-06: sms_epfo immutability guard TC-06: first call (from parent before) returned 200",
                  "timedOut": false,
                  "duration": 1,
                  "state": "passed",
                  "speed": "fast",
                  "pass": true,
                  "fail": false,
                  "pending": false,
                  "context": "{\n  \"title\": \"API Response — HTTP 200\",\n  \"value\": {\n    \"status\": \"success\",\n    \"statusCode\": 200,\n    \"message\": \"Additional Details Added\"\n  }\n}",
                  "code": "attachInitResponseToContext(this, cres.additionaldetailsres, null);\nexpect(cres.additionaldetailsres.status).to.equal(200);",
                  "err": {},
                  "uuid": "6b6feb72-1bc6-4e28-a13a-2ca6036c56bc",
                  "parentUUID": "fa28229c-3791-43fc-bacf-3dd9238b0f3d",
                  "isHook": false,
                  "skipped": false
                },
                {
                  "title": "TC-06: second call returns 406 — immutability guard triggered",
                  "fullTitle": "AdditionalDetails TC-06: sms_epfo immutability guard TC-06: second call returns 406 — immutability guard triggered",
                  "timedOut": false,
                  "duration": 0,
                  "state": "passed",
                  "speed": "fast",
                  "pass": true,
                  "fail": false,
                  "pending": false,
                  "context": "{\n  \"title\": \"API Response — HTTP 406\",\n  \"value\": {\n    \"status\": \"failure\",\n    \"statusCode\": 406,\n    \"message\": \"Additional Data already added\"\n  }\n}",
                  "code": "attachInitResponseToContext(this, secondRes.additionaldetailsres, null);\nexpect(secondRes.additionaldetailsres.status).to.equal(406);",
                  "err": {},
                  "uuid": "d6a0b5c5-82ed-45ae-bc4a-81993b0c374a",
                  "parentUUID": "fa28229c-3791-43fc-bacf-3dd9238b0f3d",
                  "isHook": false,
                  "skipped": false
                },
                {
                  "title": "TC-06: 406 response contains expected error message",
                  "fullTitle": "AdditionalDetails TC-06: sms_epfo immutability guard TC-06: 406 response contains expected error message",
                  "timedOut": false,
                  "duration": 0,
                  "state": "passed",
                  "speed": "fast",
                  "pass": true,
                  "fail": false,
                  "pending": false,
                  "context": null,
                  "code": "const msg = secondRes.additionaldetailsres.body?.message || secondRes.additionaldetailsres.body?.error || '';\nexpect(msg).to.satisfy(\n    m => m.includes('Additional Data already added') || m.includes('Partner Score Already added'),\n    `Unexpected 406 message: ${msg}`\n);",
                  "err": {},
                  "uuid": "cf776577-8354-4ca5-96be-e6eb462cd96a",
                  "parentUUID": "fa28229c-3791-43fc-bacf-3dd9238b0f3d",
                  "isHook": false,
                  "skipped": false
                }
              ],
              "suites": [],
              "passes": [
                "6b6feb72-1bc6-4e28-a13a-2ca6036c56bc",
                "d6a0b5c5-82ed-45ae-bc4a-81993b0c374a",
                "cf776577-8354-4ca5-96be-e6eb462cd96a"
              ],
              "failures": [],
              "pending": [],
              "skipped": [],
              "duration": 1,
              "root": false,
              "rootEmpty": false,
              "_timeout": 70000
            }
          ],
          "passes": [
            "072e14c9-60bc-43c0-ba74-526dca98ca6e",
            "2b4e1c4b-f858-4b13-8fc7-d6634599485d"
          ],
          "failures": [
            "367babb6-05c6-47a8-9acf-dfdbd1c6a107"
          ],
          "pending": [
            "73598872-af28-4f10-8f68-10296d6d293d"
          ],
          "skipped": [],
          "duration": 360,
          "root": false,
          "rootEmpty": false,
          "_timeout": 70000
        },
        {
          "uuid": "bb61343c-ddbb-4eab-bc0c-d365725f388d",
          "title": "Offer Request",
          "fullFile": "/Users/anirudhpenumaka/pl-api-automation/Embedded/test/E2E_Embedded_Sanity.js",
          "file": "/test/E2E_Embedded_Sanity.js",
          "beforeHooks": [
            {
              "title": "\"before all\" hook in \"Offer Request\"",
              "fullTitle": "Offer Request \"before all\" hook in \"Offer Request\"",
              "timedOut": false,
              "duration": 2501,
              "state": null,
              "speed": null,
              "pass": false,
              "fail": false,
              "pending": false,
              "context": null,
              "code": "await delay(2500); // Wait 2.5 seconds before starting this describe block",
              "err": {},
              "uuid": "83cdcc0f-4b8e-4cba-bb56-b9641c477660",
              "parentUUID": "bb61343c-ddbb-4eab-bc0c-d365725f388d",
              "isHook": true,
              "skipped": false
            }
          ],
          "afterHooks": [],
          "tests": [
            {
              "title": "Check response is as per the contract and API call is sucess",
              "fullTitle": "Offer Request Check response is as per the contract and API call is sucess",
              "timedOut": false,
              "duration": 163,
              "state": "passed",
              "speed": "slow",
              "pass": true,
              "fail": false,
              "pending": false,
              "context": "[\n  {\n    \"title\": \"API Response — HTTP 200\",\n    \"value\": {\n      \"status\": \"success\",\n      \"statusCode\": 200,\n      \"response\": {\n        \"txn_id\": \"5187082922871043DC\",\n        \"application_id\": \"3930082922871068A\"\n      }\n    }\n  },\n  {\n    \"title\": \"[GET /embedded-lending/offer/request/3930082922871068A] Response — HTTP 200\",\n    \"value\": {\n      \"status\": \"success\",\n      \"statusCode\": 200,\n      \"response\": {\n        \"txn_id\": \"5187082922871043DC\",\n        \"application_id\": \"3930082922871068A\"\n      }\n    }\n  }\n]",
              "code": "res = await CommonAPI.OfferReqest(app_id);\nconst { body } = res;\nconst { response } = body;\n attachInitResponseToContext(this, res, null);\nexpect(body).to.not.be.empty;\nexpect(body.status).equals('success');\nexpect(body.statusCode).equals(200);\nexpect(response).to.have.property('txn_id');\nexpect(response).to.have.property('application_id');\nexpect(response.txn_id).to.be.a('string').and.not.be.empty;\nexpect(response.application_id).equals(app_id);\n\ntxn_id = response.txn_id;",
              "err": {},
              "uuid": "193ac612-5288-4c93-9fe4-886fbfadafc4",
              "parentUUID": "bb61343c-ddbb-4eab-bc0c-d365725f388d",
              "isHook": false,
              "skipped": false
            }
          ],
          "suites": [],
          "passes": [
            "193ac612-5288-4c93-9fe4-886fbfadafc4"
          ],
          "failures": [],
          "pending": [],
          "skipped": [],
          "duration": 163,
          "root": false,
          "rootEmpty": false,
          "_timeout": 70000
        },
        {
          "uuid": "e32888ca-10ce-4c79-b168-46dd7cb662c5",
          "title": "SENP Rule Evaluation — derive expected decision (Flipkart SELFEMP)",
          "fullFile": "/Users/anirudhpenumaka/pl-api-automation/Embedded/test/E2E_Embedded_Sanity.js",
          "file": "/test/E2E_Embedded_Sanity.js",
          "beforeHooks": [
            {
              "title": "\"before all\" hook in \"SENP Rule Evaluation — derive expected decision (Flipkart SELFEMP)\"",
              "fullTitle": "SENP Rule Evaluation — derive expected decision (Flipkart SELFEMP) \"before all\" hook in \"SENP Rule Evaluation — derive expected decision (Flipkart SELFEMP)\"",
              "timedOut": false,
              "duration": 3244,
              "state": null,
              "speed": null,
              "pass": false,
              "fail": false,
              "pending": false,
              "context": null,
              "code": "// NOTE: only gated on partner/emp_type, NOT on gstin being sent. Per OS-2254,\n// Rule 0 (GST match) and the soft-pull side of Rule A/B are the only things that\n// skip when no GSTIN is sent — Rule A's create-side check and Rule C (income/\n// turnover) are independent of GST and must still be evaluated. Karza's soft-pull\n// is keyed by PAN, not GSTIN, so it still returns real data even with no GSTIN sent.\nif (!(constants.PARTNER === 'Flipkart' && constants.EMP_TYPE === 'SELFEMP')) {\n    console.log('  Skipping SENP rule evaluation — only runs for Flipkart SELFEMP');\n    this.skip();\n}\nthis.timeout(30000);\nconst karza = await CommonAPI.fetchKarzaGst(app_id, panNumber, sentEmployment.gstin);\nkarzaForReport = karza;\nsenpDecision = CommonAPI.deriveSenpExpectedDecision(sentEmployment, karza.gst, karza.karzaGstins);\nconsole.log(`\\n  SENP Rule Evaluation — derive expected decision (Flipkart SELFEMP)`);\nCommonAPI.printKarzaGstPanels(karza);\nCommonAPI.printSenpRulePanel(senpDecision);\nconsole.log(`\\n  → Derived expected decision: ${senpDecision.expectedDecision}`);",
              "err": {},
              "uuid": "fb06f8c1-9d25-4f49-8dbb-478037a6c7c9",
              "parentUUID": "e32888ca-10ce-4c79-b168-46dd7cb662c5",
              "isHook": true,
              "skipped": false
            }
          ],
          "afterHooks": [],
          "tests": [
            {
              "title": "should compute a derived expected decision from Rule 0 (GST match) / A / B / C",
              "fullTitle": "SENP Rule Evaluation — derive expected decision (Flipkart SELFEMP) should compute a derived expected decision from Rule 0 (GST match) / A / B / C",
              "timedOut": false,
              "duration": 0,
              "state": "passed",
              "speed": "fast",
              "pass": true,
              "fail": false,
              "pending": false,
              "context": "[\n  {\n    \"title\": \"Karza GST soft-pull — raw panels (search/details/returns)\",\n    \"value\": {\n      \"search\": {\n        \"URL\": \"GET /karza/gst/search/3930082922871068A/BEFPH3997H\",\n        \"HTTP\": 200,\n        \"GSTIN count\": 8,\n        \"gstinId[0]\": \"27AAATW4183C2ZG\",\n        \"authStatus\": \"Active\",\n        \"pan\": \"AAACR5055K\",\n        \"state\": \"Kerala\"\n      },\n      \"details\": {\n        \"URL\": \"GET /karza/gst/details/3930082922871068A/BEFPH3997H\",\n        \"HTTP\": 200,\n        \"gstin\": \"27AAATW4183C2ZG\",\n        \"lgnm (legal)\": \"RELIANCE\",\n        \"tradeNam\": \"Incred\",\n        \"ctb (type)\": \"proprietorship\",\n        \"rgdt (reg)\": \"01/07/2017\",\n        \"cxdt (inact)\": \"— (not present)\",\n        \"sts (status)\": \"Active\",\n        \"nba\": \"Office / Sale Office; Retail Business; Warehouse / Depot\"\n      },\n      \"returns\": {\n        \"URL\": \"GET /karza/gst/returns/3930082922871068A/BEFPH3997H\",\n        \"HTTP\": 200,\n        \"gstin\": \"32AAACR5055K1ZG\",\n        \"isAnyDelay\": false,\n        \"isDefaulter\": false,\n        \"filings\": 2\n      }\n    }\n  },\n  {\n    \"title\": \"Karza GST — parsed\",\n    \"value\": {\n      \"gstNo\": \"27ABCDE1234F1Z5\",\n      \"status\": \"Active\",\n      \"regDate\": \"01/07/2017\",\n      \"businessName\": \"Incred\",\n      \"businessType\": \"proprietorship\",\n      \"isGstAuto\": true,\n      \"isAnyDelay\": false,\n      \"isDefaulter\": false\n    }\n  },\n  {\n    \"title\": \"Rule 0 — GST Match (sent GSTIN vs Karza soft-pull GSTIN(s))\",\n    \"value\": {\n      \"fires\": true,\n      \"sentGstin\": \"27ABCDE1234F1Z5\",\n      \"karzaGstins\": [\n        \"27AAATW4183C2ZG\",\n        \"11AAACR5055K1ZK\",\n        \"11AAACR5055K1ZK\",\n        \"34AAACR5055K2ZB\",\n        \"26AAACR5055K2Z8\",\n        \"97AAACR5055K1Z0\",\n        \"38AAACR5055K1Z4\",\n        \"10AAACR5055K1ZM\"\n      ],\n      \"matched\": false,\n      \"rejectReason\": \"Rule 0 (GSTIN mismatch with Karza soft-pull)\"\n    }\n  },\n  {\n    \"title\": \"SENP Rule 0/A/B/C — derived decision\",\n    \"value\": {\n      \"rule0\": {\n        \"fires\": true,\n        \"sentGstin\": \"27ABCDE1234F1Z5\",\n        \"karzaGstins\": [\n          \"27AAATW4183C2ZG\",\n          \"11AAACR5055K1ZK\",\n          \"11AAACR5055K1ZK\",\n          \"34AAACR5055K2ZB\",\n          \"26AAACR5055K2Z8\",\n          \"97AAACR5055K1Z0\",\n          \"38AAACR5055K1Z4\",\n          \"10AAACR5055K1ZM\"\n        ],\n        \"matched\": false,\n        \"rejectReason\": \"Rule 0 (GSTIN mismatch with Karza soft-pull)\"\n      },\n      \"ruleA\": {\n        \"fires\": false,\n        \"sentBusinessType\": \"PROPRIETORSHIP\",\n        \"karzaBusinessType\": \"PROPRIETORSHIP\"\n      },\n      \"ruleB\": {\n        \"fires\": false,\n        \"isDefaulter\": false\n      },\n      \"ruleC\": {\n        \"fires\": false,\n        \"income\": 0,\n        \"slab\": \"Rs.0 to 40 lakhs\",\n        \"slabValid\": true,\n        \"invalidSlab\": false,\n        \"upperLimit\": 4000000,\n        \"derived\": 33333,\n        \"incomeBelow\": true,\n        \"derivedBelow\": false,\n        \"rejectReason\": null\n      },\n      \"anyFires\": true,\n      \"expectedDecision\": \"Rejected\"\n    }\n  }\n]",
              "code": "addContext(this, { title: 'Karza GST soft-pull — raw panels (search/details/returns)', value: karzaForReport?.fields ?? null });\naddContext(this, { title: 'Karza GST — parsed', value: karzaForReport?.gst ?? null });\naddContext(this, { title: 'Rule 0 — GST Match (sent GSTIN vs Karza soft-pull GSTIN(s))', value: senpDecision?.rule0 ?? null });\naddContext(this, { title: 'SENP Rule 0/A/B/C — derived decision', value: senpDecision });\nexpect(senpDecision).to.not.be.null;\nexpect(senpDecision.expectedDecision).to.be.oneOf(['Approved', 'Rejected']);",
              "err": {},
              "uuid": "c2ba5bb3-e300-4c81-b27f-e8e442f3e289",
              "parentUUID": "e32888ca-10ce-4c79-b168-46dd7cb662c5",
              "isHook": false,
              "skipped": false
            }
          ],
          "suites": [],
          "passes": [
            "c2ba5bb3-e300-4c81-b27f-e8e442f3e289"
          ],
          "failures": [],
          "pending": [],
          "skipped": [],
          "duration": 0,
          "root": false,
          "rootEmpty": false,
          "_timeout": 70000
        },
        {
          "uuid": "61ee37fc-0d4f-46c3-8d61-15348c3cfa8c",
          "title": "Offer Status",
          "fullFile": "/Users/anirudhpenumaka/pl-api-automation/Embedded/test/E2E_Embedded_Sanity.js",
          "file": "/test/E2E_Embedded_Sanity.js",
          "beforeHooks": [
            {
              "title": "\"before all\" hook in \"Offer Status\"",
              "fullTitle": "Offer Status \"before all\" hook in \"Offer Status\"",
              "timedOut": false,
              "duration": 2672,
              "state": null,
              "speed": null,
              "pass": false,
              "fail": false,
              "pending": false,
              "context": null,
              "code": "this.timeout(200000); // above 180s poll window so Mocha doesn't race the loop\nawait delay(2500); // Wait 2.5 seconds before starting this describe block\nif (!txn_id) {\n    console.warn('[Offer Status] txn_id is empty — skipping OfferStatus poll. Run full suite from Offer Request to populate txn_id.');\n    return;\n}\nofferStatusApiCallTime = new Date(); // Capture time when API is called\nres = await CommonAPI.OfferStatus(app_id, txn_id);",
              "err": {},
              "uuid": "a7a72f85-cba4-43f6-99dd-86cebbc20d7e",
              "parentUUID": "61ee37fc-0d4f-46c3-8d61-15348c3cfa8c",
              "isHook": true,
              "skipped": false
            }
          ],
          "afterHooks": [],
          "tests": [
            {
              "title": "Check response is as per the contract and API call is sucess",
              "fullTitle": "Offer Status Check response is as per the contract and API call is sucess",
              "timedOut": false,
              "duration": 1,
              "state": "failed",
              "speed": null,
              "pass": false,
              "fail": true,
              "pending": false,
              "context": "{\n  \"title\": \"API Response — HTTP 200\",\n  \"value\": {\n    \"status\": \"success\",\n    \"statusCode\": 200,\n    \"response\": {\n      \"offer_status\": \"Rejected\",\n      \"application_id\": \"3930082922871068A\",\n      \"txn_id\": \"5187082922871043DC\",\n      \"reject_reason\": \"Sorry, we couldn’t generate a suitable offer for you\"\n    }\n  }\n}",
              "code": "const { body } = res;\nconst { response } = body;attachInitResponseToContext(this, res, null);\nexpect(body).to.not.be.empty;\nexpect(body.status).equals('success');\nexpect(body.statusCode).equals(200);\nexpect(response).to.have.property(\"application_id\");\nexpect(response).to.have.property(\"txn_id\");\nexpect(response.application_id).equals(app_id);\nexpect(response.txn_id).equals(txn_id);\nexpect(response).to.have.any.keys('bureau_offer', 'banking_offer');\nexpect(response.offer_status).to.be.a('string');\n\n// Validate bureau_offer fields if bureau_offer exists\nif (response.bureau_offer) {\n    const bureauOffer = response.bureau_offer;\n    \n    // Verify all bureau_offer fields are present\n    expect(bureauOffer, 'bureau_offer should have min_loan_amount').to.have.property('min_loan_amount');\n    expect(bureauOffer, 'bureau_offer should have max_loan_amount').to.have.property('max_loan_amount');\n    expect(bureauOffer, 'bureau_offer should have tenure_list').to.have.property('tenure_list');\n    expect(bureauOffer, 'bureau_offer should have roi').to.have.property('roi');\n    expect(bureauOffer, 'bureau_offer should have pf_percent').to.have.property('pf_percent');\n    expect(bureauOffer, 'bureau_offer should have max_emi').to.have.property('max_emi');\n    expect(bureauOffer, 'bureau_offer should have offer_validity').to.have.property('offer_validity');\n    \n    // Verify field types and values\n    expect(bureauOffer.min_loan_amount).to.be.a('number').and.be.greaterThan(0);\n    expect(bureauOffer.max_loan_amount).to.be.a('number').and.be.greaterThan(0);\n    expect(bureauOffer.max_loan_amount).to.be.greaterThanOrEqual(bureauOffer.min_loan_amount, \n        'bureau_offer max_loan_amount should be greater than or equal to min_loan_amount');\n    expect(bureauOffer.tenure_list).to.be.an('array').and.not.be.empty;\n    expect(bureauOffer.tenure_list.every(t => typeof t === 'number' && t > 0)).to.be.true;\n    expect(bureauOffer.roi).to.be.a('number').and.be.greaterThan(0);\n    expect(bureauOffer.pf_percent).to.be.a('number').and.be.at.least(0);\n    expect(bureauOffer.max_emi).to.be.a('number').and.be.greaterThan(0);\n    expect(bureauOffer.offer_validity).to.be.a('string').and.not.be.empty;\n    \n    // Validate annual_pr if present\n    if (bureauOffer.hasOwnProperty('annual_pr')) {\n        expect(typeof bureauOffer.annual_pr === 'string' || typeof bureauOffer.annual_pr === 'number').to.be.true;\n    }\n}\n\n// Validate banking_offer fields if banking_offer exists\nif (response.banking_offer) {\n    const bankingOffer = response.banking_offer;\n    \n    // Verify all banking_offer fields are present (note: banking_offer has fewer fields)\n    expect(bankingOffer, 'banking_offer should have max_loan_amount').to.have.property('max_loan_amount');\n    expect(bankingOffer, 'banking_offer should have roi').to.have.property('roi');\n    expect(bankingOffer, 'banking_offer should have pf_percent').to.have.property('pf_percent');\n    \n    // Verify field types and values\n    expect(bankingOffer.max_loan_amount).to.be.a('number').and.be.greaterThan(0);\n    expect(bankingOffer.roi).to.be.a('number').and.be.greaterThan(0);\n    expect(bankingOffer.pf_percent).to.be.a('number').and.be.at.least(0);\n    \n    // Validate annual_pr if present\n    if (bankingOffer.hasOwnProperty('annual_pr')) {\n        expect(typeof bankingOffer.annual_pr === 'string' || typeof bankingOffer.annual_pr === 'number').to.be.true;\n    }\n}\n\n// Validate first_emi_date at response level if present\nif (response.hasOwnProperty('first_emi_date')) {\n    expect(response.first_emi_date).to.be.a('string').and.not.be.empty;\n}",
              "err": {
                "message": "AssertionError: expected { offer_status: 'Rejected', …(3) } to have keys 'bureau_offer', or 'banking_offer'",
                "estack": "AssertionError: expected { offer_status: 'Rejected', …(3) } to have keys 'bureau_offer', or 'banking_offer'\n    at Context.<anonymous> (file:///Users/anirudhpenumaka/pl-api-automation/Embedded/test/E2E_Embedded_Sanity.js:397:38)\n    at process.processImmediate (node:internal/timers:478:21)",
                "diff": " [\n-   \"application_id\"\n-   \"offer_status\"\n-   \"reject_reason\"\n-   \"txn_id\"\n+   \"banking_offer\"\n+   \"bureau_offer\"\n ]\n"
              },
              "uuid": "dfb3c24a-fbfd-44ac-8ba1-8e01cb4a1a00",
              "parentUUID": "61ee37fc-0d4f-46c3-8d61-15348c3cfa8c",
              "isHook": false,
              "skipped": false
            },
            {
              "title": "Verify bureau_offer account details match sentAdditionalData for Airtel vendor",
              "fullTitle": "Offer Status Verify bureau_offer account details match sentAdditionalData for Airtel vendor",
              "timedOut": false,
              "duration": 0,
              "state": "pending",
              "speed": null,
              "pass": false,
              "fail": false,
              "pending": true,
              "context": null,
              "code": "// Skip this test if vendor is not Airtel\nif (constants.PARTNER !== 'Airtel') {\n    this.skip();\n    return;\n}\nconst { body } = res;\nconst { response } = body;\n// Check if bureau_offer exists\nif (!response.bureau_offer) {\n    this.skip();\n    return;\n}\n// Get sentAdditionalData from AdditionalDetails response\nconst { PayLoad } = cres;\nconst sentAdditionalData = PayLoad?.additional_partner_data || {};\n// Check if account_details exists in bureau_offer (optional field)\nif (response.bureau_offer.account_details) {\n    const accountDetails = response.bureau_offer.account_details;\n    \n    // Verify account_num matches sentAdditionalData.calculated_income_acc_no_v4\n    if (sentAdditionalData.finbox_calculated_income_account_v2) {\n        expect(accountDetails).to.have.property('account_num');\n        expect(accountDetails.account_num).equals(\n            sentAdditionalData.finbox_calculated_income_account_v2,\n            `Account number mismatch. Expected: ${sentAdditionalData.finbox_calculated_income_account_v2}, Got: ${accountDetails.account_num}`\n        );\n    }\n}",
              "err": {},
              "uuid": "f6c632bf-0a42-4f39-8cb0-1548aeacad8a",
              "parentUUID": "61ee37fc-0d4f-46c3-8d61-15348c3cfa8c",
              "isHook": false,
              "skipped": false
            },
            {
              "title": "Should verify annual_pr matches calculated value in bureau_offer for all vendors",
              "fullTitle": "Offer Status Should verify annual_pr matches calculated value in bureau_offer for all vendors",
              "timedOut": false,
              "duration": 0,
              "state": "pending",
              "speed": null,
              "pass": false,
              "fail": false,
              "pending": true,
              "context": null,
              "code": "const { body } = res;\n const { response } = body;\n if (!response.bureau_offer) {\n     this.skip();\n     return;\n }\n const bureauOffer = response.bureau_offer;\n // Verify required fields exist\n expect(bureauOffer, 'bureau_offer should have max_loan_amount').to.have.property('max_loan_amount');\n expect(bureauOffer, 'bureau_offer should have roi').to.have.property('roi');\n expect(bureauOffer, 'bureau_offer should have tenure_list').to.have.property('tenure_list');\n expect(bureauOffer.tenure_list).to.be.an('array').and.not.be.empty;\n expect(bureauOffer, 'bureau_offer should have annual_pr').to.have.property('annual_pr');\n const netDisbursalAmt = bureauOffer.max_loan_amount;\n const roi = bureauOffer.roi;\n const loanTenure = Math.max(...bureauOffer.tenure_list);\n // Calculate EMI using JsonUtils.calculateEMI\n const monthlyEmi = await JsonUtils.calculateEMI(netDisbursalAmt, roi, loanTenure);\n // Calculate APR using the common function with calculated EMI\n const calculatedAPR = CommonAPI.getAnnualPercRateNew(netDisbursalAmt, loanTenure, monthlyEmi);\n const calculatedAPRFloat = parseFloat(calculatedAPR);\n const tolerance = 0.1; // Allow 0.1% tolerance\n // Validate annual_pr\n const responseAnnualPR = parseFloat(bureauOffer.annual_pr);\n console.log(`\\n[Offer Status API - bureau_offer] annual_pr Validation:`);\n console.log(`  Input values:`);\n console.log(`    max_loan_amount (netDisbursalAmt): ${netDisbursalAmt}`);\n console.log(`    max_tenure (loanTenure): ${loanTenure} months`);\n console.log(`    roi: ${roi}%`);\n console.log(`    Calculated EMI: ${monthlyEmi}`);\n console.log(`  Expected annual_pr (calculated): ${calculatedAPR}`);\n console.log(`  Actual annual_pr (response): ${bureauOffer.annual_pr}`);\n console.log(`  Difference: ${Math.abs(responseAnnualPR - calculatedAPRFloat).toFixed(4)}`);\n console.log(`  Tolerance: ${tolerance}`);\n expect(Math.abs(responseAnnualPR - calculatedAPRFloat)).to.be.at.most(\n     tolerance,\n     `annual_pr mismatch in bureau_offer. Expected: ${calculatedAPR}, Got: ${bureauOffer.annual_pr}`\n );",
              "err": {},
              "uuid": "a5bb801a-2c0b-4a5f-8cfc-68ffd4fc6d6c",
              "parentUUID": "61ee37fc-0d4f-46c3-8d61-15348c3cfa8c",
              "isHook": false,
              "skipped": false
            },
            {
              "title": "Should verify annual_pr matches calculated value in banking_offer for all vendors",
              "fullTitle": "Offer Status Should verify annual_pr matches calculated value in banking_offer for all vendors",
              "timedOut": false,
              "duration": 0,
              "state": "pending",
              "speed": null,
              "pass": false,
              "fail": false,
              "pending": true,
              "context": null,
              "code": "const { body } = res;\n     const { response } = body;\n     if (!response.banking_offer) {\n         console.log(`  Info: banking_offer not present in response, skipping annual_pr validation`);\n         this.skip();\n         return;\n     }\n     const bankingOffer = response.banking_offer;\n     // Verify that annual_pr is present (mandatory for Airtel)\n     expect(\n         bankingOffer,\n         'annual_pr must be present in banking_offer for Airtel vendor'\n     ).to.have.property('annual_pr');\n     // Verify required fields exist\n     expect(bankingOffer, 'banking_offer should have max_loan_amount').to.have.property('max_loan_amount');\n     expect(bankingOffer, 'banking_offer should have roi').to.have.property('roi');\n     const netDisbursalAmt = bankingOffer.max_loan_amount;\n     const roi = bankingOffer.roi;\n     // Get max tenure from DECISION_OUTPUT\n     const loanTenure = await getMaxTenureFromDecisionOutput(app_id);\n     if (!loanTenure) {\n         throw new Error(`Could not get max tenure from DECISION_OUTPUT for banking_offer. Cannot validate annual_pr.`);\n     }\n     // Calculate EMI using JsonUtils.calculateEMI\n     const monthlyEmi = await JsonUtils.calculateEMI(netDisbursalAmt, roi, loanTenure);\n     // Calculate APR using the common function with calculated EMI\n     const calculatedAPR = CommonAPI.getAnnualPercRateNew(netDisbursalAmt, loanTenure, monthlyEmi);\n     const calculatedAPRFloat = parseFloat(calculatedAPR);\n     const tolerance = 0.1; // Allow 0.1% tolerance\n     // Validate annual_pr\n     const responseAnnualPR = parseFloat(bankingOffer.annual_pr);\n     console.log(`\\n[Offer Status API - banking_offer] annual_pr Validation:`);\n     console.log(`  Input values:`);\n     console.log(`    max_loan_amount (netDisbursalAmt): ${netDisbursalAmt}`);\n     console.log(`    max_tenure (loanTenure): ${loanTenure} months`);\n     console.log(`    roi: ${roi}%`);\n     console.log(`    Calculated EMI: ${monthlyEmi}`);\n     console.log(`  Expected annual_pr (calculated): ${calculatedAPR}`);\n     console.log(`  Actual annual_pr (response): ${bankingOffer.annual_pr}`);\n     console.log(`  Difference: ${Math.abs(responseAnnualPR - calculatedAPRFloat).toFixed(4)}`);\n     console.log(`  Tolerance: ${tolerance}`);\n     expect(Math.abs(responseAnnualPR - calculatedAPRFloat)).to.be.at.most(\n         tolerance,\n         `annual_pr mismatch in banking_offer. Expected: ${calculatedAPR}, Got: ${bankingOffer.annual_pr}`\n     );",
              "err": {},
              "uuid": "08423724-c281-44f9-b2f2-f1901371eaf0",
              "parentUUID": "61ee37fc-0d4f-46c3-8d61-15348c3cfa8c",
              "isHook": false,
              "skipped": false
            },
            {
              "title": "Should verify first_emi_date exists at root level for all vendors",
              "fullTitle": "Offer Status Should verify first_emi_date exists at root level for all vendors",
              "timedOut": false,
              "duration": 1,
              "state": "failed",
              "speed": null,
              "pass": false,
              "fail": true,
              "pending": false,
              "context": null,
              "code": "const { body } = res;\n  const { response } = body;\n  expect(\n      response,\n      'first_emi_date is mandatory at root level for Airtel vendor'\n  ).to.have.property('first_emi_date');\n  expect(response.first_emi_date).to.be.a('string').and.not.be.empty;",
              "err": {
                "message": "AssertionError: first_emi_date is mandatory at root level for Airtel vendor: expected { offer_status: 'Rejected', …(3) } to have property 'first_emi_date'",
                "estack": "AssertionError: first_emi_date is mandatory at root level for Airtel vendor: expected { offer_status: 'Rejected', …(3) } to have property 'first_emi_date'\n    at Context.<anonymous> (file:///Users/anirudhpenumaka/pl-api-automation/Embedded/test/E2E_Embedded_Sanity.js:715:19)\n    at process.processImmediate (node:internal/timers:478:21)",
                "diff": null
              },
              "uuid": "6dc19c6a-d96b-40b0-8a9a-c04ab926b2d2",
              "parentUUID": "61ee37fc-0d4f-46c3-8d61-15348c3cfa8c",
              "isHook": false,
              "skipped": false
            },
            {
              "title": "Should verify first_emi_date matches expected calculated value for all vendors",
              "fullTitle": "Offer Status Should verify first_emi_date matches expected calculated value for all vendors",
              "timedOut": false,
              "duration": 0,
              "state": "pending",
              "speed": null,
              "pass": false,
              "fail": false,
              "pending": true,
              "context": null,
              "code": "const { body } = res;\n   const { response } = body;\n   if (!response.hasOwnProperty('first_emi_date')) {\n       this.skip();\n       return;\n   }\n   // Get expected date in DD/MM/YYYY format and convert to YYYY-MM-DD for comparison\n   const expectedFirstEmiDateDDMMYYYY = CommonAPI.getFirstEmiDate();\n   // Convert from DD/MM/YYYY to YYYY-MM-DD\n   const [day, month, year] = expectedFirstEmiDateDDMMYYYY.split('/');\n   const expectedFirstEmiDate = `${year}-${month}-${day}`; // Format: YYYY-MM-DD\n   console.log(`\\n[Offer Status API - Root Level] first_emi_date Validation:`);\n   console.log(`  Expected first_emi_date (YYYY-MM-DD): ${expectedFirstEmiDate}`);\n   console.log(`  Actual first_emi_date: ${response.first_emi_date}`);\n   expect(response.first_emi_date).to.equal(\n       expectedFirstEmiDate,\n       `first_emi_date mismatch. Expected: ${expectedFirstEmiDate}, Got: ${response.first_emi_date}`\n   );",
              "err": {},
              "uuid": "c9d5c49b-1c20-4ff0-801d-869d7ebdfc66",
              "parentUUID": "61ee37fc-0d4f-46c3-8d61-15348c3cfa8c",
              "isHook": false,
              "skipped": false
            },
            {
              "title": "Should verify first_emi_date is in correct YYYY-MM-DD format for all vendors",
              "fullTitle": "Offer Status Should verify first_emi_date is in correct YYYY-MM-DD format for all vendors",
              "timedOut": false,
              "duration": 0,
              "state": "pending",
              "speed": null,
              "pass": false,
              "fail": false,
              "pending": true,
              "context": null,
              "code": "const { body } = res;\n const { response } = body;\n if (!response.hasOwnProperty('first_emi_date')) {\n     this.skip();\n     return;\n }\n // Verify first_emi_date format is YYYY-MM-DD (e.g., \"2026-03-05\")\n const dateFormatRegex = /^(\\d{4})-(\\d{2})-(\\d{2})$/; // YYYY-MM-DD\n expect(response.first_emi_date).to.match(\n     dateFormatRegex,\n     `first_emi_date should be in YYYY-MM-DD format (e.g., \"2026-03-05\"), Got: ${response.first_emi_date}`\n );",
              "err": {},
              "uuid": "90d80556-3703-4366-ab6e-e22c1f0758bd",
              "parentUUID": "61ee37fc-0d4f-46c3-8d61-15348c3cfa8c",
              "isHook": false,
              "skipped": false
            },
            {
              "title": "Should verify first_emi_date is a valid date for Airtel vendor",
              "fullTitle": "Offer Status Should verify first_emi_date is a valid date for Airtel vendor",
              "timedOut": false,
              "duration": 0,
              "state": "pending",
              "speed": null,
              "pass": false,
              "fail": false,
              "pending": true,
              "context": null,
              "code": "const { body } = res;\n    const { response } = body;\n    if (!response.hasOwnProperty('first_emi_date')) {\n        this.skip();\n        return;\n    }\n    // Verify the date is valid\n    const dateParts = response.first_emi_date.split('-');\n    const yearNum = parseInt(dateParts[0], 10);\n    const monthNum = parseInt(dateParts[1], 10);\n    const dayNum = parseInt(dateParts[2], 10);\n    expect(dayNum).to.be.at.least(1).and.at.most(31, `Invalid day in first_emi_date: ${dayNum}`);\n    expect(monthNum).to.be.at.least(1).and.at.most(12, `Invalid month in first_emi_date: ${monthNum}`);\n    expect(yearNum).to.be.a('number').and.be.greaterThan(2000, `Invalid year in first_emi_date: ${yearNum}`);\n    // Verify the date is actually valid (not like 2026-02-31 which doesn't exist)\n    const firstEmiDate = new Date(yearNum, monthNum - 1, dayNum);\n    expect(firstEmiDate.getFullYear()).to.equal(yearNum);\n    expect(firstEmiDate.getMonth() + 1).to.equal(monthNum);\n    expect(firstEmiDate.getDate()).to.equal(dayNum);",
              "err": {},
              "uuid": "377d0e4d-4c93-4c63-8532-2972e9257252",
              "parentUUID": "61ee37fc-0d4f-46c3-8d61-15348c3cfa8c",
              "isHook": false,
              "skipped": false
            },
            {
              "title": "SENP rule-derived decision matches actual offer status (Flipkart SELFEMP)",
              "fullTitle": "Offer Status SENP rule-derived decision matches actual offer status (Flipkart SELFEMP)",
              "timedOut": false,
              "duration": 0,
              "state": "passed",
              "speed": "fast",
              "pass": true,
              "fail": false,
              "pending": false,
              "context": "{\n  \"title\": \"SENP Rule Evaluation — derived vs actual\",\n  \"value\": {\n    \"rule0\": {\n      \"fires\": true,\n      \"sentGstin\": \"27ABCDE1234F1Z5\",\n      \"karzaGstins\": [\n        \"27AAATW4183C2ZG\",\n        \"11AAACR5055K1ZK\",\n        \"11AAACR5055K1ZK\",\n        \"34AAACR5055K2ZB\",\n        \"26AAACR5055K2Z8\",\n        \"97AAACR5055K1Z0\",\n        \"38AAACR5055K1Z4\",\n        \"10AAACR5055K1ZM\"\n      ],\n      \"matched\": false,\n      \"rejectReason\": \"Rule 0 (GSTIN mismatch with Karza soft-pull)\"\n    },\n    \"ruleA\": {\n      \"fires\": false,\n      \"sentBusinessType\": \"PROPRIETORSHIP\",\n      \"karzaBusinessType\": \"PROPRIETORSHIP\"\n    },\n    \"ruleB\": {\n      \"fires\": false,\n      \"isDefaulter\": false\n    },\n    \"ruleC\": {\n      \"fires\": false,\n      \"income\": 0,\n      \"slab\": \"Rs.0 to 40 lakhs\",\n      \"slabValid\": true,\n      \"invalidSlab\": false,\n      \"upperLimit\": 4000000,\n      \"derived\": 33333,\n      \"incomeBelow\": true,\n      \"derivedBelow\": false,\n      \"rejectReason\": null\n    },\n    \"anyFires\": true,\n    \"expectedDecision\": \"Rejected\",\n    \"actualOfferStatus\": \"Rejected\"\n  }\n}",
              "code": "if (!senpDecision) {\n    console.log('  Skipping — only runs for Flipkart SELFEMP');\n    this.skip();\n}\nconst { response } = res.body;\naddContext(this, { title: 'SENP Rule Evaluation — derived vs actual', value: { ...senpDecision, actualOfferStatus: response.offer_status } });\nexpect(response.offer_status,\n    `Rule firing predicted \"${senpDecision.expectedDecision}\" but offer_status was \"${response.offer_status}\"`\n).to.equal(senpDecision.expectedDecision);",
              "err": {},
              "uuid": "0ecd4c96-d1f6-4700-90fc-4cf0e555396a",
              "parentUUID": "61ee37fc-0d4f-46c3-8d61-15348c3cfa8c",
              "isHook": false,
              "skipped": false
            },
            {
              "title": "OMNI_1 output + GST input (Flipkart SELFEMP, especially when rejected)",
              "fullTitle": "Offer Status OMNI_1 output + GST input (Flipkart SELFEMP, especially when rejected)",
              "timedOut": false,
              "duration": 21056,
              "state": "passed",
              "speed": "slow",
              "pass": true,
              "fail": false,
              "pending": false,
              "context": "[\n  {\n    \"title\": \"OMNI_1 — full OUTPUT (raw)\",\n    \"value\": null\n  },\n  {\n    \"title\": \"OMNI_1 — full INPUT (raw)\",\n    \"value\": null\n  },\n  {\n    \"title\": \"OMNI_1 — DECISION / REJECT_REASON (output)\",\n    \"value\": {\n      \"found\": false,\n      \"decision\": null,\n      \"rejectReason\": null,\n      \"message\": null\n    }\n  },\n  {\n    \"title\": \"OMNI_1 — GST (input) vs Karza soft-pull\",\n    \"value\": {\n      \"omni1Gst\": null,\n      \"karzaGst\": {\n        \"gstNo\": \"27ABCDE1234F1Z5\",\n        \"status\": \"Active\",\n        \"regDate\": \"01/07/2017\",\n        \"businessName\": \"Incred\",\n        \"businessType\": \"proprietorship\",\n        \"isGstAuto\": true,\n        \"isAnyDelay\": false,\n        \"isDefaulter\": false\n      }\n    }\n  },\n  {\n    \"title\": \"OMNI_PRE — full OUTPUT (raw)\",\n    \"value\": null\n  },\n  {\n    \"title\": \"OMNI_PRE — full INPUT (raw)\",\n    \"value\": null\n  },\n  {\n    \"title\": \"OMNI_PRE — DECISION / REJECT_REASON (output)\",\n    \"value\": {\n      \"found\": false,\n      \"decision\": null,\n      \"rejectReason\": null,\n      \"message\": null\n    }\n  },\n  {\n    \"title\": \"OMNI_PRE — GST (input) vs Karza soft-pull\",\n    \"value\": {\n      \"gst\": null,\n      \"karzaGst\": {\n        \"gstNo\": \"27ABCDE1234F1Z5\",\n        \"status\": \"Active\",\n        \"regDate\": \"01/07/2017\",\n        \"businessName\": \"Incred\",\n        \"businessType\": \"proprietorship\",\n        \"isGstAuto\": true,\n        \"isAnyDelay\": false,\n        \"isDefaulter\": false\n      }\n    }\n  },\n  {\n    \"title\": \"OMNI_POST — full OUTPUT (raw)\",\n    \"value\": null\n  },\n  {\n    \"title\": \"OMNI_POST — full INPUT (raw)\",\n    \"value\": null\n  },\n  {\n    \"title\": \"OMNI_POST — DECISION / REJECT_REASON (output)\",\n    \"value\": {\n      \"found\": false,\n      \"decision\": null,\n      \"rejectReason\": null,\n      \"message\": null\n    }\n  },\n  {\n    \"title\": \"OMNI_POST — GST (input) vs Karza soft-pull\",\n    \"value\": {\n      \"gst\": null,\n      \"karzaGst\": {\n        \"gstNo\": \"27ABCDE1234F1Z5\",\n        \"status\": \"Active\",\n        \"regDate\": \"01/07/2017\",\n        \"businessName\": \"Incred\",\n        \"businessType\": \"proprietorship\",\n        \"isGstAuto\": true,\n        \"isAnyDelay\": false,\n        \"isDefaulter\": false\n      }\n    }\n  },\n  {\n    \"title\": \"[GET /karza/gst/search/3930082922871068A/BEFPH3997H] Response — HTTP 200\",\n    \"value\": {\n      \"cacheHit\": false,\n      \"status\": true,\n      \"response\": {\n        \"requestId\": \"b251ec7b-c0c6-4a58-8c12-92b1fcd8871b\",\n        \"result\": [\n          {\n            \"authStatus\": \"Active\",\n            \"applicationStatus\": \"\",\n            \"emailId\": \"\",\n            \"gstinId\": \"27AAATW4183C2ZG\",\n            \"gstinRefId\": \"\",\n            \"mobNum\": \"\",\n            \"pan\": \"AAACR5055K\",\n            \"regType\": \"\",\n            \"registrationName\": \"\",\n            \"tinNumber\": \"\",\n            \"state\": \"Kerala\"\n          },\n          {\n            \"authStatus\": \"Active\",\n            \"applicationStatus\": \"\",\n            \"emailId\": \"\",\n            \"gstinId\": \"11AAACR5055K1ZK\",\n            \"gstinRefId\": \"\",\n            \"mobNum\": \"\",\n            \"pan\": \"AAACR5055K\",\n            \"regType\": \"\",\n            \"registrationName\": \"\",\n            \"tinNumber\": \"\",\n            \"state\": \"Chhattisgarh\"\n          },\n          {\n            \"authStatus\": \"Active\",\n            \"applicationStatus\": \"\",\n            \"emailId\": \"\",\n            \"gstinId\": \"11AAACR5055K1ZK\",\n            \"gstinRefId\": \"\",\n            \"mobNum\": \"\",\n            \"pan\": \"AAACR5055K\",\n            \"regType\": \"\",\n            \"registrationName\": \"\",\n            \"tinNumber\": \"\",\n            \"state\": \"Sikkim\"\n          },\n          {\n            \"authStatus\": \"Inactive\",\n            \"applicationStatus\": \"\",\n            \"emailId\": \"\",\n            \"gstinId\": \"34AAACR5055K2ZB\",\n            \"gstinRefId\": \"\",\n            \"mobNum\": \"\",\n            \"pan\": \"AAACR5055K\",\n            \"regType\": \"\",\n            \"registrationName\": \"\",\n            \"tinNumber\": \"\",\n            \"state\": \"Puducherry\"\n          },\n          {\n            \"authStatus\": \"Inactive\",\n            \"applicationStatus\": \"\",\n            \"emailId\": \"\",\n            \"gstinId\": \"26AAACR5055K2Z8\",\n            \"gstinRefId\": \"\",\n            \"mobNum\": \"\",\n            \"pan\": \"AAACR5055K\",\n            \"regType\": \"\",\n            \"registrationName\": \"\",\n            \"tinNumber\": \"\",\n            \"state\": \"Dadra and Nagar Haveli and Daman and Diu\"\n          },\n          {\n            \"authStatus\": \"Active\",\n            \"applicationStatus\": \"\",\n            \"emailId\": \"\",\n            \"gstinId\": \"97AAACR5055K1Z0\",\n            \"gstinRefId\": \"\",\n            \"mobNum\": \"\",\n            \"pan\": \"AAACR5055K\",\n            \"regType\": \"\",\n            \"registrationName\": \"\",\n            \"tinNumber\": \"\",\n            \"state\": \"Other Territory\"\n          },\n          {\n            \"authStatus\": \"Active\",\n            \"applicationStatus\": \"\",\n            \"emailId\": \"\",\n            \"gstinId\": \"38AAACR5055K1Z4\",\n            \"gstinRefId\": \"\",\n            \"mobNum\": \"\",\n            \"pan\": \"AAACR5055K\",\n            \"regType\": \"\",\n            \"registrationName\": \"\",\n            \"tinNumber\": \"\",\n            \"state\": \"Ladakh\"\n          },\n          {\n            \"authStatus\": \"Active\",\n            \"applicationStatus\": \"\",\n            \"emailId\": \"\",\n            \"gstinId\": \"10AAACR5055K1ZM\",\n            \"gstinRefId\": \"\",\n            \"mobNum\": \"\",\n            \"pan\": \"AAACR5055K\",\n            \"regType\": \"\",\n            \"registrationName\": \"\",\n            \"tinNumber\": \"\",\n            \"state\": \"Bihar\"\n          }\n        ],\n        \"statusCode\": 101\n      }\n    }\n  },\n  {\n    \"title\": \"[GET /karza/gst/details/3930082922871068A/BEFPH3997H] Response — HTTP 200\",\n    \"value\": {\n      \"cacheHit\": false,\n      \"status\": true,\n      \"response\": {\n        \"requestId\": \"1de976a8-f409-4c2a-b4af-139a967672d1\",\n        \"result\": {\n          \"stjCd\": \"KLC287\",\n          \"dty\": \"Regular\",\n          \"lgnm\": \"RELIANCE\",\n          \"stj\": \"Taxpayer Services  Circle, Vyttila\",\n          \"adadr\": [\n            {\n              \"addr\": \"NA\",\n              \"ntr\": \"Office / Sale Office\",\n              \"adr\": \"V795C 795E  795G, C/O,PANCHAMI OIL MILLS,, KADUNGALOOR ,IDA,EDAYAR,, MUPPATHADAM,, Ernakulam, Kerala, pin: 683110\",\n              \"em\": \"\",\n              \"lastUpdatedDate\": \"NA\",\n              \"mb\": \"\"\n            },\n            {\n              \"addr\": \"NA\",\n              \"ntr\": \"Office / Sale Office\",\n              \"adr\": \"DOOR NO.13/481 C-1, B.C.ROAD ,CHERUVANUR, FEROKE, Kozhikode, Kerala, pin: 673631\",\n              \"em\": \"\",\n              \"lastUpdatedDate\": \"NA\",\n              \"mb\": \"\"\n            },\n            {\n              \"addr\": \"NA\",\n              \"ntr\": \"Office / Sale Office\",\n              \"adr\": \"SURVEY NO. 321/12, RELIANCE AVIATION FUELLING STATION, AIRPORT ROAD, KARIPPUR, Malappuram, Kerala, pin: 673647\",\n              \"em\": \"\",\n              \"lastUpdatedDate\": \"NA\",\n              \"mb\": \"\"\n            },\n            {\n              \"addr\": \"NA\",\n              \"ntr\": \"Office / Sale Office\",\n              \"adr\": \"PLOT NO. 64,65 ,    66,A2 AREA, KONKAN STORAGE SYSTEM PVT. LTD, MATSYAPURI,W. ISLAND,, W. ISLAND,, Ernakulam, Kerala, pin: 682020\",\n              \"em\": \"\",\n              \"lastUpdatedDate\": \"NA\",\n              \"mb\": \"\"\n            }\n          ],\n          \"cxdt\": \"\",\n          \"nba\": [\n            \"Office / Sale Office\",\n            \"Retail Business\",\n            \"Warehouse / Depot\"\n          ],\n          \"gstin\": \"27AAATW4183C2ZG\",\n          \"lstupdt\": \"11/12/2023\",\n          \"rgdt\": \"01/07/2017\",\n          \"ctb\": \"proprietorship\",\n          \"pradr\": {\n            \"addr\": \"NA\",\n            \"ntr\": \"Office / Sale Office\",\n            \"adr\": \"1, 29/1338, CHANDRIKA CHAMBERS, S.A.ROAD, VYTTILA, Ernakulam, Kerala, pin: 682019\",\n            \"em\": \"\",\n            \"lastUpdatedDate\": \"NA\",\n            \"mb\": \"\"\n          },\n          \"ctjCd\": \"TI0405\",\n          \"tradeNam\": \"Incred\",\n          \"sts\": \"Active\",\n          \"ctj\": \"ERNAKULAM RANGE-5\",\n          \"einvoiceStatus\": \"Yes\",\n          \"mbr\": [],\n          \"canFlag\": \"NA\",\n          \"cmpRt\": \"NA\",\n          \"contacted\": {\n            \"email\": null,\n            \"mobNum\": null,\n            \"name\": null\n          },\n          \"ppr\": \"NA\"\n        },\n        \"statusCode\": 101\n      }\n    }\n  },\n  {\n    \"title\": \"[GET /karza/gst/returns/3930082922871068A/BEFPH3997H] Response — HTTP 200\",\n    \"value\": {\n      \"transactionId\": \"afa757cdf2345867c63c9362b672515e\",\n      \"cacheHit\": false,\n      \"status\": true,\n 
[...]
          "beforeHooks": [
            {
              "title": "\"before all\" hook in \"penny  Testing\"",
              "fullTitle": "penny  Testing \"before all\" hook in \"penny  Testing\"",
              "timedOut": false,
              "duration": 2500,
              "state": null,
              "speed": null,
              "pass": false,
              "fail": false,
              "pending": false,
              "context": null,
              "code": "await delay(2500); // Wait 2.5 seconds before starting this describe block",
              "err": {},
              "uuid": "1914bc32-8410-4c11-8fb3-647a0a1448ac",
              "parentUUID": "16b372dd-d398-4b09-902e-01fded062850",
              "isHook": true,
              "skipped": false
            }
          ],
          "afterHooks": [],
          "tests": [
            {
              "title": "Check response is not empty",
              "fullTitle": "penny  Testing Check response is not empty",
              "timedOut": false,
              "duration": 402,
              "state": "failed",
              "speed": null,
              "pass": false,
              "fail": true,
              "pending": false,
              "context": "{\n  \"title\": \"[GET /embedded-lending/banking/status/3930082922871068A/] Response — HTTP 404\",\n  \"value\": {\n    \"message\": \"Cannot GET /embedded-lending/banking/status/3930082922871068A/\",\n    \"error\": \"Not Found\",\n    \"statusCode\": 404\n  }\n}",
              "code": "appdb = await CommonAPI.getApplicationDetailsFromDb(app_id);\nif (appdb.body.application.SANCTION_DETAIL.TYPE === \"L0_V2\") {\n    const { additionaldetailsres, PayLoad } = cres;\n    const sentAdditionalData = PayLoad.additional_partner_data;\n    bankcode = BankingStatusresponse.body.response.bank_code;\n    bankname = BankingStatusresponse.body.response.bank_name;\n    accountnumer = (BankingStatusresponse.body.response.account_num || '').replace(/X/g, '1');\n    res = await CommonAPI.pennyOLAAPI(app_id, bankcode, bankname, accountnumer,ifsc);\n    //verifying mismatch account number error message for L0_V2 offer in pennny we have to pass sms details account number if data is not there then it will allow random account number and ifsc\n    await MessgaesVerification.verifyErrorMessages(res, null, null, null);\n    //again calling penny to verifying successful message by passing correct ifsc and account number from sms details for L0_V2 offer\n    res = await CommonAPI.pennyOLAAPI(app_id, bankcode, bankname, accountnumer,ifsc);\n      attachInitResponseToContext(this, res);\n}\nelse if ((appdb.body.application.SANCTION_DETAIL.TYPE === \"L0\")) {\n    //if it is L0 offer then passing random account number and ifsc to get success message\n    bankcode = BankingStatusresponse.body.response.bank_code;\n    bankname = BankingStatusresponse.body.response.bank_name;\n    accountnumer = (BankingStatusresponse.body.response.account_num || '').replace(/X/g, '1');\n    res = await CommonAPI.pennyOLAAPI(app_id, bankcode, bankname, accountnumer,ifsc);\n       attachInitResponseToContext(this, res);\n}\nelse if (appdb.body.application.SANCTION_DETAIL.TYPE === \"L1\") {\n    bankcode = BankingStatusresponse.body.response.bank_code;\n    bankname = BankingStatusresponse.body.response.bank_name;\n    accountnumer = (BankingStatusresponse.body.response.account_num || '').replace(/X/g, '1');\n    res = await CommonAPI.pennyOLAAPI(app_id, bankcode, bankname, accountnumer,ifsc);\n       attachInitResponseToContext(this, res);\n}",
              "err": {
                "message": "TypeError: Cannot read properties of undefined (reading 'TYPE')",
                "estack": "TypeError: Cannot read properties of undefined (reading 'TYPE')\n    at Context.<anonymous> (file:///Users/anirudhpenumaka/pl-api-automation/Embedded/test/E2E_Embedded_Sanity.js:2372:52)\n    at process.processTicksAndRejections (node:internal/process/task_queues:95:5)",
                "diff": null
              },
              "uuid": "073e05f5-cc57-44e9-b9b8-9eeeb2da724f",
              "parentUUID": "16b372dd-d398-4b09-902e-01fded062850",
              "isHook": false,
              "skipped": false
            },
            {
              "title": "Check response is not empty",
              "fullTitle": "penny  Testing Check response is not empty",
              "timedOut": false,
              "duration": 0,
              "state": "failed",
              "speed": null,
              "pass": false,
              "fail": true,
              "pending": false,
              "context": null,
              "code": "expect(res.body).to.not.be.empty;\n        expect(res.body.status).equals('success');\n        expect(res.body.statusCode).equals(200);\n         expect(res.body.response.transactionId).to.exist;\n         pennytxnid = res.body.response.transactionId;",
              "err": {
                "message": "AssertionError: expected 'failure' to equal 'success'",
                "estack": "AssertionError: expected 'failure' to equal 'success'\n    at Context.<anonymous> (file:///Users/anirudhpenumaka/pl-api-automation/Embedded/test/E2E_Embedded_Sanity.js:2406:33)\n    at process.processImmediate (node:internal/timers:478:21)",
                "diff": "- failure\n+ success\n"
              },
              "uuid": "047c857e-cc12-42cd-a6ed-f1175a712901",
              "parentUUID": "16b372dd-d398-4b09-902e-01fded062850",
              "isHook": false,
              "skipped": false
            }
          ],
          "suites": [],
          "passes": [],
          "failures": [
            "073e05f5-cc57-44e9-b9b8-9eeeb2da724f",
            "047c857e-cc12-42cd-a6ed-f1175a712901"
          ],
          "pending": [],
          "skipped": [],
          "duration": 402,
          "root": false,
          "rootEmpty": false,
          "_timeout": 70000
        },
        {
          "uuid": "fa675381-6269-4f15-bf15-1a0ef38ecb62",
          "title": "Penny Status",
          "fullFile": "/Users/anirudhpenumaka/pl-api-automation/Embedded/test/E2E_Embedded_Sanity.js",
          "file": "/test/E2E_Embedded_Sanity.js",
          "beforeHooks": [],
          "afterHooks": [],
          "tests": [
            {
              "title": "Check response is not empty",
              "fullTitle": "Penny Status Check response is not empty",
              "timedOut": false,
              "duration": 61701,
              "state": "passed",
              "speed": "slow",
              "pass": true,
              "fail": false,
              "pending": false,
              "context": "[\n  {\n    \"title\": \"API Response — HTTP 404\",\n    \"value\": {\n      \"message\": \"Cannot GET /embedded-lending/banking/penny-testing/status/3930082922871068A/\",\n      \"error\": \"Not Found\",\n      \"statusCode\": 404\n    }\n  },\n  {\n    \"title\": \"API Response — HTTP 404\",\n    \"value\": {\n      \"message\": \"Cannot GET /embedded-lending/banking/penny-testing/status/3930082922871068A/\",\n      \"error\": \"Not Found\",\n      \"statusCode\": 404\n    }\n  },\n  {\n    \"title\": \"API Response — HTTP 404\",\n    \"value\": {\n      \"message\": \"Cannot GET /embedded-lending/banking/penny-testing/status/3930082922871068A/\",\n      \"error\": \"Not Found\",\n      \"statusCode\": 404\n    }\n  },\n  {\n    \"title\": \"API Response — HTTP 404\",\n    \"value\": {\n      \"message\": \"Cannot GET /embedded-lending/banking/penny-testing/status/3930082922871068A/\",\n      \"error\": \"Not Found\",\n      \"statusCode\": 404\n    }\n  },\n  {\n    \"title\": \"API Response — HTTP 404\",\n    \"value\": {\n      \"message\": \"Cannot GET /embedded-lending/banking/penny-testing/status/3930082922871068A/\",\n      \"error\": \"Not Found\",\n      \"statusCode\": 404\n    }\n  },\n  {\n    \"title\": \"API Response — HTTP 404\",\n    \"value\": {\n      \"message\": \"Cannot GET /embedded-lending/banking/penny-testing/status/3930082922871068A/\",\n      \"error\": \"Not Found\",\n      \"statusCode\": 404\n    }\n  },\n  {\n    \"title\": \"API Response — HTTP 404\",\n    \"value\": {\n      \"message\": \"Cannot GET /embedded-lending/banking/penny-testing/status/3930082922871068A/\",\n      \"error\": \"Not Found\",\n      \"statusCode\": 404\n    }\n  },\n  {\n    \"title\": \"API Response — HTTP 404\",\n    \"value\": {\n      \"message\": \"Cannot GET /embedded-lending/banking/penny-testing/status/3930082922871068A/\",\n      \"error\": \"Not Found\",\n      \"statusCode\": 404\n    }\n  },\n  {\n    \"title\": \"API Response — HTTP 404\",\n    \"value\": {\n      \"message\": \"Cannot GET /embedded-lending/banking/penny-testing/status/3930082922871068A/\",\n      \"error\": \"Not Found\",\n      \"statusCode\": 404\n    }\n  },\n  {\n    \"title\": \"API Response — HTTP 404\",\n    \"value\": {\n      \"message\": \"Cannot GET /embedded-lending/banking/penny-testing/status/3930082922871068A/\",\n      \"error\": \"Not Found\",\n      \"statusCode\": 404\n    }\n  },\n  {\n    \"title\": \"API Response — HTTP 404\",\n    \"value\": {\n      \"message\": \"Cannot GET /embedded-lending/banking/penny-testing/status/3930082922871068A/\",\n      \"error\": \"Not Found\",\n      \"statusCode\": 404\n    }\n  },\n  {\n    \"title\": \"API Response — HTTP 404\",\n    \"value\": {\n      \"message\": \"Cannot GET /embedded-lending/banking/penny-testing/status/3930082922871068A/\",\n      \"error\": \"Not Found\",\n      \"statusCode\": 404\n    }\n  },\n  {\n    \"title\": \"API Response — HTTP 404\",\n    \"value\": {\n      \"message\": \"Cannot GET /embedded-lending/banking/penny-testing/status/3930082922871068A/\",\n      \"error\": \"Not Found\",\n      \"statusCode\": 404\n    }\n  },\n  {\n    \"title\": \"[GET /embedded-lending/banking/penny-testing/status/3930082922871068A/] Response — HTTP 404\",\n    \"value\": {\n      \"message\": \"Cannot GET /embedded-lending/banking/penny-testing/status/3930082922871068A/\",\n      \"error\": \"Not Found\",\n      \"statusCode\": 404\n    }\n  },\n  {\n    \"title\": \"[GET /embedded-lending/banking/penny-testing/status/3930082922871068A/] Response — HTTP 404\",\n    \"value\": {\n      \"message\": \"Cannot GET /embedded-lending/banking/penny-testing/status/3930082922871068A/\",\n      \"error\": \"Not Found\",\n      \"statusCode\": 404\n    }\n  },\n  {\n    \"title\": \"[GET /embedded-lending/banking/status/3930082922871068A/] Response — HTTP 404\",\n    \"value\": {\n      \"message\": \"Cannot GET /embedded-lending/banking/status/3930082922871068A/\",\n      \"error\": \"Not Found\",\n      \"statusCode\": 404\n    }\n  },\n  {\n    \"title\": \"[GET /embedded-lending/banking/penny-testing/status/3930082922871068A/] Response — HTTP 404\",\n    \"value\": {\n      \"message\": \"Cannot GET /embedded-lending/banking/penny-testing/status/3930082922871068A/\",\n      \"error\": \"Not Found\",\n      \"statusCode\": 404\n    }\n  },\n  {\n    \"title\": \"[GET /embedded-lending/banking/status/3930082922871068A/] Response — HTTP 404\",\n    \"value\": {\n      \"message\": \"Cannot GET /embedded-lending/banking/status/3930082922871068A/\",\n      \"error\": \"Not Found\",\n      \"statusCode\": 404\n    }\n  },\n  {\n    \"title\": \"[GET /embedded-lending/banking/penny-testing/status/3930082922871068A/] Response — HTTP 404\",\n    \"value\": {\n      \"message\": \"Cannot GET /embedded-lending/banking/penny-testing/status/3930082922871068A/\",\n      \"error\": \"Not Found\",\n      \"statusCode\": 404\n    }\n  },\n  {\n    \"title\": \"[GET /embedded-lending/banking/status/3930082922871068A/] Response — HTTP 404\",\n    \"value\": {\n      \"message\": \"Cannot GET /embedded-lending/banking/status/3930082922871068A/\",\n      \"error\": \"Not Found\",\n      \"statusCode\": 404\n    }\n  },\n  {\n    \"title\": \"[GET /embedded-lending/banking/penny-testing/status/3930082922871068A/] Response — HTTP 404\",\n    \"value\": {\n      \"message\": \"Cannot GET /embedded-lending/banking/penny-testing/status/3930082922871068A/\",\n      \"error\": \"Not Found\",\n      \"statusCode\": 404\n    }\n  },\n  {\n    \"title\": \"[GET /embedded-lending/banking/status/3930082922871068A/] Response — HTTP 404\",\n    \"value\": {\n      \"message\": \"Cannot GET /embedded-lending/banking/status/3930082922871068A/\",\n      \"error\": \"Not Found\",\n      \"statusCode\": 404\n    }\n  },\n  {\n    \"title\": \"[GET /embedded-lending/banking/penny-testing/status/3930082922871068A/] Response — HTTP 404\",\n    \"value\": {\n      \"message\": \"Cannot GET /embedded-lending/banking/penny-testing/status/3930082922871068A/\",\n      \"error\": \"Not Found\",\n      \"statusCode\": 404\n    }\n  },\n  {\n    \"title\": \"[GET /embedded-lending/banking/status/3930082922871068A/] Response — HTTP 404\",\n    \"value\": {\n      \"message\": \"Cannot GET /embedded-lending/banking/status/3930082922871068A/\",\n      \"error\": \"Not Found\",\n      \"statusCode\": 404\n    }\n  },\n  {\n    \"title\": \"[GET /embedded-lending/banking/penny-testing/status/3930082922871068A/] Response — HTTP 404\",\n    \"value\": {\n      \"message\": \"Cannot GET /embedded-lending/banking/penny-testing/status/3930082922871068A/\",\n      \"error\": \"Not Found\",\n      \"statusCode\": 404\n    }\n  },\n  {\n    \"title\": \"[GET /embedded-lending/banking/penny-testing/status/3930082922871068A/] Response — HTTP 404\",\n    \"value\": {\n      \"message\": \"Cannot GET /embedded-lending/banking/penny-testing/status/3930082922871068A/\",\n      \"error\": \"Not Found\",\n      \"statusCode\": 404\n    }\n  },\n  {\n    \"title\": \"[GET /embedded-lending/banking/status/3930082922871068A/] Response — HTTP 404\",\n    \"value\": {\n      \"message\": \"Cannot GET /embedded-lending/banking/status/3930082922871068A/\",\n      \"error\": \"Not Found\",\n      \"statusCode\": 404\n    }\n  },\n  {\n    \"title\": \"[GET /embedded-lending/banking/penny-testing/status/3930082922871068A/] Response — HTTP 404\",\n    \"value\": {\n      \"message\": \"Cannot GET /embedded-lending/banking/penny-testing/status/3930082922871068A/\",\n      \"error\": \"Not Found\",\n      \"statusCode\": 404\n    }\n  },\n  {\n    \"title\": \"[GET /embedded-lending/banking/status/3930082922871068A/] Response — HTTP 404\",\n    \"value\": {\n      \"message\": \"Cannot GET /embedded-lending/banking/status/3930082922871068A/\",\n      \"error\": \"Not Found\",\n      \"statusCode\": 404\n    }\n  },\n  {\n    \"title\": \"[GET /embedded-lending/banking/penny-testing/status/3930082922871068A/] Response — HTTP 404\",\n    \"value\": {\n      \"message\": \"Cannot GET /embedded-lending/banking/penny-testing/status/3930082922871068A/\",\n      \"error\": \"Not Found\",\n      \"statusCode\": 404\n    }\n  },\n  {\n    \"title\": \"[GET /embedded-lending/banking/status/3930082922871068A/] Response — HTTP 404\",\n    \"value\": {\n      \"message\": \"Cannot GET /embedded-lending/banking/status/3930082922871068A/\",\n      \"error\": \"Not Found\",\n      \"statusCode\": 404\n    }\n  },\n  {\n    \"title\": \"[GET /embedded-lending/banking/penny-testing/status/3930082922871068A/] Response — HTTP 404\",\n    \"value\": {\n      \"message\": \"Cannot GET /embedded-lending/banking/penny-testing/status/3930082922871068A/\",\n      \"error\": \"Not Found\",\n      \"statusCode\": 404\n    }\n  },\n  {\n    \"title\": \"[GET /embedded-lending/banking/status/3930082922871068A/] Response — HTTP 404\",\n    \"value\": {\n      \"message\": \"Cannot GET /embedded-lending/banking/status/3930082922871068A/\",\n      \"error\": \"Not Found\",\n      \"statusCode\": 404\n    }\n  },\n  {\n    \"title\": \"[GET /embedded-lending/banking/penny-testing/status/3930082922871068A/] Response — HTTP 404\",\n    \"value\": {\n      \"message\": \"Cannot GET /embedded-lending/banking/penny-testing/status/3930082922871068A/\",\n      \"error\": \"Not Found\",\n      \"statusCode\": 404\n    }\n  },\n  {\n    \"title\": \"[GET /embedded-lending/banking/status/3930082922871068A/] Response — HTTP 404\",\n    \"value\": {\n      \"message\": \"Cannot GET /embedded-lending/banking/status/3930082922871068A/\",\n      \"error\": \"Not Found\",\n      \"statusCode\": 404\n    }\n  },\n  {\n    \"title\": \"[GET /embedded-lending/banking/penny-testing/status/3930082922871068A/] Response — HTTP 404\",\n    \"value\": {\n      \"message\": \"Cannot GET /embedded-lending/banking/penny-testing/status/3930082922871068A/\",\n      \"error\": \"Not Found\",\n      \"statusCode\": 404\n    }\n  }\n]",
              "code": "this.timeout(75000); // 1 min poll + buffer\nconst pollIntervalMs = 5000;\nconst maxWaitMs = 60000;\nconst start = Date.now();\nlet lastRes;\nwhile (true) {\n    lastRes = await CommonAPI.pennyStatus(app_id, pennytxnid);\n    attachInitResponseToContext(this, lastRes);\n    const body = lastRes.body;\n    const responseStatus = body?.response?.status;\n    // Stop on any known terminal response (Completed, Retry, error, failure)\n    if (body?.status === 'error' || body?.status === 'failure') break;\n    if (responseStatus === 'Completed' || responseStatus === 'Retry') break;\n    // Unknown/no response — keep polling until timeout\n    if (Date.now() - start >= maxWaitMs) break;\n    await new Promise(r => setTimeout(r, pollIntervalMs));\n}\nres = lastRes;",
              "err": {},
              "uuid": "02d57673-21f7-4e45-af91-36877ce5cfd2",
              "parentUUID": "fa675381-6269-4f15-bf15-1a0ef38ecb62",
              "isHook": false,
              "skipped": false
            },
            {
              "title": "Check response is not empty",
              "fullTitle": "Penny Status Check response is not empty",
              "timedOut": false,
              "duration": 0,
              "state": "failed",
              "speed": null,
              "pass": false,
              "fail": true,
              "pending": false,
              "context": null,
              "code": "expect(res.body).to.not.be.empty;\nexpect(res.body.status).equals('success');\nexpect(res.body.statusCode).equals(200);\nexpect(res.body.response.status).equals('Completed');",
              "err": {
                "message": "AssertionError: expected undefined to equal 'success'",
                "estack": "AssertionError: expected undefined to equal 'success'\n    at Context.<anonymous> (file:///Users/anirudhpenumaka/pl-api-automation/Embedded/test/E2E_Embedded_Sanity.js:2443:33)\n    at process.processImmediate (node:internal/timers:478:21)",
                "diff": null
              },
              "uuid": "46b725ec-5ba0-4e4c-a8f0-0090a520e7cd",
              "parentUUID": "fa675381-6269-4f15-bf15-1a0ef38ecb62",
              "isHook": false,
              "skipped": false
            }
          ],
          "suites": [],
          "passes": [
            "02d57673-21f7-4e45-af91-36877ce5cfd2"
          ],
          "failures": [
            "46b725ec-5ba0-4e4c-a8f0-0090a520e7cd"
          ],
          "pending": [],
          "skipped": [],
          "duration": 61701,
          "root": false,
          "rootEmpty": false,
          "_timeout": 70000
        }
      ],
      "passes": [],
      "failures": [],
      "pending": [],
      "skipped": [],
      "duration": 0,
      "root": true,
      "rootEmpty": true,
      "_timeout": 70000
    }
  ],
  "meta": {
    "mocha": {
      "version": "10.8.2"
    },
    "mochawesome": {
      "options": {
        "quiet": false,
        "reportFilename": "mochawesome",
        "saveHtml": true,
        "saveJson": true,
        "consoleReporter": "spec",
        "useInlineDiffs": false,
        "code": true
      },
      "version": "7.1.4"
    },
    "marge": {
      "options": {
        "configFile": "mocha-reporters.config.json"
      },
      "version": "6.3.2"
    }
  }
}